2014-11-16 12:11:42 - Error:{RoErr::Bash::ExeErr} err cmd: gradle build

BUILD FAILED

Total time: 3.359 secs


FAILURE: Build failed with an exception.

* What went wrong:
A problem occurred configuring root project 'ro-idea'.
> Could not resolve all dependencies for configuration ':classpath'.
   > Could not find ro-gradle:ro-gradle:1.0.
     Searched in the following locations:
         file:/home/roroco/Dropbox/jvs/ro-gradle/build/libs/ro-gradle-1.0.jar
         file:/home/roroco/Dropbox/jvs/ro-gradle/build/libs/ro-gradle.jar
     Required by:
         :ro-idea:unspecified

* Try:
Run with --stacktrace option to get the stack trace. Run with --info or --debug option to get more log output.


2014-11-16 12:11:42 - Backtrace:
2014-11-16 12:11:42 - /home/roroco/Dropbox/rbs/ro_cmds/lib/bash.rb:135:in `_bash'
/home/roroco/Dropbox/rbs/ro_cmds/lib/bash.rb:182:in `bash'
/home/roroco/Dropbox/rbs/ro_r4j/lib/ro_cmds/gd.rb:27:in `g'
/home/roroco/Dropbox/rbs/ro_r4j/lib/ro_cmds/gd.rb:21:in `block in build'
/home/roroco/Dropbox/rbs/ro_cmds/lib/pj/misc.rb:14:in `tmply_cd'
/home/roroco/Dropbox/rbs/ro_r4j/lib/ro_cmds/gd.rb:20:in `build'
/home/roroco/Dropbox/rbs/ro_r4j/lib/ro_cmds/gd.rb:14:in `ro_idea'
/home/roroco/Dropbox/rbs/ro_cmds/lib/ro_helper/cmds/kls.rb:51:in `start'
/home/roroco/Dropbox/rbs/ro_pl/lib/ro_cell/pl/sv.rb:194:in `handle_rq'
/home/roroco/Dropbox/rbs/ro_pl/lib/ro_cell/pl/sv.rb:118:in `block (2 levels) in start'
/home/roroco/Dropbox/rbs/ro_pl/lib/ro_cell/forker.rb:26:in `block in create_process'
/home/roroco/Dropbox/rbs/ro_pl/lib/ro_cell/forker.rb:24:in `fork'
/home/roroco/Dropbox/rbs/ro_pl/lib/ro_cell/forker.rb:24:in `create_process'
/home/roroco/Dropbox/rbs/ro_pl/lib/ro_cell/forker.rb:11:in `initialize'
/home/roroco/Dropbox/rbs/ro_pl/lib/ro_helper/process.rb:42:in `new'
/home/roroco/Dropbox/rbs/ro_pl/lib/ro_helper/process.rb:42:in `ro_fork'
/home/roroco/Dropbox/rbs/ro_pl/lib/ro_cell/pl/sv.rb:111:in `block in start'
/home/roroco/Dropbox/rbs/ro_pl/lib/ro_cell/pl/sv.rb:102:in `loop'
/home/roroco/Dropbox/rbs/ro_pl/lib/ro_cell/pl/sv.rb:102:in `start'
/home/roroco/Dropbox/rbs/ro_pl/lib/ro_cell/pl/sv.rb:46:in `restart'
/home/roroco/Dropbox/rbs/ro_cmds/lib/ro_helper/cmds/kls/meta.rb:135:in `block (2 levels) in delegate_ins_meth'
/home/roroco/Dropbox/rbs/ro_cmds/lib/ro_helper/cmds/kls.rb:51:in `start'
/home/roroco/Dropbox/rbs/ro_cmds/lib/ro_cmds_runner.rb:31:in `start'
/home/roroco/Dropbox/rbs/ro_cmds/lib/ro_cmds_bin.rb:2:in `<top (required)>'
/home/roroco/Dropbox/rbs/ro_cmds/bin/ro:2:in `load'
/home/roroco/Dropbox/rbs/ro_cmds/bin/ro:2:in `<top (required)>'
/home/roroco/.rbenv/versions/2.1.2/lib/ruby/gems/2.1.0/bin/ro:23:in `load'
/home/roroco/.rbenv/versions/2.1.2/lib/ruby/gems/2.1.0/bin/ro:23:in `<main>'
2014-11-16 12:13:10 - Error:{RoErr::Bash::ExeErr} err cmd: gradle build

BUILD FAILED

Total time: 6.109 secs


FAILURE: Build failed with an exception.

* What went wrong:
A problem occurred configuring root project 'ro-idea'.
> Could not resolve all dependencies for configuration ':classpath'.
   > Could not find ro-gradle:ro-gradle:1.0.
     Searched in the following locations:
         file:/home/roroco/Dropbox/jvs/ro-gradle/build/libs/ro-gradle-1.0.jar
         file:/home/roroco/Dropbox/jvs/ro-gradle/build/libs/ro-gradle.jar
     Required by:
         :ro-idea:unspecified

* Try:
Run with --stacktrace option to get the stack trace. Run with --info or --debug option to get more log output.


2014-11-16 12:13:10 - Backtrace:
2014-11-16 12:13:10 - /home/roroco/Dropbox/rbs/ro_cmds/lib/bash.rb:135:in `_bash'
/home/roroco/Dropbox/rbs/ro_cmds/lib/bash.rb:182:in `bash'
/home/roroco/Dropbox/rbs/ro_r4j/lib/ro_cmds/gd.rb:30:in `g'
/home/roroco/Dropbox/rbs/ro_r4j/lib/ro_cmds/gd.rb:22:in `block in build'
/home/roroco/Dropbox/rbs/ro_cmds/lib/pj/misc.rb:14:in `tmply_cd'
/home/roroco/Dropbox/rbs/ro_r4j/lib/ro_cmds/gd.rb:21:in `build'
/home/roroco/Dropbox/rbs/ro_r4j/lib/ro_cmds/gd.rb:15:in `ro_idea'
/home/roroco/Dropbox/rbs/ro_cmds/lib/ro_helper/cmds/kls.rb:51:in `start'
/home/roroco/Dropbox/rbs/ro_pl/lib/ro_cell/pl/sv.rb:194:in `handle_rq'
/home/roroco/Dropbox/rbs/ro_pl/lib/ro_cell/pl/sv.rb:118:in `block (2 levels) in start'
/home/roroco/Dropbox/rbs/ro_pl/lib/ro_cell/forker.rb:26:in `block in create_process'
/home/roroco/Dropbox/rbs/ro_pl/lib/ro_cell/forker.rb:24:in `fork'
/home/roroco/Dropbox/rbs/ro_pl/lib/ro_cell/forker.rb:24:in `create_process'
/home/roroco/Dropbox/rbs/ro_pl/lib/ro_cell/forker.rb:11:in `initialize'
/home/roroco/Dropbox/rbs/ro_pl/lib/ro_helper/process.rb:42:in `new'
/home/roroco/Dropbox/rbs/ro_pl/lib/ro_helper/process.rb:42:in `ro_fork'
/home/roroco/Dropbox/rbs/ro_pl/lib/ro_cell/pl/sv.rb:111:in `block in start'
/home/roroco/Dropbox/rbs/ro_pl/lib/ro_cell/pl/sv.rb:102:in `loop'
/home/roroco/Dropbox/rbs/ro_pl/lib/ro_cell/pl/sv.rb:102:in `start'
/home/roroco/Dropbox/rbs/ro_pl/lib/ro_cell/pl/sv.rb:46:in `restart'
/home/roroco/Dropbox/rbs/ro_cmds/lib/ro_helper/cmds/kls/meta.rb:135:in `block (2 levels) in delegate_ins_meth'
/home/roroco/Dropbox/rbs/ro_cmds/lib/ro_helper/cmds/kls.rb:51:in `start'
/home/roroco/Dropbox/rbs/ro_cmds/lib/ro_cmds_runner.rb:31:in `start'
/home/roroco/Dropbox/rbs/ro_cmds/lib/ro_cmds_bin.rb:2:in `<top (required)>'
/home/roroco/Dropbox/rbs/ro_cmds/bin/ro:2:in `load'
/home/roroco/Dropbox/rbs/ro_cmds/bin/ro:2:in `<top (required)>'
/home/roroco/.rbenv/versions/2.1.2/lib/ruby/gems/2.1.0/bin/ro:23:in `load'
/home/roroco/.rbenv/versions/2.1.2/lib/ruby/gems/2.1.0/bin/ro:23:in `<main>'
2014-11-16 12:15:48 - Error:{RoErr::Bash::ExeErr} err cmd: gradle build

BUILD FAILED

Total time: 10.694 secs


FAILURE: Build failed with an exception.

* Where:
Build file '/home/roroco/Dropbox/jvs/ro-idea/build.gradle' line: 98

* What went wrong:
A problem occurred evaluating root project 'ro-idea'.
> Could not find property 'pj' on task ':cpToClip'.

* Try:
Run with --stacktrace option to get the stack trace. Run with --info or --debug option to get more log output.


2014-11-16 12:15:48 - Backtrace:
2014-11-16 12:15:48 - /home/roroco/Dropbox/rbs/ro_cmds/lib/bash.rb:135:in `_bash'
/home/roroco/Dropbox/rbs/ro_cmds/lib/bash.rb:182:in `bash'
/home/roroco/Dropbox/rbs/ro_r4j/lib/ro_cmds/gd.rb:36:in `g'
/home/roroco/Dropbox/rbs/ro_r4j/lib/ro_cmds/gd.rb:28:in `block in build'
/home/roroco/Dropbox/rbs/ro_cmds/lib/pj/misc.rb:14:in `tmply_cd'
/home/roroco/Dropbox/rbs/ro_r4j/lib/ro_cmds/gd.rb:27:in `build'
/home/roroco/Dropbox/rbs/ro_r4j/lib/ro_cmds/gd.rb:21:in `ro_idea_release'
/home/roroco/Dropbox/rbs/ro_cmds/lib/ro_helper/cmds/kls.rb:51:in `start'
/home/roroco/Dropbox/rbs/ro_pl/lib/ro_cell/pl/sv.rb:194:in `handle_rq'
/home/roroco/Dropbox/rbs/ro_pl/lib/ro_cell/pl/sv.rb:118:in `block (2 levels) in start'
/home/roroco/Dropbox/rbs/ro_pl/lib/ro_cell/forker.rb:26:in `block in create_process'
/home/roroco/Dropbox/rbs/ro_pl/lib/ro_cell/forker.rb:24:in `fork'
/home/roroco/Dropbox/rbs/ro_pl/lib/ro_cell/forker.rb:24:in `create_process'
/home/roroco/Dropbox/rbs/ro_pl/lib/ro_cell/forker.rb:11:in `initialize'
/home/roroco/Dropbox/rbs/ro_pl/lib/ro_helper/process.rb:42:in `new'
/home/roroco/Dropbox/rbs/ro_pl/lib/ro_helper/process.rb:42:in `ro_fork'
/home/roroco/Dropbox/rbs/ro_pl/lib/ro_cell/pl/sv.rb:111:in `block in start'
/home/roroco/Dropbox/rbs/ro_pl/lib/ro_cell/pl/sv.rb:102:in `loop'
/home/roroco/Dropbox/rbs/ro_pl/lib/ro_cell/pl/sv.rb:102:in `start'
/home/roroco/Dropbox/rbs/ro_pl/lib/ro_cell/pl/sv.rb:46:in `restart'
/home/roroco/Dropbox/rbs/ro_cmds/lib/ro_helper/cmds/kls/meta.rb:135:in `block (2 levels) in delegate_ins_meth'
/home/roroco/Dropbox/rbs/ro_cmds/lib/ro_helper/cmds/kls.rb:51:in `start'
/home/roroco/Dropbox/rbs/ro_cmds/lib/ro_cmds_runner.rb:31:in `start'
/home/roroco/Dropbox/rbs/ro_cmds/lib/ro_cmds_bin.rb:2:in `<top (required)>'
/home/roroco/Dropbox/rbs/ro_cmds/bin/ro:2:in `load'
/home/roroco/Dropbox/rbs/ro_cmds/bin/ro:2:in `<top (required)>'
/home/roroco/.rbenv/versions/2.1.2/lib/ruby/gems/2.1.0/bin/ro:23:in `load'
/home/roroco/.rbenv/versions/2.1.2/lib/ruby/gems/2.1.0/bin/ro:23:in `<main>'
2014-11-16 12:16:49 - Error:{RoErr::Bash::ExeErr} err cmd: gradle build

BUILD FAILED

Total time: 10.724 secs


FAILURE: Build failed with an exception.

* Where:
Build file '/home/roroco/Dropbox/jvs/ro-idea/build.gradle' line: 98

* What went wrong:
A problem occurred evaluating root project 'ro-idea'.
> No such property: name for class: ro.gd.Pj

* Try:
Run with --stacktrace option to get the stack trace. Run with --info or --debug option to get more log output.


2014-11-16 12:16:49 - Backtrace:
2014-11-16 12:16:49 - /home/roroco/Dropbox/rbs/ro_cmds/lib/bash.rb:135:in `_bash'
/home/roroco/Dropbox/rbs/ro_cmds/lib/bash.rb:182:in `bash'
/home/roroco/Dropbox/rbs/ro_r4j/lib/ro_cmds/gd.rb:36:in `g'
/home/roroco/Dropbox/rbs/ro_r4j/lib/ro_cmds/gd.rb:28:in `block in build'
/home/roroco/Dropbox/rbs/ro_cmds/lib/pj/misc.rb:14:in `tmply_cd'
/home/roroco/Dropbox/rbs/ro_r4j/lib/ro_cmds/gd.rb:27:in `build'
/home/roroco/Dropbox/rbs/ro_r4j/lib/ro_cmds/gd.rb:21:in `ro_idea_release'
/home/roroco/Dropbox/rbs/ro_cmds/lib/ro_helper/cmds/kls.rb:51:in `start'
/home/roroco/Dropbox/rbs/ro_pl/lib/ro_cell/pl/sv.rb:194:in `handle_rq'
/home/roroco/Dropbox/rbs/ro_pl/lib/ro_cell/pl/sv.rb:118:in `block (2 levels) in start'
/home/roroco/Dropbox/rbs/ro_pl/lib/ro_cell/forker.rb:26:in `block in create_process'
/home/roroco/Dropbox/rbs/ro_pl/lib/ro_cell/forker.rb:24:in `fork'
/home/roroco/Dropbox/rbs/ro_pl/lib/ro_cell/forker.rb:24:in `create_process'
/home/roroco/Dropbox/rbs/ro_pl/lib/ro_cell/forker.rb:11:in `initialize'
/home/roroco/Dropbox/rbs/ro_pl/lib/ro_helper/process.rb:42:in `new'
/home/roroco/Dropbox/rbs/ro_pl/lib/ro_helper/process.rb:42:in `ro_fork'
/home/roroco/Dropbox/rbs/ro_pl/lib/ro_cell/pl/sv.rb:111:in `block in start'
/home/roroco/Dropbox/rbs/ro_pl/lib/ro_cell/pl/sv.rb:102:in `loop'
/home/roroco/Dropbox/rbs/ro_pl/lib/ro_cell/pl/sv.rb:102:in `start'
/home/roroco/Dropbox/rbs/ro_pl/lib/ro_cell/pl/sv.rb:46:in `restart'
/home/roroco/Dropbox/rbs/ro_cmds/lib/ro_helper/cmds/kls/meta.rb:135:in `block (2 levels) in delegate_ins_meth'
/home/roroco/Dropbox/rbs/ro_cmds/lib/ro_helper/cmds/kls.rb:51:in `start'
/home/roroco/Dropbox/rbs/ro_cmds/lib/ro_cmds_runner.rb:31:in `start'
/home/roroco/Dropbox/rbs/ro_cmds/lib/ro_cmds_bin.rb:2:in `<top (required)>'
/home/roroco/Dropbox/rbs/ro_cmds/bin/ro:2:in `load'
/home/roroco/Dropbox/rbs/ro_cmds/bin/ro:2:in `<top (required)>'
/home/roroco/.rbenv/versions/2.1.2/lib/ruby/gems/2.1.0/bin/ro:23:in `load'
/home/roroco/.rbenv/versions/2.1.2/lib/ruby/gems/2.1.0/bin/ro:23:in `<main>'
2014-11-16 12:23:41 - Error:{RoErr::Bash::ExeErr} err cmd: gradle build

BUILD FAILED

Total time: 5.477 secs


FAILURE: Build failed with an exception.

* Where:
Build file '/home/roroco/Dropbox/jvs/ro-idea/build.gradle' line: 98

* What went wrong:
A problem occurred evaluating root project 'ro-idea'.
> No such property: name for class: ro.gd.Pj

* Try:
Run with --stacktrace option to get the stack trace. Run with --info or --debug option to get more log output.


2014-11-16 12:23:41 - Backtrace:
2014-11-16 12:23:41 - /home/roroco/Dropbox/rbs/ro_cmds/lib/bash.rb:135:in `_bash'
/home/roroco/Dropbox/rbs/ro_cmds/lib/bash.rb:182:in `bash'
/home/roroco/Dropbox/rbs/ro_r4j/lib/ro_cmds/gd.rb:42:in `g'
/home/roroco/Dropbox/rbs/ro_r4j/lib/ro_cmds/gd.rb:34:in `block in build'
/home/roroco/Dropbox/rbs/ro_cmds/lib/pj/misc.rb:14:in `tmply_cd'
/home/roroco/Dropbox/rbs/ro_r4j/lib/ro_cmds/gd.rb:33:in `build'
/home/roroco/Dropbox/rbs/ro_r4j/lib/ro_cmds/gd.rb:21:in `ro_idea_release'
/home/roroco/Dropbox/rbs/ro_cmds/lib/ro_helper/cmds/kls.rb:51:in `start'
/home/roroco/Dropbox/rbs/ro_pl/lib/ro_cell/pl/sv.rb:194:in `handle_rq'
/home/roroco/Dropbox/rbs/ro_pl/lib/ro_cell/pl/sv.rb:118:in `block (2 levels) in start'
/home/roroco/Dropbox/rbs/ro_pl/lib/ro_cell/forker.rb:26:in `block in create_process'
/home/roroco/Dropbox/rbs/ro_pl/lib/ro_cell/forker.rb:24:in `fork'
/home/roroco/Dropbox/rbs/ro_pl/lib/ro_cell/forker.rb:24:in `create_process'
/home/roroco/Dropbox/rbs/ro_pl/lib/ro_cell/forker.rb:11:in `initialize'
/home/roroco/Dropbox/rbs/ro_pl/lib/ro_helper/process.rb:42:in `new'
/home/roroco/Dropbox/rbs/ro_pl/lib/ro_helper/process.rb:42:in `ro_fork'
/home/roroco/Dropbox/rbs/ro_pl/lib/ro_cell/pl/sv.rb:111:in `block in start'
/home/roroco/Dropbox/rbs/ro_pl/lib/ro_cell/pl/sv.rb:102:in `loop'
/home/roroco/Dropbox/rbs/ro_pl/lib/ro_cell/pl/sv.rb:102:in `start'
/home/roroco/Dropbox/rbs/ro_pl/lib/ro_cell/pl/sv.rb:46:in `restart'
/home/roroco/Dropbox/rbs/ro_cmds/lib/ro_helper/cmds/kls/meta.rb:135:in `block (2 levels) in delegate_ins_meth'
/home/roroco/Dropbox/rbs/ro_cmds/lib/ro_helper/cmds/kls.rb:51:in `start'
/home/roroco/Dropbox/rbs/ro_cmds/lib/ro_cmds_runner.rb:31:in `start'
/home/roroco/Dropbox/rbs/ro_cmds/lib/ro_cmds_bin.rb:2:in `<top (required)>'
/home/roroco/Dropbox/rbs/ro_cmds/bin/ro:2:in `load'
/home/roroco/Dropbox/rbs/ro_cmds/bin/ro:2:in `<top (required)>'
/home/roroco/.rbenv/versions/2.1.2/lib/ruby/gems/2.1.0/bin/ro:23:in `load'
/home/roroco/.rbenv/versions/2.1.2/lib/ruby/gems/2.1.0/bin/ro:23:in `<main>'
2014-11-16 12:25:04 - Error:{RoErr::Bash::ExeErr} err cmd: gradle build

BUILD FAILED

Total time: 6.184 secs


FAILURE: Build failed with an exception.

* Where:
Build file '/home/roroco/Dropbox/jvs/ro-idea/build.gradle' line: 9

* What went wrong:
A problem occurred evaluating root project 'ro-idea'.
> Could not find method jar() for arguments [ro-gd:ro-gd:1.0] on org.gradle.api.internal.artifacts.dsl.dependencies.DefaultDependencyHandler_Decorated@444548a0.

* Try:
Run with --stacktrace option to get the stack trace. Run with --info or --debug option to get more log output.


2014-11-16 12:25:04 - Backtrace:
2014-11-16 12:25:04 - /home/roroco/Dropbox/rbs/ro_cmds/lib/bash.rb:135:in `_bash'
/home/roroco/Dropbox/rbs/ro_cmds/lib/bash.rb:182:in `bash'
/home/roroco/Dropbox/rbs/ro_r4j/lib/ro_cmds/gd.rb:42:in `g'
/home/roroco/Dropbox/rbs/ro_r4j/lib/ro_cmds/gd.rb:34:in `block in build'
/home/roroco/Dropbox/rbs/ro_cmds/lib/pj/misc.rb:14:in `tmply_cd'
/home/roroco/Dropbox/rbs/ro_r4j/lib/ro_cmds/gd.rb:33:in `build'
/home/roroco/Dropbox/rbs/ro_r4j/lib/ro_cmds/gd.rb:21:in `ro_idea_release'
/home/roroco/Dropbox/rbs/ro_cmds/lib/ro_helper/cmds/kls.rb:51:in `start'
/home/roroco/Dropbox/rbs/ro_pl/lib/ro_cell/pl/sv.rb:194:in `handle_rq'
/home/roroco/Dropbox/rbs/ro_pl/lib/ro_cell/pl/sv.rb:118:in `block (2 levels) in start'
/home/roroco/Dropbox/rbs/ro_pl/lib/ro_cell/forker.rb:26:in `block in create_process'
/home/roroco/Dropbox/rbs/ro_pl/lib/ro_cell/forker.rb:24:in `fork'
/home/roroco/Dropbox/rbs/ro_pl/lib/ro_cell/forker.rb:24:in `create_process'
/home/roroco/Dropbox/rbs/ro_pl/lib/ro_cell/forker.rb:11:in `initialize'
/home/roroco/Dropbox/rbs/ro_pl/lib/ro_helper/process.rb:42:in `new'
/home/roroco/Dropbox/rbs/ro_pl/lib/ro_helper/process.rb:42:in `ro_fork'
/home/roroco/Dropbox/rbs/ro_pl/lib/ro_cell/pl/sv.rb:111:in `block in start'
/home/roroco/Dropbox/rbs/ro_pl/lib/ro_cell/pl/sv.rb:102:in `loop'
/home/roroco/Dropbox/rbs/ro_pl/lib/ro_cell/pl/sv.rb:102:in `start'
/home/roroco/Dropbox/rbs/ro_pl/lib/ro_cell/pl/sv.rb:46:in `restart'
/home/roroco/Dropbox/rbs/ro_cmds/lib/ro_helper/cmds/kls/meta.rb:135:in `block (2 levels) in delegate_ins_meth'
/home/roroco/Dropbox/rbs/ro_cmds/lib/ro_helper/cmds/kls.rb:51:in `start'
/home/roroco/Dropbox/rbs/ro_cmds/lib/ro_cmds_runner.rb:31:in `start'
/home/roroco/Dropbox/rbs/ro_cmds/lib/ro_cmds_bin.rb:2:in `<top (required)>'
/home/roroco/Dropbox/rbs/ro_cmds/bin/ro:2:in `load'
/home/roroco/Dropbox/rbs/ro_cmds/bin/ro:2:in `<top (required)>'
/home/roroco/.rbenv/versions/2.1.2/lib/ruby/gems/2.1.0/bin/ro:23:in `load'
/home/roroco/.rbenv/versions/2.1.2/lib/ruby/gems/2.1.0/bin/ro:23:in `<main>'
2014-11-16 12:25:21 - Error:{RoErr::Bash::ExeErr} err cmd: gradle build

BUILD FAILED

Total time: 7.519 secs


FAILURE: Build failed with an exception.

* Where:
Build file '/home/roroco/Dropbox/jvs/ro-idea/build.gradle' line: 98

* What went wrong:
A problem occurred evaluating root project 'ro-idea'.
> No such property: name for class: ro.gd.Pj

* Try:
Run with --stacktrace option to get the stack trace. Run with --info or --debug option to get more log output.


2014-11-16 12:25:21 - Backtrace:
2014-11-16 12:25:21 - /home/roroco/Dropbox/rbs/ro_cmds/lib/bash.rb:135:in `_bash'
/home/roroco/Dropbox/rbs/ro_cmds/lib/bash.rb:182:in `bash'
/home/roroco/Dropbox/rbs/ro_r4j/lib/ro_cmds/gd.rb:42:in `g'
/home/roroco/Dropbox/rbs/ro_r4j/lib/ro_cmds/gd.rb:34:in `block in build'
/home/roroco/Dropbox/rbs/ro_cmds/lib/pj/misc.rb:14:in `tmply_cd'
/home/roroco/Dropbox/rbs/ro_r4j/lib/ro_cmds/gd.rb:33:in `build'
/home/roroco/Dropbox/rbs/ro_r4j/lib/ro_cmds/gd.rb:21:in `ro_idea_release'
/home/roroco/Dropbox/rbs/ro_cmds/lib/ro_helper/cmds/kls.rb:51:in `start'
/home/roroco/Dropbox/rbs/ro_pl/lib/ro_cell/pl/sv.rb:194:in `handle_rq'
/home/roroco/Dropbox/rbs/ro_pl/lib/ro_cell/pl/sv.rb:118:in `block (2 levels) in start'
/home/roroco/Dropbox/rbs/ro_pl/lib/ro_cell/forker.rb:26:in `block in create_process'
/home/roroco/Dropbox/rbs/ro_pl/lib/ro_cell/forker.rb:24:in `fork'
/home/roroco/Dropbox/rbs/ro_pl/lib/ro_cell/forker.rb:24:in `create_process'
/home/roroco/Dropbox/rbs/ro_pl/lib/ro_cell/forker.rb:11:in `initialize'
/home/roroco/Dropbox/rbs/ro_pl/lib/ro_helper/process.rb:42:in `new'
/home/roroco/Dropbox/rbs/ro_pl/lib/ro_helper/process.rb:42:in `ro_fork'
/home/roroco/Dropbox/rbs/ro_pl/lib/ro_cell/pl/sv.rb:111:in `block in start'
/home/roroco/Dropbox/rbs/ro_pl/lib/ro_cell/pl/sv.rb:102:in `loop'
/home/roroco/Dropbox/rbs/ro_pl/lib/ro_cell/pl/sv.rb:102:in `start'
/home/roroco/Dropbox/rbs/ro_pl/lib/ro_cell/pl/sv.rb:46:in `restart'
/home/roroco/Dropbox/rbs/ro_cmds/lib/ro_helper/cmds/kls/meta.rb:135:in `block (2 levels) in delegate_ins_meth'
/home/roroco/Dropbox/rbs/ro_cmds/lib/ro_helper/cmds/kls.rb:51:in `start'
/home/roroco/Dropbox/rbs/ro_cmds/lib/ro_cmds_runner.rb:31:in `start'
/home/roroco/Dropbox/rbs/ro_cmds/lib/ro_cmds_bin.rb:2:in `<top (required)>'
/home/roroco/Dropbox/rbs/ro_cmds/bin/ro:2:in `load'
/home/roroco/Dropbox/rbs/ro_cmds/bin/ro:2:in `<top (required)>'
/home/roroco/.rbenv/versions/2.1.2/lib/ruby/gems/2.1.0/bin/ro:23:in `load'
/home/roroco/.rbenv/versions/2.1.2/lib/ruby/gems/2.1.0/bin/ro:23:in `<main>'
2014-11-16 16:34:00 - Error:{RoErr::Bash::ExeErr} err cmd: gradle build
PK
   �`pE           	   META-INF/ PK
   �`pE��         META-INF/MANIFEST.MF�M��LK-.�K-*��ϳR0�3���� PK
   �`pE              ro/ PK
   �XpE��anP  w     ro/Gradle.class}Q�N�@}�Z@@Dу7����Đ�Q������ښ�Y^4�`<�Q�ii8x��3�޼��O �8,@î�f9������q@���'�>!�>rj*����ql�{1v�R���pGB�8O���A>����k%���%h"�B�m��1��n�@�wʟٓ�Q@h�#�mk&���
�1o��1��'�H��`���Ѝ�����٩0�#5��d�Pq��iܸ��jm	eTx�����qx�����?A?>�M���8���Ĩu�A�|Ƞ�1�9���MF��H�	��r"l�/Sa|�bT���Z��91��|!��3i�����z��_PK
   �`pE              ro/gd/ PK
   �`pEU���R  }     ro/gd/Plugin.class}Q�N�P�Ji��(��o��=�'�!��(	����Hm�ښ�Y^4�`<�Q�mi���v���l�����9u(�U��Q���}-�bOz2����1�0�g6�bIϾ��'vx+&.Wj�?�X�2ɳb!���M+�Mgf�ؑ^��� p���凎�b�ڦ�9��=���,
�uB�m�ţ0]�9���G����(��`���05�[7�ϓ���S�J&;��Ӥ�%Bc���&*����_G��JK8�S(����<��ƙ�H�J��̏t�ŴXB��� 0n0Rb%_�|,�T�X|f��U��z�-jY�3�$,�s����yвV9l�q��PK
   �`pE��
��  �     ro/gd/Pj.classu��N�@ƿqLLC�RZ���B�����,�H��&�ܵ/Z��J�U9� <b�	i��V��~�o���[ ���Ь���KX�+��ذ٦�7���j���4
�
�F'�0?$���L�G����D;}�{�G��,:�"�MR��C=�i_e�i�Ϳ����Q�Mx�k��	��N��+�2��^nT��L�yP���Fe)^7ٳR�|,��὏��ᓏϨ��B�����P��>X��R�>����xe�gl�2<��N���`g�|ͻr=1��x�m��2���c�K�,q�������P{���\9X��Z��ee�;+\5'jTQ��R��ԧ̃����p��D���[..kΟ�8���?��	d��И#��Q�� PK
   �`pE0���  �     ro/gd/Task.classuQMO�@}�B�������{1^0ƨ�Ԩ	ƄxZ��b���^�h�������A�af���7o���o v�SǬ�92�
"����`K2�e�0����0D���t��L��a�̳n�bz����6�*w��g�{J~��0����VM���"C�� Lˇ�E�0��;u��f4��޲����-�����j�&��QRJn׫���p�=wKE
C����U�	p�!5�9�4̪/cCE��6�ΐu=K�<^sL��m�ļ�]����/<W<'&�7Dk�p^��&V,Sǣ`[ڵ1��u�$2�H�E�ĜG�Sf�G
=�:D�R���1�j��q$)�*0>�Ĉ�H���h�����CC��Hc2�8�D|�I�)G�KO�k��L�j������?�	PK
   �`pE              META-INF/gradle-plugins/ PK
   �`pE���$   "   (   META-INF/gradle-plugins/ro-gd.properties��-�I�M�+I,����M�I,.�-��KO��)M��� PK
   Q�oE           
   META-INFO/ PK
   iXpE              META-INFO/gradle-plugins/ PK
   �`pE           	          �A    META-INF/PK
   �`pE��                 ��)   META-INF/MANIFEST.MFPK
   �`pE                     �Av   ro/PK
   �XpE��anP  w             ���   ro/Gradle.classPK
   �`pE                     �A  ro/gd/PK
   �`pEU���R  }             ��<  ro/gd/Plugin.classPK
   �`pE��
��  �             ���  ro/gd/Pj.classPK
   �`pE0���  �             ��v  ro/gd/Task.classPK
   �`pE                     �A/  META-INF/gradle-plugins/PK
   �`pE���$   "   (           ��g  META-INF/gradle-plugins/ro-gd.propertiesPK
   Q�oE           
          �A�  META-INFO/PK
   iXpE                     �A�  META-INFO/gradle-plugins/PK      �  4    

BUILD FAILED

Total time: 6.35 secs


FAILURE: Build failed with an exception.

* Where:
Build file '/home/roroco/Dropbox/jvs/ro-idea/build.gradle' line: 104

* What went wrong:
A problem occurred evaluating root project 'ro-idea'.
> No such property: name for class: ro.gd.Pj

* Try:
Run with --stacktrace option to get the stack trace. Run with --info or --debug option to get more log output.


2014-11-16 16:34:00 - Backtrace:
2014-11-16 16:34:00 - /home/roroco/Dropbox/rbs/ro_cmds/lib/bash.rb:135:in `_bash'
/home/roroco/Dropbox/rbs/ro_cmds/lib/bash.rb:182:in `bash'
/home/roroco/Dropbox/rbs/ro_r4j/lib/ro_cmds/gd.rb:28:in `g'
/home/roroco/Dropbox/rbs/ro_r4j/lib/ro_cmds/gd.rb:20:in `block in build'
/home/roroco/Dropbox/rbs/ro_cmds/lib/pj/misc.rb:14:in `tmply_cd'
/home/roroco/Dropbox/rbs/ro_r4j/lib/ro_cmds/gd.rb:19:in `build'
/home/roroco/Dropbox/rbs/ro_r4j/lib/ro_cmds/idea.rb:12:in `all'
/home/roroco/Dropbox/rbs/ro_cmds/lib/ro_helper/cmds/kls.rb:51:in `start'
/home/roroco/Dropbox/rbs/ro_pl/lib/ro_cell/pl/sv.rb:194:in `handle_rq'
/home/roroco/Dropbox/rbs/ro_pl/lib/ro_cell/pl/sv.rb:118:in `block (2 levels) in start'
/home/roroco/Dropbox/rbs/ro_pl/lib/ro_cell/forker.rb:26:in `block in create_process'
/home/roroco/Dropbox/rbs/ro_pl/lib/ro_cell/forker.rb:24:in `fork'
/home/roroco/Dropbox/rbs/ro_pl/lib/ro_cell/forker.rb:24:in `create_process'
/home/roroco/Dropbox/rbs/ro_pl/lib/ro_cell/forker.rb:11:in `initialize'
/home/roroco/Dropbox/rbs/ro_pl/lib/ro_helper/process.rb:42:in `new'
/home/roroco/Dropbox/rbs/ro_pl/lib/ro_helper/process.rb:42:in `ro_fork'
/home/roroco/Dropbox/rbs/ro_pl/lib/ro_cell/pl/sv.rb:111:in `block in start'
/home/roroco/Dropbox/rbs/ro_pl/lib/ro_cell/pl/sv.rb:102:in `loop'
/home/roroco/Dropbox/rbs/ro_pl/lib/ro_cell/pl/sv.rb:102:in `start'
/home/roroco/Dropbox/rbs/ro_pl/lib/ro_cell/pl/sv.rb:46:in `restart'
/home/roroco/Dropbox/rbs/ro_cmds/lib/ro_helper/cmds/kls/meta.rb:135:in `block (2 levels) in delegate_ins_meth'
/home/roroco/Dropbox/rbs/ro_cmds/lib/ro_helper/cmds/kls.rb:51:in `start'
/home/roroco/Dropbox/rbs/ro_cmds/lib/ro_cmds_runner.rb:31:in `start'
/home/roroco/Dropbox/rbs/ro_cmds/lib/ro_cmds_bin.rb:2:in `<top (required)>'
/home/roroco/Dropbox/rbs/ro_cmds/bin/ro:2:in `load'
/home/roroco/Dropbox/rbs/ro_cmds/bin/ro:2:in `<top (required)>'
/home/roroco/.rbenv/versions/2.1.2/lib/ruby/gems/2.1.0/bin/ro:23:in `load'
/home/roroco/.rbenv/versions/2.1.2/lib/ruby/gems/2.1.0/bin/ro:23:in `<main>'
2014-11-16 16:37:58 - Error:{RoErr::Bash::ExeErr} err cmd: gradle showClasspath
PK
   �`pE           	   META-INF/ PK
   �`pE��         META-INF/MANIFEST.MF�M��LK-.�K-*��ϳR0�3���� PK
   �`pE              ro/ PK
   �XpE��anP  w     ro/Gradle.class}Q�N�@}�Z@@Dу7����Đ�Q������ښ�Y^4�`<�Q�ii8x��3�޼��O �8,@î�f9������q@���'�>!�>rj*����ql�{1v�R���pGB�8O���A>����k%���%h"�B�m��1��n�@�wʟٓ�Q@h�#�mk&���
�1o��1��'�H��`���Ѝ�����٩0�#5��d�Pq��iܸ��jm	eTx�����qx�����?A?>�M���8���Ĩu�A�|Ƞ�1�9���MF��H�	��r"l�/Sa|�bT���Z��91��|!��3i�����z��_PK
   �`pE              ro/gd/ PK
   �`pEU���R  }     ro/gd/Plugin.class}Q�N�P�Ji��(��o��=�'�!��(	����Hm�ښ�Y^4�`<�Q�mi���v���l�����9u(�U��Q���}-�bOz2����1�0�g6�bIϾ��'vx+&.Wj�?�X�2ɳb!���M+�Mgf�ؑ^��� p���凎�b�ڦ�9��=���,
�uB�m�ţ0]�9���G����(��`���05�[7�ϓ���S�J&;��Ӥ�%Bc���&*����_G��JK8�S(����<��ƙ�H�J��̏t�ŴXB��� 0n0Rb%_�|,�T�X|f��U��z�-jY�3�$,�s����yвV9l�q��PK
   �`pE��
��  �     ro/gd/Pj.classu��N�@ƿqLLC�RZ���B�����,�H��&�ܵ/Z��J�U9� <b�	i��V��~�o���[ ���Ь���KX�+��ذ٦�7���j���4
�
�F'�0?$���L�G����D;}�{�G��,:�"�MR��C=�i_e�i�Ϳ����Q�Mx�k��	��N��+�2��^nT��L�yP���Fe)^7ٳR�|,��὏��ᓏϨ��B�����P��>X��R�>����xe�gl�2<��N���`g�|ͻr=1��x�m��2���c�K�,q�������P{���\9X��Z��ee�;+\5'jTQ��R��ԧ̃����p��D���[..kΟ�8���?��	d��И#��Q�� PK
   �`pE0���  �     ro/gd/Task.classuQMO�@}�B�������{1^0ƨ�Ԩ	ƄxZ��b���^�h�������A�af���7o���o v�SǬ�92�
"����`K2�e�0����0D���t��L��a�̳n�bz����6�*w��g�{J~��0����VM���"C�� Lˇ�E�0��;u��f4��޲����-�����j�&��QRJn׫���p�=wKE
C����U�	p�!5�9�4̪/cCE��6�ΐu=K�<^sL��m�ļ�]����/<W<'&�7Dk�p^��&V,Sǣ`[ڵ1��u�$2�H�E�ĜG�Sf�G
=�:D�R���1�j��q$)�*0>�Ĉ�H���h�����CC��Hc2�8�D|�I�)G�KO�k��L�j������?�	PK
   �`pE              META-INF/gradle-plugins/ PK
   �`pE���$   "   (   META-INF/gradle-plugins/ro-gd.properties��-�I�M�+I,����M�I,.�-��KO��)M��� PK
   Q�oE           
   META-INFO/ PK
   iXpE              META-INFO/gradle-plugins/ PK
   �`pE           	          �A    META-INF/PK
   �`pE��                 ��)   META-INF/MANIFEST.MFPK
   �`pE                     �Av   ro/PK
   �XpE��anP  w             ���   ro/Gradle.classPK
   �`pE                     �A  ro/gd/PK
   �`pEU���R  }             ��<  ro/gd/Plugin.classPK
   �`pE��
��  �             ���  ro/gd/Pj.classPK
   �`pE0���  �             ��v  ro/gd/Task.classPK
   �`pE                     �A/  META-INF/gradle-plugins/PK
   �`pE���$   "   (           ��g  META-INF/gradle-plugins/ro-gd.propertiesPK
   Q�oE           
          �A�  META-INFO/PK
   iXpE                     �A�  META-INFO/gradle-plugins/PK      �  4    

BUILD FAILED

Total time: 10.295 secs


FAILURE: Build failed with an exception.

* Where:
Build file '/home/roroco/Dropbox/jvs/ro-idea/build.gradle' line: 104

* What went wrong:
A problem occurred evaluating root project 'ro-idea'.
> No such property: name for class: ro.gd.Pj

* Try:
Run with --stacktrace option to get the stack trace. Run with --info or --debug option to get more log output.


2014-11-16 16:37:58 - Backtrace:
2014-11-16 16:37:58 - /home/roroco/Dropbox/rbs/ro_cmds/lib/bash.rb:135:in `_bash'
/home/roroco/Dropbox/rbs/ro_cmds/lib/bash.rb:182:in `bash'
/home/roroco/Dropbox/rbs/ro_r4j/lib/ro_cmds/gd.rb:29:in `block in g'
/home/roroco/Dropbox/rbs/ro_cmds/lib/pj/misc.rb:14:in `tmply_cd'
/home/roroco/Dropbox/rbs/ro_r4j/lib/ro_cmds/gd.rb:28:in `g'
/home/roroco/Dropbox/rbs/ro_r4j/lib/ro_cmds/idea.rb:27:in `chk'
/home/roroco/Dropbox/rbs/ro_cmds/lib/ro_helper/cmds/kls.rb:51:in `start'
/home/roroco/Dropbox/rbs/ro_pl/lib/ro_cell/pl/sv.rb:194:in `handle_rq'
/home/roroco/Dropbox/rbs/ro_pl/lib/ro_cell/pl/sv.rb:118:in `block (2 levels) in start'
/home/roroco/Dropbox/rbs/ro_pl/lib/ro_cell/forker.rb:26:in `block in create_process'
/home/roroco/Dropbox/rbs/ro_pl/lib/ro_cell/forker.rb:24:in `fork'
/home/roroco/Dropbox/rbs/ro_pl/lib/ro_cell/forker.rb:24:in `create_process'
/home/roroco/Dropbox/rbs/ro_pl/lib/ro_cell/forker.rb:11:in `initialize'
/home/roroco/Dropbox/rbs/ro_pl/lib/ro_helper/process.rb:42:in `new'
/home/roroco/Dropbox/rbs/ro_pl/lib/ro_helper/process.rb:42:in `ro_fork'
/home/roroco/Dropbox/rbs/ro_pl/lib/ro_cell/pl/sv.rb:111:in `block in start'
/home/roroco/Dropbox/rbs/ro_pl/lib/ro_cell/pl/sv.rb:102:in `loop'
/home/roroco/Dropbox/rbs/ro_pl/lib/ro_cell/pl/sv.rb:102:in `start'
/home/roroco/Dropbox/rbs/ro_pl/lib/ro_cell/pl/sv.rb:46:in `restart'
/home/roroco/Dropbox/rbs/ro_cmds/lib/ro_helper/cmds/kls/meta.rb:135:in `block (2 levels) in delegate_ins_meth'
/home/roroco/Dropbox/rbs/ro_cmds/lib/ro_helper/cmds/kls.rb:51:in `start'
/home/roroco/Dropbox/rbs/ro_cmds/lib/ro_cmds_runner.rb:31:in `start'
/home/roroco/Dropbox/rbs/ro_cmds/lib/ro_cmds_bin.rb:2:in `<top (required)>'
/home/roroco/Dropbox/rbs/ro_cmds/bin/ro:2:in `load'
/home/roroco/Dropbox/rbs/ro_cmds/bin/ro:2:in `<top (required)>'
/home/roroco/.rbenv/versions/2.1.2/lib/ruby/gems/2.1.0/bin/ro:23:in `load'
/home/roroco/.rbenv/versions/2.1.2/lib/ruby/gems/2.1.0/bin/ro:23:in `<main>'
2014-11-16 17:11:57 - Error:{RoErr::Bash::ExeErr} err cmd: gradle build
PK
   ��pE           	   META-INF/ PK
   ��pE��         META-INF/MANIFEST.MF�M��LK-.�K-*��ϳR0�3���� PK
   ��pE              ro/ PK
   ��pE              ro/gd/ PK
   ��pEU���R  }     ro/gd/Plugin.class}Q�N�P�Ji��(��o��=�'�!��(	����Hm�ښ�Y^4�`<�Q�mi���v���l�����9u(�U��Q���}-�bOz2����1�0�g6�bIϾ��'vx+&.Wj�?�X�2ɳb!���M+�Mgf�ؑ^��� p���凎�b�ڦ�9��=���,
�uB�m�ţ0]�9���G����(��`���05�[7�ϓ���S�J&;��Ӥ�%Bc���&*����_G��JK8�S(����<��ƙ�H�J��̏t�ŴXB��� 0n0Rb%_�|,�T�X|f��U��z�-jY�3�$,�s����yвV9l�q��PK
   ��pE��
��  �     ro/gd/Pj.classu��N�@ƿqLLC�RZ���B�����,�H��&�ܵ/Z��J�U9� <b�	i��V��~�o���[ ���Ь���KX�+��ذ٦�7���j���4
�
�F'�0?$���L�G����D;}�{�G��,:�"�MR��C=�i_e�i�Ϳ����Q�Mx�k��	��N��+�2��^nT��L�yP���Fe)^7ٳR�|,��὏��ᓏϨ��B�����P��>X��R�>����xe�gl�2<��N���`g�|ͻr=1��x�m��2���c�K�,q�������P{���\9X��Z��ee�;+\5'jTQ��R��ԧ̃����p��D���[..kΟ�8���?��	d��И#��Q�� PK
   ��pE0���  �     ro/gd/Task.classuQMO�@}�B�������{1^0ƨ�Ԩ	ƄxZ��b���^�h�������A�af���7o���o v�SǬ�92�
"����`K2�e�0����0D���t��L��a�̳n�bz����6�*w��g�{J~��0����VM���"C�� Lˇ�E�0��;u��f4��޲����-�����j�&��QRJn׫���p�=wKE
C����U�	p�!5�9�4̪/cCE��6�ΐu=K�<^sL��m�ļ�]����/<W<'&�7Dk�p^��&V,Sǣ`[ڵ1��u�$2�H�E�ĜG�Sf�G
=�:D�R���1�j��q$)�*0>�Ĉ�H���h�����CC��Hc2�8�D|�I�)G�KO�k��L�j������?�	PK
   ��pE              META-INF/gradle-plugins/ PK
   ��pE���$   "   (   META-INF/gradle-plugins/ro-gd.properties��-�I�M�+I,����M�I,.�-��KO��)M��� PK
   ��pE           	          �A    META-INF/PK
   ��pE��                 ��)   META-INF/MANIFEST.MFPK
   ��pE                     �Av   ro/PK
   ��pE                     �A�   ro/gd/PK
   ��pEU���R  }             ���   ro/gd/Plugin.classPK
   ��pE��
��  �             ��A  ro/gd/Pj.classPK
   ��pE0���  �             ���  ro/gd/Task.classPK
   ��pE                     �A�  META-INF/gradle-plugins/PK
   ��pE���$   "   (           ���  META-INF/gradle-plugins/ro-gd.propertiesPK    	 	 4  T    

BUILD FAILED

Total time: 9.312 secs


FAILURE: Build failed with an exception.

* Where:
Build file '/home/roroco/Dropbox/jvs/ro-idea/build.gradle' line: 104

* What went wrong:
A problem occurred evaluating root project 'ro-idea'.
> No such property: name for class: ro.gd.Pj

* Try:
Run with --stacktrace option to get the stack trace. Run with --info or --debug option to get more log output.


2014-11-16 17:11:57 - Backtrace:
2014-11-16 17:11:57 - /home/roroco/Dropbox/rbs/ro_cmds/lib/bash.rb:135:in `_bash'
/home/roroco/Dropbox/rbs/ro_cmds/lib/bash.rb:182:in `bash'
/home/roroco/Dropbox/rbs/ro_r4j/lib/ro_cmds/gd.rb:29:in `block in g'
/home/roroco/Dropbox/rbs/ro_cmds/lib/pj/misc.rb:14:in `tmply_cd'
/home/roroco/Dropbox/rbs/ro_r4j/lib/ro_cmds/gd.rb:28:in `g'
/home/roroco/Dropbox/rbs/ro_r4j/lib/ro_cmds/gd.rb:20:in `block in build'
/home/roroco/Dropbox/rbs/ro_cmds/lib/pj/misc.rb:14:in `tmply_cd'
/home/roroco/Dropbox/rbs/ro_r4j/lib/ro_cmds/gd.rb:19:in `build'
/home/roroco/Dropbox/rbs/ro_r4j/lib/ro_cmds/idea.rb:12:in `all'
/home/roroco/Dropbox/rbs/ro_cmds/lib/ro_helper/cmds/kls.rb:51:in `start'
/home/roroco/Dropbox/rbs/ro_pl/lib/ro_cell/pl/sv.rb:194:in `handle_rq'
/home/roroco/Dropbox/rbs/ro_pl/lib/ro_cell/pl/sv.rb:118:in `block (2 levels) in start'
/home/roroco/Dropbox/rbs/ro_pl/lib/ro_cell/forker.rb:26:in `block in create_process'
/home/roroco/Dropbox/rbs/ro_pl/lib/ro_cell/forker.rb:24:in `fork'
/home/roroco/Dropbox/rbs/ro_pl/lib/ro_cell/forker.rb:24:in `create_process'
/home/roroco/Dropbox/rbs/ro_pl/lib/ro_cell/forker.rb:11:in `initialize'
/home/roroco/Dropbox/rbs/ro_pl/lib/ro_helper/process.rb:42:in `new'
/home/roroco/Dropbox/rbs/ro_pl/lib/ro_helper/process.rb:42:in `ro_fork'
/home/roroco/Dropbox/rbs/ro_pl/lib/ro_cell/pl/sv.rb:111:in `block in start'
/home/roroco/Dropbox/rbs/ro_pl/lib/ro_cell/pl/sv.rb:102:in `loop'
/home/roroco/Dropbox/rbs/ro_pl/lib/ro_cell/pl/sv.rb:102:in `start'
/home/roroco/Dropbox/rbs/ro_pl/lib/ro_cell/pl/sv.rb:46:in `restart'
/home/roroco/Dropbox/rbs/ro_cmds/lib/ro_helper/cmds/kls/meta.rb:135:in `block (2 levels) in delegate_ins_meth'
/home/roroco/Dropbox/rbs/ro_cmds/lib/ro_helper/cmds/kls.rb:51:in `start'
/home/roroco/Dropbox/rbs/ro_cmds/lib/ro_cmds_runner.rb:31:in `start'
/home/roroco/Dropbox/rbs/ro_cmds/lib/ro_cmds_bin.rb:2:in `<top (required)>'
/home/roroco/Dropbox/rbs/ro_cmds/bin/ro:2:in `load'
/home/roroco/Dropbox/rbs/ro_cmds/bin/ro:2:in `<top (required)>'
/home/roroco/.rbenv/versions/2.1.2/lib/ruby/gems/2.1.0/bin/ro:23:in `load'
/home/roroco/.rbenv/versions/2.1.2/lib/ruby/gems/2.1.0/bin/ro:23:in `<main>'
2014-11-16 21:36:32 - Error:{RoErr::Bash::ExeErr} err cmd: gradle build
PK
   ��pE           	   META-INF/ PK
   ��pE��         META-INF/MANIFEST.MF�M��LK-.�K-*��ϳR0�3���� PK
   ��pE              ro/ PK
   ��pE              ro/gd/ PK
   ��pEU���R  }     ro/gd/Plugin.class}Q�N�P�Ji��(��o��=�'�!��(	����Hm�ښ�Y^4�`<�Q�mi���v���l�����9u(�U��Q���}-�bOz2����1�0�g6�bIϾ��'vx+&.Wj�?�X�2ɳb!���M+�Mgf�ؑ^��� p���凎�b�ڦ�9��=���,
�uB�m�ţ0]�9���G����(��`���05�[7�ϓ���S�J&;��Ӥ�%Bc���&*����_G��JK8�S(����<��ƙ�H�J��̏t�ŴXB��� 0n0Rb%_�|,�T�X|f��U��z�-jY�3�$,�s����yвV9l�q��PK
   ��pE��
��  �     ro/gd/Pj.classu��N�@ƿqLLC�RZ���B�����,�H��&�ܵ/Z��J�U9� <b�	i��V��~�o���[ ���Ь���KX�+��ذ٦�7���j���4
�
�F'�0?$���L�G����D;}�{�G��,:�"�MR��C=�i_e�i�Ϳ����Q�Mx�k��	��N��+�2��^nT��L�yP���Fe)^7ٳR�|,��὏��ᓏϨ��B�����P��>X��R�>����xe�gl�2<��N���`g�|ͻr=1��x�m��2���c�K�,q�������P{���\9X��Z��ee�;+\5'jTQ��R��ԧ̃����p��D���[..kΟ�8���?��	d��И#��Q�� PK
   ��pE0���  �     ro/gd/Task.classuQMO�@}�B�������{1^0ƨ�Ԩ	ƄxZ��b���^�h�������A�af���7o���o v�SǬ�92�
"����`K2�e�0����0D���t��L��a�̳n�bz����6�*w��g�{J~��0����VM���"C�� Lˇ�E�0��;u��f4��޲����-�����j�&��QRJn׫���p�=wKE
C����U�	p�!5�9�4̪/cCE��6�ΐu=K�<^sL��m�ļ�]����/<W<'&�7Dk�p^��&V,Sǣ`[ڵ1��u�$2�H�E�ĜG�Sf�G
=�:D�R���1�j��q$)�*0>�Ĉ�H���h�����CC��Hc2�8�D|�I�)G�KO�k��L�j������?�	PK
   ��pE              META-INF/gradle-plugins/ PK
   ��pE���$   "   (   META-INF/gradle-plugins/ro-gd.properties��-�I�M�+I,����M�I,.�-��KO��)M��� PK
   ��pE           	          �A    META-INF/PK
   ��pE��                 ��)   META-INF/MANIFEST.MFPK
   ��pE                     �Av   ro/PK
   ��pE                     �A�   ro/gd/PK
   ��pEU���R  }             ���   ro/gd/Plugin.classPK
   ��pE��
��  �             ��A  ro/gd/Pj.classPK
   ��pE0���  �             ���  ro/gd/Task.classPK
   ��pE                     �A�  META-INF/gradle-plugins/PK
   ��pE���$   "   (           ���  META-INF/gradle-plugins/ro-gd.propertiesPK    	 	 4  T    

BUILD FAILED

Total time: 7.508 secs


FAILURE: Build failed with an exception.

* Where:
Build file '/home/roroco/Dropbox/jvs/ro-idea/build.gradle' line: 104

* What went wrong:
A problem occurred evaluating root project 'ro-idea'.
> No such property: name for class: ro.gd.Pj

* Try:
Run with --stacktrace option to get the stack trace. Run with --info or --debug option to get more log output.


2014-11-16 21:36:32 - Backtrace:
2014-11-16 21:36:32 - /home/roroco/Dropbox/rbs/ro_cmds/lib/bash.rb:135:in `_bash'
/home/roroco/Dropbox/rbs/ro_cmds/lib/bash.rb:182:in `bash'
/home/roroco/Dropbox/rbs/ro_r4j/lib/ro_cmds/gd.rb:29:in `block in g'
/home/roroco/Dropbox/rbs/ro_cmds/lib/pj/misc.rb:14:in `tmply_cd'
/home/roroco/Dropbox/rbs/ro_r4j/lib/ro_cmds/gd.rb:28:in `g'
/home/roroco/Dropbox/rbs/ro_r4j/lib/ro_cmds/gd.rb:20:in `block in build'
/home/roroco/Dropbox/rbs/ro_cmds/lib/pj/misc.rb:14:in `tmply_cd'
/home/roroco/Dropbox/rbs/ro_r4j/lib/ro_cmds/gd.rb:19:in `build'
/home/roroco/Dropbox/rbs/ro_r4j/lib/ro_cmds/idea.rb:12:in `all'
/home/roroco/Dropbox/rbs/ro_cmds/lib/ro_helper/cmds/kls.rb:51:in `start'
/home/roroco/Dropbox/rbs/ro_pl/lib/ro_cell/pl/sv.rb:194:in `handle_rq'
/home/roroco/Dropbox/rbs/ro_pl/lib/ro_cell/pl/sv.rb:118:in `block (2 levels) in start'
/home/roroco/Dropbox/rbs/ro_pl/lib/ro_cell/forker.rb:26:in `block in create_process'
/home/roroco/Dropbox/rbs/ro_pl/lib/ro_cell/forker.rb:24:in `fork'
/home/roroco/Dropbox/rbs/ro_pl/lib/ro_cell/forker.rb:24:in `create_process'
/home/roroco/Dropbox/rbs/ro_pl/lib/ro_cell/forker.rb:11:in `initialize'
/home/roroco/Dropbox/rbs/ro_pl/lib/ro_helper/process.rb:42:in `new'
/home/roroco/Dropbox/rbs/ro_pl/lib/ro_helper/process.rb:42:in `ro_fork'
/home/roroco/Dropbox/rbs/ro_pl/lib/ro_cell/pl/sv.rb:111:in `block in start'
/home/roroco/Dropbox/rbs/ro_pl/lib/ro_cell/pl/sv.rb:102:in `loop'
/home/roroco/Dropbox/rbs/ro_pl/lib/ro_cell/pl/sv.rb:102:in `start'
/home/roroco/Dropbox/rbs/ro_pl/lib/ro_cell/pl/sv.rb:46:in `restart'
/home/roroco/Dropbox/rbs/ro_cmds/lib/ro_helper/cmds/kls/meta.rb:135:in `block (2 levels) in delegate_ins_meth'
/home/roroco/Dropbox/rbs/ro_cmds/lib/ro_helper/cmds/kls.rb:51:in `start'
/home/roroco/Dropbox/rbs/ro_cmds/lib/ro_cmds_runner.rb:31:in `start'
/home/roroco/Dropbox/rbs/ro_cmds/lib/ro_cmds_bin.rb:2:in `<top (required)>'
/home/roroco/Dropbox/rbs/ro_cmds/bin/ro:2:in `load'
/home/roroco/Dropbox/rbs/ro_cmds/bin/ro:2:in `<top (required)>'
/home/roroco/.rbenv/versions/2.1.2/lib/ruby/gems/2.1.0/bin/ro:23:in `load'
/home/roroco/.rbenv/versions/2.1.2/lib/ruby/gems/2.1.0/bin/ro:23:in `<main>'
2014-11-16 22:17:58 - Error:{RoErr::Bash::ExeErr} err cmd: gradle build -d
22:17:56.429 [INFO] [org.gradle.BuildLogger] Starting Build
22:17:56.432 [DEBUG] [org.gradle.BuildLogger] Gradle user home: /home/roroco/.gradle
22:17:56.432 [DEBUG] [org.gradle.BuildLogger] Current dir: /home/roroco/Dropbox/jvs/ro-idea
22:17:56.433 [DEBUG] [org.gradle.BuildLogger] Settings file: null
22:17:56.434 [DEBUG] [org.gradle.BuildLogger] Build file: null
22:17:56.451 [DEBUG] [org.gradle.initialization.buildsrc.BuildSourceBuilder] Starting to build the build sources.
22:17:56.453 [DEBUG] [org.gradle.initialization.buildsrc.BuildSourceBuilder] Gradle source dir does not exist. We leave.
22:17:56.455 [DEBUG] [org.gradle.initialization.DefaultGradlePropertiesLoader] Found env project properties: []
22:17:56.456 [DEBUG] [org.gradle.initialization.DefaultGradlePropertiesLoader] Found system project properties: []
22:17:56.572 [DEBUG] [org.gradle.api.internal.artifacts.mvnsettings.DefaultLocalMavenRepositoryLocator] No local repository in Settings file defined. Using default path: /home/roroco/.m2/repository
22:17:57.172 [DEBUG] [org.gradle.cache.internal.DefaultFileLockManager] Waiting to acquire shared lock on buildscript class cache for settings file '/home/roroco/Dropbox/jvs/ro-idea/settings.gradle' (/home/roroco/.gradle/caches/2.1/scripts/settings_uf85qu93nbutpiuhlrdl7pdps/SettingsScript/buildscript).
22:17:57.176 [DEBUG] [org.gradle.cache.internal.DefaultFileLockManager] Lock acquired.
22:17:57.269 [DEBUG] [org.gradle.cache.internal.DefaultFileLockManager] Waiting to acquire shared lock on no_buildscript class cache for settings file '/home/roroco/Dropbox/jvs/ro-idea/settings.gradle' (/home/roroco/.gradle/caches/2.1/scripts/settings_uf85qu93nbutpiuhlrdl7pdps/SettingsScript/no_buildscript).
22:17:57.270 [DEBUG] [org.gradle.cache.internal.DefaultFileLockManager] Lock acquired.
22:17:57.433 [DEBUG] [org.gradle.initialization.ScriptEvaluatingSettingsProcessor] Timing: Processing settings took: 0.976 secs
22:17:57.446 [INFO] [org.gradle.BuildLogger] Settings evaluated using settings file '/home/roroco/Dropbox/jvs/ro-idea/settings.gradle'.
22:17:57.589 [DEBUG] [org.gradle.initialization.ProjectPropertySettingBuildLoader] Looking for project properties from: /home/roroco/Dropbox/jvs/ro-idea/gradle.properties
22:17:57.590 [DEBUG] [org.gradle.initialization.ProjectPropertySettingBuildLoader] project property file does not exists. We continue!
22:17:57.591 [DEBUG] [org.gradle.initialization.ProjectPropertySettingBuildLoader] Looking for project properties from: /home/roroco/Dropbox/jvs/ro/gradle.properties
22:17:57.592 [DEBUG] [org.gradle.initialization.ProjectPropertySettingBuildLoader] project property file does not exists. We continue!
22:17:57.592 [INFO] [org.gradle.BuildLogger] Projects loaded. Root project using build file '/home/roroco/Dropbox/jvs/ro-idea/build.gradle'.
22:17:57.593 [INFO] [org.gradle.BuildLogger] Included projects: [root project 'ro-idea', project ':ro']
22:17:57.711 [INFO] [org.gradle.configuration.project.BuildScriptProcessor] Evaluating root project 'ro-idea' using build file '/home/roroco/Dropbox/jvs/ro-idea/build.gradle'.
22:17:57.718 [DEBUG] [org.gradle.cache.internal.DefaultFileLockManager] Waiting to acquire shared lock on buildscript class cache for build file '/home/roroco/Dropbox/jvs/ro-idea/build.gradle' (/home/roroco/.gradle/caches/2.1/scripts/build_56giui9qrfbn1u820penbevfju/ProjectScript/buildscript).
22:17:57.719 [DEBUG] [org.gradle.cache.internal.DefaultFileLockManager] Lock acquired.
22:17:57.720 [DEBUG] [org.gradle.cache.internal.DefaultPersistentDirectoryCache] Invalidating org.gradle.cache.internal.DefaultPersistentDirectoryCache$Initializer@241a0c3a as cache property source.hash has changed value.
22:17:57.722 [DEBUG] [org.gradle.cache.internal.DefaultFileLockManager] Releasing lock on buildscript class cache for build file '/home/roroco/Dropbox/jvs/ro-idea/build.gradle' (/home/roroco/.gradle/caches/2.1/scripts/build_56giui9qrfbn1u820penbevfju/ProjectScript/buildscript).
22:17:57.723 [DEBUG] [org.gradle.cache.internal.DefaultFileLockManager] Waiting to acquire exclusive lock on buildscript class cache for build file '/home/roroco/Dropbox/jvs/ro-idea/build.gradle' (/home/roroco/.gradle/caches/2.1/scripts/build_56giui9qrfbn1u820penbevfju/ProjectScript/buildscript).
22:17:57.725 [DEBUG] [org.gradle.cache.internal.DefaultFileLockManager] Lock acquired.
22:17:57.725 [DEBUG] [org.gradle.cache.internal.DefaultPersistentDirectoryCache] Invalidating org.gradle.cache.internal.DefaultPersistentDirectoryCache$Initializer@241a0c3a as cache property source.hash has changed value.
22:17:57.734 [INFO] [org.gradle.groovy.scripts.internal.DefaultScriptCompilationHandler] Compiling build file '/home/roroco/Dropbox/jvs/ro-idea/build.gradle' using StatementExtractingScriptTransformer.
22:17:57.968 [DEBUG] [org.gradle.cache.internal.DefaultFileLockManager] Releasing lock on buildscript class cache for build file '/home/roroco/Dropbox/jvs/ro-idea/build.gradle' (/home/roroco/.gradle/caches/2.1/scripts/build_56giui9qrfbn1u820penbevfju/ProjectScript/buildscript).
22:17:57.981 [DEBUG] [org.gradle.configuration.project.BuildScriptProcessor] Timing: Running the build script took 0.269 secs
22:17:58.049 [LIFECYCLE] [org.gradle.BuildResultLogger] 
22:17:58.049 [LIFECYCLE] [org.gradle.BuildResultLogger] BUILD FAILED
22:17:58.050 [LIFECYCLE] [org.gradle.BuildResultLogger] 
22:17:58.050 [LIFECYCLE] [org.gradle.BuildResultLogger] Total time: 3.951 secs
22:17:58.051 [DEBUG] [org.gradle.cache.internal.DefaultFileLockManager] Releasing lock on buildscript class cache for settings file '/home/roroco/Dropbox/jvs/ro-idea/settings.gradle' (/home/roroco/.gradle/caches/2.1/scripts/settings_uf85qu93nbutpiuhlrdl7pdps/SettingsScript/buildscript).
22:17:58.052 [DEBUG] [org.gradle.cache.internal.DefaultFileLockManager] Releasing lock on no_buildscript class cache for settings file '/home/roroco/Dropbox/jvs/ro-idea/settings.gradle' (/home/roroco/.gradle/caches/2.1/scripts/settings_uf85qu93nbutpiuhlrdl7pdps/SettingsScript/no_buildscript).
22:17:58.053 [DEBUG] [org.gradle.cache.internal.DefaultCacheAccess] Cache Plugin Resolution Cache (/home/roroco/.gradle/caches/2.1/plugin-resolution) was closed 0 times.
22:17:58.053 [DEBUG] [org.gradle.cache.internal.DefaultCacheAccess] Cache artifact cache (/home/roroco/.gradle/caches/modules-2) was closed 0 times.
22:17:58.066 [DEBUG] [org.gradle.api.internal.artifacts.ivyservice.ivyresolve.memcache.InMemoryCachedRepositoryFactory] In-memory dependency metadata cache closed. Repos cached: 0, cache instances: 0, modules served from cache: 0, artifacts: 0
22:17:58.067 [DEBUG] [org.gradle.api.internal.artifacts.ivyservice.resolveengine.store.ResolutionResultsStoreFactory] Deleted 0 resolution results binary files in 0.0 secs

22:17:58.029 [ERROR] [org.gradle.BuildExceptionReporter] 
22:17:58.030 [ERROR] [org.gradle.BuildExceptionReporter] FAILURE: Build failed with an exception.
22:17:58.031 [ERROR] [org.gradle.BuildExceptionReporter] 
22:17:58.031 [ERROR] [org.gradle.BuildExceptionReporter] * Where:
22:17:58.031 [ERROR] [org.gradle.BuildExceptionReporter] Build file '/home/roroco/Dropbox/jvs/ro-idea/build.gradle' line: 104
22:17:58.032 [ERROR] [org.gradle.BuildExceptionReporter] 
22:17:58.032 [ERROR] [org.gradle.BuildExceptionReporter] * What went wrong:
22:17:58.032 [ERROR] [org.gradle.BuildExceptionReporter] Could not compile build file '/home/roroco/Dropbox/jvs/ro-idea/build.gradle'.
22:17:58.033 [ERROR] [org.gradle.BuildExceptionReporter] > startup failed:
22:17:58.033 [ERROR] [org.gradle.BuildExceptionReporter]   build file '/home/roroco/Dropbox/jvs/ro-idea/build.gradle': 104: unexpected token: * @ line 104, column 8.
22:17:58.036 [ERROR] [org.gradle.BuildExceptionReporter]          try*a*a*A*ATask()
22:17:58.036 [ERROR] [org.gradle.BuildExceptionReporter]             ^
22:17:58.037 [ERROR] [org.gradle.BuildExceptionReporter]   
22:17:58.037 [ERROR] [org.gradle.BuildExceptionReporter]   1 error
22:17:58.037 [ERROR] [org.gradle.BuildExceptionReporter] 
22:17:58.037 [ERROR] [org.gradle.BuildExceptionReporter] 
22:17:58.048 [ERROR] [org.gradle.BuildExceptionReporter] * Try:
22:17:58.048 [ERROR] [org.gradle.BuildExceptionReporter] Run with --stacktrace option to get the stack trace. 


2014-11-16 22:17:58 - Backtrace:
2014-11-16 22:17:58 - /home/roroco/Dropbox/rbs/ro_cmds/lib/bash.rb:135:in `_bash'
/home/roroco/Dropbox/rbs/ro_cmds/lib/bash.rb:182:in `bash'
/home/roroco/Dropbox/rbs/ro_r4j/lib/ro_cmds/gd.rb:33:in `block in g'
/home/roroco/Dropbox/rbs/ro_cmds/lib/pj/misc.rb:14:in `tmply_cd'
/home/roroco/Dropbox/rbs/ro_r4j/lib/ro_cmds/gd.rb:32:in `g'
/home/roroco/Dropbox/rbs/ro_r4j/lib/ro_cmds/gd.rb:24:in `block in build'
/home/roroco/Dropbox/rbs/ro_cmds/lib/pj/misc.rb:14:in `tmply_cd'
/home/roroco/Dropbox/rbs/ro_r4j/lib/ro_cmds/gd.rb:23:in `build'
/home/roroco/Dropbox/rbs/ro_r4j/lib/ro_cmds/gd.rb:18:in `build_ro_gd'
/home/roroco/Dropbox/rbs/ro_r4j/lib/ro_cmds/idea.rb:30:in `try'
/home/roroco/Dropbox/rbs/ro_cmds/lib/ro_helper/cmds/kls.rb:51:in `start'
/home/roroco/Dropbox/rbs/ro_pl/lib/ro_cell/pl/sv.rb:194:in `handle_rq'
/home/roroco/Dropbox/rbs/ro_pl/lib/ro_cell/pl/sv.rb:118:in `block (2 levels) in start'
/home/roroco/Dropbox/rbs/ro_pl/lib/ro_cell/forker.rb:26:in `block in create_process'
/home/roroco/Dropbox/rbs/ro_pl/lib/ro_cell/forker.rb:24:in `fork'
/home/roroco/Dropbox/rbs/ro_pl/lib/ro_cell/forker.rb:24:in `create_process'
/home/roroco/Dropbox/rbs/ro_pl/lib/ro_cell/forker.rb:11:in `initialize'
/home/roroco/Dropbox/rbs/ro_pl/lib/ro_helper/process.rb:42:in `new'
/home/roroco/Dropbox/rbs/ro_pl/lib/ro_helper/process.rb:42:in `ro_fork'
/home/roroco/Dropbox/rbs/ro_pl/lib/ro_cell/pl/sv.rb:111:in `block in start'
/home/roroco/Dropbox/rbs/ro_pl/lib/ro_cell/pl/sv.rb:102:in `loop'
/home/roroco/Dropbox/rbs/ro_pl/lib/ro_cell/pl/sv.rb:102:in `start'
/home/roroco/Dropbox/rbs/ro_pl/lib/ro_cell/pl/sv.rb:46:in `restart'
/home/roroco/Dropbox/rbs/ro_cmds/lib/ro_helper/cmds/kls/meta.rb:135:in `block (2 levels) in delegate_ins_meth'
/home/roroco/Dropbox/rbs/ro_cmds/lib/ro_helper/cmds/kls.rb:51:in `start'
/home/roroco/Dropbox/rbs/ro_cmds/lib/ro_cmds_runner.rb:31:in `start'
/home/roroco/Dropbox/rbs/ro_cmds/lib/ro_cmds_bin.rb:2:in `<top (required)>'
/home/roroco/Dropbox/rbs/ro_cmds/bin/ro:2:in `load'
/home/roroco/Dropbox/rbs/ro_cmds/bin/ro:2:in `<top (required)>'
/home/roroco/.rbenv/versions/2.1.2/lib/ruby/gems/2.1.0/bin/ro:23:in `load'
/home/roroco/.rbenv/versions/2.1.2/lib/ruby/gems/2.1.0/bin/ro:23:in `<main>'
2014-11-16 22:18:35 - Error:{RoErr::Bash::ExeErr} err cmd: gradle build -s

BUILD FAILED

Total time: 5.067 secs


FAILURE: Build failed with an exception.

* Where:
Build file '/home/roroco/Dropbox/jvs/ro-idea/build.gradle' line: 104

* What went wrong:
Could not compile build file '/home/roroco/Dropbox/jvs/ro-idea/build.gradle'.
> startup failed:
  build file '/home/roroco/Dropbox/jvs/ro-idea/build.gradle': 104: unexpected token: * @ line 104, column 8.
         try*a*a*A*ATask()
            ^
  
  1 error


* Try:
Run with --info or --debug option to get more log output.

* Exception is:
org.gradle.groovy.scripts.ScriptCompilationException: Could not compile build file '/home/roroco/Dropbox/jvs/ro-idea/build.gradle'.
	at org.gradle.groovy.scripts.internal.DefaultScriptCompilationHandler.wrapCompilationFailure(DefaultScriptCompilationHandler.java:152)
	at org.gradle.groovy.scripts.internal.DefaultScriptCompilationHandler.compileScript(DefaultScriptCompilationHandler.java:118)
	at org.gradle.groovy.scripts.internal.DefaultScriptCompilationHandler.compileToDir(DefaultScriptCompilationHandler.java:64)
	at org.gradle.groovy.scripts.internal.FileCacheBackedScriptClassCompiler$CacheInitializer.execute(FileCacheBackedScriptClassCompiler.java:96)
	at org.gradle.groovy.scripts.internal.FileCacheBackedScriptClassCompiler$CacheInitializer.execute(FileCacheBackedScriptClassCompiler.java:81)
	at org.gradle.groovy.scripts.internal.FileCacheBackedScriptClassCompiler$ProgressReportingInitializer.execute(FileCacheBackedScriptClassCompiler.java:113)
	at org.gradle.groovy.scripts.internal.FileCacheBackedScriptClassCompiler$ProgressReportingInitializer.execute(FileCacheBackedScriptClassCompiler.java:100)
	at org.gradle.cache.internal.DefaultPersistentDirectoryCache$Initializer.initialize(DefaultPersistentDirectoryCache.java:94)
	at org.gradle.cache.internal.DefaultCacheAccess$2.run(DefaultCacheAccess.java:104)
	at org.gradle.cache.internal.DefaultFileLockManager$DefaultFileLock.doWriteAction(DefaultFileLockManager.java:173)
	at org.gradle.cache.internal.DefaultFileLockManager$DefaultFileLock.writeFile(DefaultFileLockManager.java:163)
	at org.gradle.cache.internal.DefaultCacheAccess.open(DefaultCacheAccess.java:102)
	at org.gradle.cache.internal.DefaultPersistentDirectoryStore.open(DefaultPersistentDirectoryStore.java:46)
	at org.gradle.cache.internal.DefaultPersistentDirectoryStore.open(DefaultPersistentDirectoryStore.java:28)
	at org.gradle.cache.internal.DefaultCacheFactory.doOpen(DefaultCacheFactory.java:80)
	at org.gradle.cache.internal.DefaultCacheFactory.open(DefaultCacheFactory.java:50)
	at org.gradle.cache.internal.DefaultCacheRepository$PersistentCacheBuilder.doOpen(DefaultCacheRepository.java:138)
	at org.gradle.cache.internal.DefaultCacheRepository$AbstractCacheBuilder.open(DefaultCacheRepository.java:121)
	at org.gradle.groovy.scripts.internal.FileCacheBackedScriptClassCompiler.compile(FileCacheBackedScriptClassCompiler.java:58)
	at org.gradle.groovy.scripts.internal.ShortCircuitEmptyScriptCompiler.compile(ShortCircuitEmptyScriptCompiler.java:35)
	at org.gradle.groovy.scripts.internal.CachingScriptClassCompiler.compile(CachingScriptClassCompiler.java:36)
	at org.gradle.groovy.scripts.DefaultScriptCompilerFactory$ScriptCompilerImpl.compile(DefaultScriptCompilerFactory.java:57)
	at org.gradle.configuration.DefaultScriptPluginFactory$ScriptPluginImpl.apply(DefaultScriptPluginFactory.java:137)
	at org.gradle.configuration.project.BuildScriptProcessor.execute(BuildScriptProcessor.java:39)
	at org.gradle.configuration.project.BuildScriptProcessor.execute(BuildScriptProcessor.java:26)
	at org.gradle.configuration.project.ConfigureActionsProjectEvaluator.evaluate(ConfigureActionsProjectEvaluator.java:34)
	at org.gradle.configuration.project.LifecycleProjectEvaluator.evaluate(LifecycleProjectEvaluator.java:55)
	at org.gradle.api.internal.project.AbstractProject.evaluate(AbstractProject.java:521)
	at org.gradle.api.internal.project.AbstractProject.evaluate(AbstractProject.java:82)
	at org.gradle.configuration.DefaultBuildConfigurer.configure(DefaultBuildConfigurer.java:31)
	at org.gradle.initialization.DefaultGradleLauncher.doBuildStages(DefaultGradleLauncher.java:129)
	at org.gradle.initialization.DefaultGradleLauncher.doBuild(DefaultGradleLauncher.java:106)
	at org.gradle.initialization.DefaultGradleLauncher.run(DefaultGradleLauncher.java:86)
	at org.gradle.launcher.exec.InProcessBuildActionExecuter$DefaultBuildController.run(InProcessBuildActionExecuter.java:80)
	at org.gradle.launcher.cli.ExecuteBuildAction.run(ExecuteBuildAction.java:33)
	at org.gradle.launcher.cli.ExecuteBuildAction.run(ExecuteBuildAction.java:24)
	at org.gradle.launcher.exec.InProcessBuildActionExecuter.execute(InProcessBuildActionExecuter.java:36)
	at org.gradle.launcher.exec.InProcessBuildActionExecuter.execute(InProcessBuildActionExecuter.java:26)
	at org.gradle.launcher.cli.RunBuildAction.run(RunBuildAction.java:51)
	at org.gradle.internal.Actions$RunnableActionAdapter.execute(Actions.java:171)
	at org.gradle.launcher.cli.CommandLineActionFactory$ParseAndBuildAction.execute(CommandLineActionFactory.java:237)
	at org.gradle.launcher.cli.CommandLineActionFactory$ParseAndBuildAction.execute(CommandLineActionFactory.java:210)
	at org.gradle.launcher.cli.JavaRuntimeValidationAction.execute(JavaRuntimeValidationAction.java:35)
	at org.gradle.launcher.cli.JavaRuntimeValidationAction.execute(JavaRuntimeValidationAction.java:24)
	at org.gradle.launcher.cli.CommandLineActionFactory$WithLogging.execute(CommandLineActionFactory.java:206)
	at org.gradle.launcher.cli.CommandLineActionFactory$WithLogging.execute(CommandLineActionFactory.java:169)
	at org.gradle.launcher.cli.ExceptionReportingAction.execute(ExceptionReportingAction.java:33)
	at org.gradle.launcher.cli.ExceptionReportingAction.execute(ExceptionReportingAction.java:22)
	at org.gradle.launcher.Main.doAction(Main.java:33)
	at org.gradle.launcher.bootstrap.EntryPoint.run(EntryPoint.java:45)
	at org.gradle.launcher.bootstrap.ProcessBootstrap.runNoExit(ProcessBootstrap.java:54)
	at org.gradle.launcher.bootstrap.ProcessBootstrap.run(ProcessBootstrap.java:35)
	at org.gradle.launcher.GradleMain.main(GradleMain.java:23)
Caused by: org.codehaus.groovy.control.MultipleCompilationErrorsException: startup failed:
build file '/home/roroco/Dropbox/jvs/ro-idea/build.gradle': 104: unexpected token: * @ line 104, column 8.
       try*a*a*A*ATask()
          ^

1 error

	at org.gradle.groovy.scripts.internal.DefaultScriptCompilationHandler.compileScript(DefaultScriptCompilationHandler.java:116)
	... 51 more



2014-11-16 22:18:35 - Backtrace:
2014-11-16 22:18:35 - /home/roroco/Dropbox/rbs/ro_cmds/lib/bash.rb:135:in `_bash'
/home/roroco/Dropbox/rbs/ro_cmds/lib/bash.rb:182:in `bash'
/home/roroco/Dropbox/rbs/ro_r4j/lib/ro_cmds/gd.rb:33:in `block in g'
/home/roroco/Dropbox/rbs/ro_cmds/lib/pj/misc.rb:14:in `tmply_cd'
/home/roroco/Dropbox/rbs/ro_r4j/lib/ro_cmds/gd.rb:32:in `g'
/home/roroco/Dropbox/rbs/ro_r4j/lib/ro_cmds/gd.rb:24:in `block in build'
/home/roroco/Dropbox/rbs/ro_cmds/lib/pj/misc.rb:14:in `tmply_cd'
/home/roroco/Dropbox/rbs/ro_r4j/lib/ro_cmds/gd.rb:23:in `build'
/home/roroco/Dropbox/rbs/ro_r4j/lib/ro_cmds/gd.rb:18:in `build_ro_gd'
/home/roroco/Dropbox/rbs/ro_r4j/lib/ro_cmds/idea.rb:30:in `try'
/home/roroco/Dropbox/rbs/ro_cmds/lib/ro_helper/cmds/kls.rb:51:in `start'
/home/roroco/Dropbox/rbs/ro_pl/lib/ro_cell/pl/sv.rb:194:in `handle_rq'
/home/roroco/Dropbox/rbs/ro_pl/lib/ro_cell/pl/sv.rb:118:in `block (2 levels) in start'
/home/roroco/Dropbox/rbs/ro_pl/lib/ro_cell/forker.rb:26:in `block in create_process'
/home/roroco/Dropbox/rbs/ro_pl/lib/ro_cell/forker.rb:24:in `fork'
/home/roroco/Dropbox/rbs/ro_pl/lib/ro_cell/forker.rb:24:in `create_process'
/home/roroco/Dropbox/rbs/ro_pl/lib/ro_cell/forker.rb:11:in `initialize'
/home/roroco/Dropbox/rbs/ro_pl/lib/ro_helper/process.rb:42:in `new'
/home/roroco/Dropbox/rbs/ro_pl/lib/ro_helper/process.rb:42:in `ro_fork'
/home/roroco/Dropbox/rbs/ro_pl/lib/ro_cell/pl/sv.rb:111:in `block in start'
/home/roroco/Dropbox/rbs/ro_pl/lib/ro_cell/pl/sv.rb:102:in `loop'
/home/roroco/Dropbox/rbs/ro_pl/lib/ro_cell/pl/sv.rb:102:in `start'
/home/roroco/Dropbox/rbs/ro_pl/lib/ro_cell/pl/sv.rb:46:in `restart'
/home/roroco/Dropbox/rbs/ro_cmds/lib/ro_helper/cmds/kls/meta.rb:135:in `block (2 levels) in delegate_ins_meth'
/home/roroco/Dropbox/rbs/ro_cmds/lib/ro_helper/cmds/kls.rb:51:in `start'
/home/roroco/Dropbox/rbs/ro_cmds/lib/ro_cmds_runner.rb:31:in `start'
/home/roroco/Dropbox/rbs/ro_cmds/lib/ro_cmds_bin.rb:2:in `<top (required)>'
/home/roroco/Dropbox/rbs/ro_cmds/bin/ro:2:in `load'
/home/roroco/Dropbox/rbs/ro_cmds/bin/ro:2:in `<top (required)>'
/home/roroco/.rbenv/versions/2.1.2/lib/ruby/gems/2.1.0/bin/ro:23:in `load'
/home/roroco/.rbenv/versions/2.1.2/lib/ruby/gems/2.1.0/bin/ro:23:in `<main>'
2014-11-16 22:19:36 - Error:{RoErr::Bash::ExeErr} err cmd: gradle build -s
PK
   ��pE           	   META-INF/ PK
   ��pE��         META-INF/MANIFEST.MF�M��LK-.�K-*��ϳR0�3���� PK
   ��pE              ro/ PK
   ��pE              ro/gd/ PK
   ��pEU���R  }     ro/gd/Plugin.class}Q�N�P�Ji��(��o��=�'�!��(	����Hm�ښ�Y^4�`<�Q�mi���v���l�����9u(�U��Q���}-�bOz2����1�0�g6�bIϾ��'vx+&.Wj�?�X�2ɳb!���M+�Mgf�ؑ^��� p���凎�b�ڦ�9��=���,
�uB�m�ţ0]�9���G����(��`���05�[7�ϓ���S�J&;��Ӥ�%Bc���&*����_G��JK8�S(����<��ƙ�H�J��̏t�ŴXB��� 0n0Rb%_�|,�T�X|f��U��z�-jY�3�$,�s����yвV9l�q��PK
   ��pE��
��  �     ro/gd/Pj.classu��N�@ƿqLLC�RZ���B�����,�H��&�ܵ/Z��J�U9� <b�	i��V��~�o���[ ���Ь���KX�+��ذ٦�7���j���4
�
�F'�0?$���L�G����D;}�{�G��,:�"�MR��C=�i_e�i�Ϳ����Q�Mx�k��	��N��+�2��^nT��L�yP���Fe)^7ٳR�|,��὏��ᓏϨ��B�����P��>X��R�>����xe�gl�2<��N���`g�|ͻr=1��x�m��2���c�K�,q�������P{���\9X��Z��ee�;+\5'jTQ��R��ԧ̃����p��D���[..kΟ�8���?��	d��И#��Q�� PK
   ��pE0���  �     ro/gd/Task.classuQMO�@}�B�������{1^0ƨ�Ԩ	ƄxZ��b���^�h�������A�af���7o���o v�SǬ�92�
"����`K2�e�0����0D���t��L��a�̳n�bz����6�*w��g�{J~��0����VM���"C�� Lˇ�E�0��;u��f4��޲����-�����j�&��QRJn׫���p�=wKE
C����U�	p�!5�9�4̪/cCE��6�ΐu=K�<^sL��m�ļ�]����/<W<'&�7Dk�p^��&V,Sǣ`[ڵ1��u�$2�H�E�ĜG�Sf�G
=�:D�R���1�j��q$)�*0>�Ĉ�H���h�����CC��Hc2�8�D|�I�)G�KO�k��L�j������?�	PK
   ��pE              META-INF/gradle-plugins/ PK
   ��pE���$   "   (   META-INF/gradle-plugins/ro-gd.properties��-�I�M�+I,����M�I,.�-��KO��)M��� PK
   ��pE           	          �A    META-INF/PK
   ��pE��                 ��)   META-INF/MANIFEST.MFPK
   ��pE                     �Av   ro/PK
   ��pE                     �A�   ro/gd/PK
   ��pEU���R  }             ���   ro/gd/Plugin.classPK
   ��pE��
��  �             ��A  ro/gd/Pj.classPK
   ��pE0���  �             ���  ro/gd/Task.classPK
   ��pE                     �A�  META-INF/gradle-plugins/PK
   ��pE���$   "   (           ���  META-INF/gradle-plugins/ro-gd.propertiesPK    	 	 4  T    

BUILD FAILED

Total time: 10.683 secs


FAILURE: Build failed with an exception.

* Where:
Build file '/home/roroco/Dropbox/jvs/ro-idea/build.gradle' line: 104

* What went wrong:
A problem occurred evaluating root project 'ro-idea'.
> Could not find method tryTask() for arguments [] on root project 'ro-idea'.

* Try:
Run with --info or --debug option to get more log output.

* Exception is:
org.gradle.api.GradleScriptException: A problem occurred evaluating root project 'ro-idea'.
	at org.gradle.groovy.scripts.internal.DefaultScriptRunnerFactory$ScriptRunnerImpl.run(DefaultScriptRunnerFactory.java:54)
	at org.gradle.configuration.DefaultScriptPluginFactory$ScriptPluginImpl.apply(DefaultScriptPluginFactory.java:190)
	at org.gradle.configuration.project.BuildScriptProcessor.execute(BuildScriptProcessor.java:39)
	at org.gradle.configuration.project.BuildScriptProcessor.execute(BuildScriptProcessor.java:26)
	at org.gradle.configuration.project.ConfigureActionsProjectEvaluator.evaluate(ConfigureActionsProjectEvaluator.java:34)
	at org.gradle.configuration.project.LifecycleProjectEvaluator.evaluate(LifecycleProjectEvaluator.java:55)
	at org.gradle.api.internal.project.AbstractProject.evaluate(AbstractProject.java:521)
	at org.gradle.api.internal.project.AbstractProject.evaluate(AbstractProject.java:82)
	at org.gradle.configuration.DefaultBuildConfigurer.configure(DefaultBuildConfigurer.java:31)
	at org.gradle.initialization.DefaultGradleLauncher.doBuildStages(DefaultGradleLauncher.java:129)
	at org.gradle.initialization.DefaultGradleLauncher.doBuild(DefaultGradleLauncher.java:106)
	at org.gradle.initialization.DefaultGradleLauncher.run(DefaultGradleLauncher.java:86)
	at org.gradle.launcher.exec.InProcessBuildActionExecuter$DefaultBuildController.run(InProcessBuildActionExecuter.java:80)
	at org.gradle.launcher.cli.ExecuteBuildAction.run(ExecuteBuildAction.java:33)
	at org.gradle.launcher.cli.ExecuteBuildAction.run(ExecuteBuildAction.java:24)
	at org.gradle.launcher.exec.InProcessBuildActionExecuter.execute(InProcessBuildActionExecuter.java:36)
	at org.gradle.launcher.exec.InProcessBuildActionExecuter.execute(InProcessBuildActionExecuter.java:26)
	at org.gradle.launcher.cli.RunBuildAction.run(RunBuildAction.java:51)
	at org.gradle.internal.Actions$RunnableActionAdapter.execute(Actions.java:171)
	at org.gradle.launcher.cli.CommandLineActionFactory$ParseAndBuildAction.execute(CommandLineActionFactory.java:237)
	at org.gradle.launcher.cli.CommandLineActionFactory$ParseAndBuildAction.execute(CommandLineActionFactory.java:210)
	at org.gradle.launcher.cli.JavaRuntimeValidationAction.execute(JavaRuntimeValidationAction.java:35)
	at org.gradle.launcher.cli.JavaRuntimeValidationAction.execute(JavaRuntimeValidationAction.java:24)
	at org.gradle.launcher.cli.CommandLineActionFactory$WithLogging.execute(CommandLineActionFactory.java:206)
	at org.gradle.launcher.cli.CommandLineActionFactory$WithLogging.execute(CommandLineActionFactory.java:169)
	at org.gradle.launcher.cli.ExceptionReportingAction.execute(ExceptionReportingAction.java:33)
	at org.gradle.launcher.cli.ExceptionReportingAction.execute(ExceptionReportingAction.java:22)
	at org.gradle.launcher.Main.doAction(Main.java:33)
	at org.gradle.launcher.bootstrap.EntryPoint.run(EntryPoint.java:45)
	at org.gradle.launcher.bootstrap.ProcessBootstrap.runNoExit(ProcessBootstrap.java:54)
	at org.gradle.launcher.bootstrap.ProcessBootstrap.run(ProcessBootstrap.java:35)
	at org.gradle.launcher.GradleMain.main(GradleMain.java:23)
Caused by: org.gradle.api.internal.MissingMethodException: Could not find method tryTask() for arguments [] on root project 'ro-idea'.
	at org.gradle.api.internal.AbstractDynamicObject.methodMissingException(AbstractDynamicObject.java:68)
	at org.gradle.api.internal.AbstractDynamicObject.invokeMethod(AbstractDynamicObject.java:56)
	at org.gradle.api.internal.CompositeDynamicObject.invokeMethod(CompositeDynamicObject.java:172)
	at org.gradle.groovy.scripts.BasicScript.methodMissing(BasicScript.java:79)
	at build_56giui9qrfbn1u820penbevfju$_run_closure9.doCall(/home/roroco/Dropbox/jvs/ro-idea/build.gradle:104)
	at org.gradle.api.internal.ClosureBackedAction.execute(ClosureBackedAction.java:59)
	at org.gradle.util.ConfigureUtil.configure(ConfigureUtil.java:130)
	at org.gradle.util.ConfigureUtil.configure(ConfigureUtil.java:110)
	at org.gradle.api.internal.AbstractTask.configure(AbstractTask.java:482)
	at org.gradle.api.internal.project.AbstractProject.task(AbstractProject.java:884)
	at org.gradle.api.internal.BeanDynamicObject$MetaClassAdapter.invokeMethod(BeanDynamicObject.java:225)
	at org.gradle.api.internal.BeanDynamicObject.invokeMethod(BeanDynamicObject.java:129)
	at org.gradle.api.internal.CompositeDynamicObject.invokeMethod(CompositeDynamicObject.java:147)
	at org.gradle.groovy.scripts.BasicScript.methodMissing(BasicScript.java:79)
	at build_56giui9qrfbn1u820penbevfju.run(/home/roroco/Dropbox/jvs/ro-idea/build.gradle:103)
	at org.gradle.groovy.scripts.internal.DefaultScriptRunnerFactory$ScriptRunnerImpl.run(DefaultScriptRunnerFactory.java:52)
	... 31 more



2014-11-16 22:19:36 - Backtrace:
2014-11-16 22:19:36 - /home/roroco/Dropbox/rbs/ro_cmds/lib/bash.rb:135:in `_bash'
/home/roroco/Dropbox/rbs/ro_cmds/lib/bash.rb:182:in `bash'
/home/roroco/Dropbox/rbs/ro_r4j/lib/ro_cmds/gd.rb:33:in `block in g'
/home/roroco/Dropbox/rbs/ro_cmds/lib/pj/misc.rb:14:in `tmply_cd'
/home/roroco/Dropbox/rbs/ro_r4j/lib/ro_cmds/gd.rb:32:in `g'
/home/roroco/Dropbox/rbs/ro_r4j/lib/ro_cmds/gd.rb:24:in `block in build'
/home/roroco/Dropbox/rbs/ro_cmds/lib/pj/misc.rb:14:in `tmply_cd'
/home/roroco/Dropbox/rbs/ro_r4j/lib/ro_cmds/gd.rb:23:in `build'
/home/roroco/Dropbox/rbs/ro_r4j/lib/ro_cmds/gd.rb:18:in `build_ro_gd'
/home/roroco/Dropbox/rbs/ro_r4j/lib/ro_cmds/idea.rb:30:in `try'
/home/roroco/Dropbox/rbs/ro_cmds/lib/ro_helper/cmds/kls.rb:51:in `start'
/home/roroco/Dropbox/rbs/ro_pl/lib/ro_cell/pl/sv.rb:194:in `handle_rq'
/home/roroco/Dropbox/rbs/ro_pl/lib/ro_cell/pl/sv.rb:118:in `block (2 levels) in start'
/home/roroco/Dropbox/rbs/ro_pl/lib/ro_cell/forker.rb:26:in `block in create_process'
/home/roroco/Dropbox/rbs/ro_pl/lib/ro_cell/forker.rb:24:in `fork'
/home/roroco/Dropbox/rbs/ro_pl/lib/ro_cell/forker.rb:24:in `create_process'
/home/roroco/Dropbox/rbs/ro_pl/lib/ro_cell/forker.rb:11:in `initialize'
/home/roroco/Dropbox/rbs/ro_pl/lib/ro_helper/process.rb:42:in `new'
/home/roroco/Dropbox/rbs/ro_pl/lib/ro_helper/process.rb:42:in `ro_fork'
/home/roroco/Dropbox/rbs/ro_pl/lib/ro_cell/pl/sv.rb:111:in `block in start'
/home/roroco/Dropbox/rbs/ro_pl/lib/ro_cell/pl/sv.rb:102:in `loop'
/home/roroco/Dropbox/rbs/ro_pl/lib/ro_cell/pl/sv.rb:102:in `start'
/home/roroco/Dropbox/rbs/ro_pl/lib/ro_cell/pl/sv.rb:46:in `restart'
/home/roroco/Dropbox/rbs/ro_cmds/lib/ro_helper/cmds/kls/meta.rb:135:in `block (2 levels) in delegate_ins_meth'
/home/roroco/Dropbox/rbs/ro_cmds/lib/ro_helper/cmds/kls.rb:51:in `start'
/home/roroco/Dropbox/rbs/ro_cmds/lib/ro_cmds_runner.rb:31:in `start'
/home/roroco/Dropbox/rbs/ro_cmds/lib/ro_cmds_bin.rb:2:in `<top (required)>'
/home/roroco/Dropbox/rbs/ro_cmds/bin/ro:2:in `load'
/home/roroco/Dropbox/rbs/ro_cmds/bin/ro:2:in `<top (required)>'
/home/roroco/.rbenv/versions/2.1.2/lib/ruby/gems/2.1.0/bin/ro:23:in `load'
/home/roroco/.rbenv/versions/2.1.2/lib/ruby/gems/2.1.0/bin/ro:23:in `<main>'
2014-11-16 22:25:01 - Error:{RoErr::Bash::ExeErr} err cmd: gradle cpToClip -s
PK
   �pE           	   META-INF/ PK
   �pE��         META-INF/MANIFEST.MF�M��LK-.�K-*��ϳR0�3���� PK
   ��pE              ro/ PK
   �pE              ro/gd/ PK
   �pEU���R  }     ro/gd/Plugin.class}Q�N�P�Ji��(��o��=�'�!��(	����Hm�ښ�Y^4�`<�Q�mi���v���l�����9u(�U��Q���}-�bOz2����1�0�g6�bIϾ��'vx+&.Wj�?�X�2ɳb!���M+�Mgf�ؑ^��� p���凎�b�ڦ�9��=���,
�uB�m�ţ0]�9���G����(��`���05�[7�ϓ���S�J&;��Ӥ�%Bc���&*����_G��JK8�S(����<��ƙ�H�J��̏t�ŴXB��� 0n0Rb%_�|,�T�X|f��U��z�-jY�3�$,�s����yвV9l�q��PK
   �pE��
��  �     ro/gd/Pj.classu��N�@ƿqLLC�RZ���B�����,�H��&�ܵ/Z��J�U9� <b�	i��V��~�o���[ ���Ь���KX�+��ذ٦�7���j���4
�
�F'�0?$���L�G����D;}�{�G��,:�"�MR��C=�i_e�i�Ϳ����Q�Mx�k��	��N��+�2��^nT��L�yP���Fe)^7ٳR�|,��὏��ᓏϨ��B�����P��>X��R�>����xe�gl�2<��N���`g�|ͻr=1��x�m��2���c�K�,q�������P{���\9X��Z��ee�;+\5'jTQ��R��ԧ̃����p��D���[..kΟ�8���?��	d��И#��Q�� PK
   �pE�O��       ro/gd/Task.classuR�J�@=Ӧ�����~k�`6�FQqT�(�j�Ƙ����E?��櫓��Y���s�=�f>>_��!g"�Qc&�0n"�	u�40eb3f�1�~ŏ��V�A�K.C��W܃�u��Ǣ��E��{jѥ_e��m�d���C�L��KУ2aF$�T�r
�zɰh9eq+�@T<;I��m�~C�x]R�����&��d���bq�hgh�.�1�.r������uX(����G?,�lv�0J���(�-n|{Ͻ� �Mύ�d�҉Iݶ��������Tq'ɒu�:�k&�����40�,��n6�����R�U�A���:]覝�y$��H�1�����#�O��[4����kXK蔟9m:P���P����P��@��M-).�ޠ��W��0Z]��u^��N������/PK
   ��pE              META-INF/gradle-plugins/ PK
   ��pE���$   "   (   META-INF/gradle-plugins/ro-gd.properties��-�I�M�+I,����M�I,.�-��KO��)M��� PK
   �pE           	          �A    META-INF/PK
   �pE��                 ��)   META-INF/MANIFEST.MFPK
   ��pE                     �Av   ro/PK
   �pE                     �A�   ro/gd/PK
   �pEU���R  }             ���   ro/gd/Plugin.classPK
   �pE��
��  �             ��A  ro/gd/Pj.classPK
   �pE�O��               ���  ro/gd/Task.classPK
   ��pE                     �A�  META-INF/gradle-plugins/PK
   ��pE���$   "   (           ��  META-INF/gradle-plugins/ro-gd.propertiesPK    	 	 4  v    

BUILD FAILED

Total time: 5.065 secs


FAILURE: Build failed with an exception.

* Where:
Build file '/home/roroco/Dropbox/jvs/ro-idea/build.gradle' line: 105

* What went wrong:
A problem occurred evaluating root project 'ro-idea'.
> No such property: name for class: ro.gd.Pj

* Try:
Run with --info or --debug option to get more log output.

* Exception is:
org.gradle.api.GradleScriptException: A problem occurred evaluating root project 'ro-idea'.
	at org.gradle.groovy.scripts.internal.DefaultScriptRunnerFactory$ScriptRunnerImpl.run(DefaultScriptRunnerFactory.java:54)
	at org.gradle.configuration.DefaultScriptPluginFactory$ScriptPluginImpl.apply(DefaultScriptPluginFactory.java:190)
	at org.gradle.configuration.project.BuildScriptProcessor.execute(BuildScriptProcessor.java:39)
	at org.gradle.configuration.project.BuildScriptProcessor.execute(BuildScriptProcessor.java:26)
	at org.gradle.configuration.project.ConfigureActionsProjectEvaluator.evaluate(ConfigureActionsProjectEvaluator.java:34)
	at org.gradle.configuration.project.LifecycleProjectEvaluator.evaluate(LifecycleProjectEvaluator.java:55)
	at org.gradle.api.internal.project.AbstractProject.evaluate(AbstractProject.java:521)
	at org.gradle.api.internal.project.AbstractProject.evaluate(AbstractProject.java:82)
	at org.gradle.configuration.DefaultBuildConfigurer.configure(DefaultBuildConfigurer.java:31)
	at org.gradle.initialization.DefaultGradleLauncher.doBuildStages(DefaultGradleLauncher.java:129)
	at org.gradle.initialization.DefaultGradleLauncher.doBuild(DefaultGradleLauncher.java:106)
	at org.gradle.initialization.DefaultGradleLauncher.run(DefaultGradleLauncher.java:86)
	at org.gradle.launcher.exec.InProcessBuildActionExecuter$DefaultBuildController.run(InProcessBuildActionExecuter.java:80)
	at org.gradle.launcher.cli.ExecuteBuildAction.run(ExecuteBuildAction.java:33)
	at org.gradle.launcher.cli.ExecuteBuildAction.run(ExecuteBuildAction.java:24)
	at org.gradle.launcher.exec.InProcessBuildActionExecuter.execute(InProcessBuildActionExecuter.java:36)
	at org.gradle.launcher.exec.InProcessBuildActionExecuter.execute(InProcessBuildActionExecuter.java:26)
	at org.gradle.launcher.cli.RunBuildAction.run(RunBuildAction.java:51)
	at org.gradle.internal.Actions$RunnableActionAdapter.execute(Actions.java:171)
	at org.gradle.launcher.cli.CommandLineActionFactory$ParseAndBuildAction.execute(CommandLineActionFactory.java:237)
	at org.gradle.launcher.cli.CommandLineActionFactory$ParseAndBuildAction.execute(CommandLineActionFactory.java:210)
	at org.gradle.launcher.cli.JavaRuntimeValidationAction.execute(JavaRuntimeValidationAction.java:35)
	at org.gradle.launcher.cli.JavaRuntimeValidationAction.execute(JavaRuntimeValidationAction.java:24)
	at org.gradle.launcher.cli.CommandLineActionFactory$WithLogging.execute(CommandLineActionFactory.java:206)
	at org.gradle.launcher.cli.CommandLineActionFactory$WithLogging.execute(CommandLineActionFactory.java:169)
	at org.gradle.launcher.cli.ExceptionReportingAction.execute(ExceptionReportingAction.java:33)
	at org.gradle.launcher.cli.ExceptionReportingAction.execute(ExceptionReportingAction.java:22)
	at org.gradle.launcher.Main.doAction(Main.java:33)
	at org.gradle.launcher.bootstrap.EntryPoint.run(EntryPoint.java:45)
	at org.gradle.launcher.bootstrap.ProcessBootstrap.runNoExit(ProcessBootstrap.java:54)
	at org.gradle.launcher.bootstrap.ProcessBootstrap.run(ProcessBootstrap.java:35)
	at org.gradle.launcher.GradleMain.main(GradleMain.java:23)
Caused by: groovy.lang.MissingPropertyException: No such property: name for class: ro.gd.Pj
	at build_56giui9qrfbn1u820penbevfju$_run_closure9.doCall(/home/roroco/Dropbox/jvs/ro-idea/build.gradle:105)
	at org.gradle.api.internal.ClosureBackedAction.execute(ClosureBackedAction.java:59)
	at org.gradle.util.ConfigureUtil.configure(ConfigureUtil.java:130)
	at org.gradle.util.ConfigureUtil.configure(ConfigureUtil.java:110)
	at org.gradle.api.internal.AbstractTask.configure(AbstractTask.java:482)
	at org.gradle.api.internal.project.AbstractProject.task(AbstractProject.java:884)
	at org.gradle.api.internal.BeanDynamicObject$MetaClassAdapter.invokeMethod(BeanDynamicObject.java:225)
	at org.gradle.api.internal.BeanDynamicObject.invokeMethod(BeanDynamicObject.java:129)
	at org.gradle.api.internal.CompositeDynamicObject.invokeMethod(CompositeDynamicObject.java:147)
	at org.gradle.groovy.scripts.BasicScript.methodMissing(BasicScript.java:79)
	at build_56giui9qrfbn1u820penbevfju.run(/home/roroco/Dropbox/jvs/ro-idea/build.gradle:103)
	at org.gradle.groovy.scripts.internal.DefaultScriptRunnerFactory$ScriptRunnerImpl.run(DefaultScriptRunnerFactory.java:52)
	... 31 more



2014-11-16 22:25:01 - Backtrace:
2014-11-16 22:25:01 - /home/roroco/Dropbox/rbs/ro_cmds/lib/bash.rb:135:in `_bash'
/home/roroco/Dropbox/rbs/ro_cmds/lib/bash.rb:182:in `bash'
/home/roroco/Dropbox/rbs/ro_r4j/lib/ro_cmds/gd.rb:27:in `block in g'
/home/roroco/Dropbox/rbs/ro_cmds/lib/pj/misc.rb:14:in `tmply_cd'
/home/roroco/Dropbox/rbs/ro_r4j/lib/ro_cmds/gd.rb:26:in `g'
/home/roroco/Dropbox/rbs/ro_r4j/lib/ro_cmds/idea.rb:35:in `try'
/home/roroco/Dropbox/rbs/ro_cmds/lib/ro_helper/cmds/kls.rb:51:in `start'
/home/roroco/Dropbox/rbs/ro_pl/lib/ro_cell/pl/sv.rb:194:in `handle_rq'
/home/roroco/Dropbox/rbs/ro_pl/lib/ro_cell/pl/sv.rb:118:in `block (2 levels) in start'
/home/roroco/Dropbox/rbs/ro_pl/lib/ro_cell/forker.rb:26:in `block in create_process'
/home/roroco/Dropbox/rbs/ro_pl/lib/ro_cell/forker.rb:24:in `fork'
/home/roroco/Dropbox/rbs/ro_pl/lib/ro_cell/forker.rb:24:in `create_process'
/home/roroco/Dropbox/rbs/ro_pl/lib/ro_cell/forker.rb:11:in `initialize'
/home/roroco/Dropbox/rbs/ro_pl/lib/ro_helper/process.rb:42:in `new'
/home/roroco/Dropbox/rbs/ro_pl/lib/ro_helper/process.rb:42:in `ro_fork'
/home/roroco/Dropbox/rbs/ro_pl/lib/ro_cell/pl/sv.rb:111:in `block in start'
/home/roroco/Dropbox/rbs/ro_pl/lib/ro_cell/pl/sv.rb:102:in `loop'
/home/roroco/Dropbox/rbs/ro_pl/lib/ro_cell/pl/sv.rb:102:in `start'
/home/roroco/Dropbox/rbs/ro_pl/lib/ro_cell/pl/sv.rb:46:in `restart'
/home/roroco/Dropbox/rbs/ro_cmds/lib/ro_helper/cmds/kls/meta.rb:135:in `block (2 levels) in delegate_ins_meth'
/home/roroco/Dropbox/rbs/ro_cmds/lib/ro_helper/cmds/kls.rb:51:in `start'
/home/roroco/Dropbox/rbs/ro_cmds/lib/ro_cmds_runner.rb:31:in `start'
/home/roroco/Dropbox/rbs/ro_cmds/lib/ro_cmds_bin.rb:2:in `<top (required)>'
/home/roroco/Dropbox/rbs/ro_cmds/bin/ro:2:in `load'
/home/roroco/Dropbox/rbs/ro_cmds/bin/ro:2:in `<top (required)>'
/home/roroco/.rbenv/versions/2.1.2/lib/ruby/gems/2.1.0/bin/ro:23:in `load'
/home/roroco/.rbenv/versions/2.1.2/lib/ruby/gems/2.1.0/bin/ro:23:in `<main>'
2014-11-16 22:35:03 - Error:{RoErr::Bash::ExeErr} err cmd: gradle cpToClip -s
PK
   [�pE           	   META-INF/ PK
   [�pE��         META-INF/MANIFEST.MF�M��LK-.�K-*��ϳR0�3���� PK
   ��pE              ro/ PK
   ��pE              ro/gd/ PK
   [�pETFt��  y     ro/gd/Plugin.class�W	W��	���Y�8�S�ւ���k�-�  �(TqS:�Fbl�QF#�mڦk���ަK�&]���N@�q�n�M���&ݷ�����$Ј��p�7�����y�?�?	`��AP�p*�)�O��[#'�i1�3��ȉ�R\�(j*�R�DZ
�Yٔ�[FV]|O$�*������4ša�ynk]���V��Z��NC���r���񾴘��g�
��h\IH�b>6ͩR2MFd%�e)<~b�,�q�n�P7%i���к(�!�A:��<%E5q*Kz%���m�wOd�iI=*f�R�kG�ή�v��޾}+���rF��sp�c��փj�ph��$�OL���&���H�m��;���0��8��H>l)�hC�U��C3�4T̬�����밎�^/`��m�6)���H)x�Ք^����_	�1�ը�� /3�K�9�'g��S����.	*��*gR=�8��8l^�ZG[�S�4��"pP�N�S��r����26q�!P�{�s���=�H�L}RQ�Q�5)<�S��Ŝ6��9l�/����n��P���C�rD㪜���$&ћ�����M�R.�Jb"B[�aߋeo��T=������bl+�lRI�d��*e�a����U>H�svp� ��+Y$���8%��mOTS��<RME�褪�O�%G8�)b7'i��W\j�V�(͐:"+���1�=I�bD�Ua��vZL�E����79��c��J������q�!�B�P�H�k��<	�8;L_Ms��%g^ȱ�*����8s���)�Z��N��v�B5fҾ�V>��@�	ð��$;�E�Q��12���Z\㯐8åPڮl���y5��)(�8	�
��J:�V��Ѥ�3I�V}�����7nj�i�f6o�ǽ/wZ���h
��G��}ڽpTIjǤ�D�\�M���Ao$���/�6���f�WԎ(l�E��EG���3	2�6�݃��taIe�hh�Ox�f�{4������������	-N�@���<�y|P�7��?LA��Tb_�/�hr��Pc���q��8�VKfR�M�����A��p��t��fϾf�ä#uKB��p?S�<�����HKu탫Zg�"d�_b�a*����"�!#��I�?����a���m�N8���޶���4��.�1��lI٤��b:Wa�Zcx�L�BI��rFL�wP��֫�'�J�ge�/N�]���-w�+A����^���%@7ӫW���%�8v*^��x����s������=��O����o2������~�n�F�[��B�S���"�9mL�E��p��J�[a��_Q'u��"~�g<�5~����ఢ�����|&qHU����Æ%Ɔ͐�=.e����}B�rb�<�Z�9�q	����<����.�F*���3��`�?5$f��uQ9���J�W��a9-a#����yԡ����'�p7Va5�w��
�:���I_=�$X]G��"z�M�b�C[Kp�\	�b�PGp�1l�?�����hu���2�F�ia��B5iZ�0H�P`o��\yL�{(7��Iu�[��P�}�1W(Z}[b.o8s�c�
�u[\�6D:��'<1�k�����%�T��ޠt��}}���o�p���a��_"P�<�R\�0�kt`'��c��ݽ��
nw�͈�ێ�ێ�#,�zn6���j0����+u��Ҽ��w��:Mv��V�n�j�=@ZLo3m}�[� j��:s���a��X�<&B�����c&i̭~M<D�#i��5�ck�Ql�-�=3��Q�Rԯ����$)�B�T����C$�J	�Oِi'��"���2�P�<nsc�S�Z��3#b�Ȼl�i{�ˍ�q��YǮ�[YBu�1��yܩ���l�N3�
x��s�,��<�o���w$���@h�0�Kt�m�Э�.�C�����Gm�f�ԥ��؟�}��<l�?���_��� t`�b���W���GLvՐ�0\�n3E������"����������.`�sx�J�eK��w`ǌ�<lt��u;c7z�E6x�$�]K��@b��QL�w.������eR�o?"�c�����������P�_���6�^j���D.����Os��%#d�{��*�x�U����¿���?PK
   [�pEcEG�r	  4     ro/gd/Pj.class�X|���%�dq,�%@��X��04�a[6Q\���!�eY���&Б6�Jҽǯ�i�6I$Xh�B���ґ��4]i��nH2:�i���;}o�����>?��X#��hj$���!�3$�ʑ��KGv�R����iMUG��ۍo�Z+�~�P�� �&?$��u��FA��L�#+
]�U@(�j�HRM)��H!b)ה�,�̨�H����D�4�vn [Ê.d�n�����H�a%���y���XI$Z�Y��)���C��\˚��-k֭Y߶�m�����\F��E�Ѵ&��JD�g"�4��n��
�Jh�</�h0ןV�9��ete��ɔ��@p�s�#9�'�$��Gl�v	�Ћ\!��Uƌ����^N��g`1�^)af���R-s ��2y}�!]a��)9�+���h�rAߣ�9�W\�^�����|��G�W{�L,��A={��3Ȃ��K�.�1��E�?��.+�"h{ݼ,`�CD���h�bAC��gPS����r-����
{D������LA�gr����"`]����er��i���bn7uu�"6N*_�"�pL�6�@`_��}�~�����&P�m��y��1(�R�����h�a���*@2Qd�t�-$l�/���4��B^S�T�r*`ӥ°����ze<�
h2���gPM��u�h�����UЎN�۫�w0����Ş\O��VB���ta2���e���bz��5�$*#���+�N�j�t��r2�Pz.�%���Q9;�Lr>m:���y�b��������=sܠ^Ȯ�tHrk7�oä�d��$R|Pt3����aG�Oտ�d�	^��ny@@`����a*�U��T����_	*�^�p���䪄�49PE�sF�(���\\�"pƥTY�|����#�r:���x��Kh>�P��Y7-#�*o��X��Ie�R����o*�[�
��Jc����.B��Y����bq�<�^$�軕��X����6F��ߍɬ1�Hx5�+5x�+KGU��o�a�(ѝ��ʈ��T�	o��xbYZ�k4MB�ކ�3�|�ˆ�UKGtׄ��	s̥�R��Ӑ(QU���syf��ʨ�U���[�9U�P�u懄���םt��<�ra��pm�DG��^��q��ܟ���K���1�ԁ=6��{q���œ��Tk�%�*�8Ơ�8ʼon~I8n�;N��.��������m,��S4KN�z3,��o	gLe��ȏr㈜����o��֙>��X�lE&299�9L�x�O	_0m<\�W�M�$ɺ2i�MP+o
8��K%�惡�3�y�5B���Ƀo�8i�60E��j�3��%���
���4�_�߿�\5�Ք3��8�ҽ�"u)�ǄN
\�O1����o��?�b��d�_zd31�/�b����<��!ɑ�\}��׾Q;`I�i�T��O��_\Yf�S�Ne`�:�Km�4�n��e}�nrܔT�|�����^�P��d�\��dhR����c�U��|Q���W�2<�����䔾����f�̤�U�@���~{cꈖT�e�
�Ѧ�A�H_t�x�d��m�0�޷�M����㌷�x{��
��|��_�� =��c~�zCǱ�oU(q?���op/t�j�Xq5�\��?��
<I�&Ý��#ƗaR�����<rI�J�����TC��d(�5��}���}N���c����ga`���V��^f�SD��.�ZZ_W2�����F�����j�*�e�>K;܀vK�����6���	������qW8V{
��]�ͱ����,���s�dYs���]��E�����L�R�
�i��_�3|��<��r�_�e�����k�p�;���Zin�t�+b���B�m%?�J~��y�Y}>^`Y".�_�ؙ����q7{�\��l�+G�lG��&Xv�X{���:ૹ�PCcG����a6��ţǐ�Șy;�t��z"rG��/Bژ>���,~��P�J�ʀW���.I�&��}�3u�0�s*��K�YH��$�$�^
���K���n.�r�U��6�[\%�[K�\��Un�6�y����������p��B��K���UE�����C�y��7�=�;6~�/�o�
x?>`�ε��rm�Y��CN	��p�tY|���]�O�m���=�1;CGJ�_I��&��h�x�D����_�o1�d�8N�N�bsPZ2�m�iG���ɟ�Cթ�9;��;���R�38/�y	��䆐����X��}���}ߌ���p����	a��*������8��8~d�^@�3�;,݁���,���8~v�z��W�/zN��8����F�����k|�D����𨥰���,�u,z��	r���������*��u�OPK
   [�pEp6��  W0     ro/gd/Task.class�	xU��'�l�}ms�J����&��KB[z�IiӃ���8ݝ$�nv��ٖ�UD@�@< T��R�I)�(�
������ ����y�3ٗP>��2����_�M���� `��!V�%R�m��;
�0+WH�T�J��t���7�G�+fr�=�3;�8�}߼s��t�0a"�-�(5��c:�dGƴ�l!������5h�Ǭ`�g�E:�M��+�}}�ac��P=d9�F��Tc��ľ>'=d�8�P���#4V���O^ޗ��X�3�|�ʶ-n[ڶx���K/]�P�*�M;�!T45oPu1�@=Bm��t��LOڱV
&����|�ޜb�%&��o~B�0�����̲�u�ƒeM�c�&�f1�1L����g0Md�����#�a*��e�1%#�K++h��J�o��F^��_��L��r6/w+� ,j�+8Vj4���-S\F����I'W@X�TNQ��e�1����6X��5wfH�6�,���]% ٓ�I���_�ϱ֕u�B����E��!���i��1�2��NR�+`,��)���l��xOE8���NN���iڃ���q
���,�r6J�����I���u�Ig��ɡB]9CZ��j$��tvOn��x��P�jg�g��W�P>��T=F3���Ъď�YP=��M�K=O�)7�ώ�&؎�b<��}yZϦ2i&��m�r���s(����l�Iޣ�F�O��y1�7"���AO���;*�V��<E`�'�)��,3�M�p�kY����5��f�`'�t��˃��欗��RA�dU;��mֈ�&p
,֤��5kY�0v8F���R�Q�r8@]���� ���[
��Up��o���~�9� �vQ�������R�c�t���|��mpX�"5�o�pՇ��j>{��lRd��@�k�F�XM�-�V�6A9[ͥ�MG;D��JU9R�Z�棟2����p�d�*�Rn���Ӵ�D�r����/f5�a8����b�~�@{=�U�����p|�:3�R
��h��E�U�fy�;Y5�{�|�>���dx��&O'zr��V�ߢґ�����	��k(�V%3�%�c<`�I�W���qe�4�-7K6�sH�j���z�l>���0C+�eNQ�]/���a7	��),��h��:m�%`�\�*1�������t�̤/�RkȖ���ʠ
��ެ�8j9�#1K��I㌙�f�Ƀ!n�18�R]SJЦ�v����¢��$�ē�X	C�3���%�6�
r�zp;y�Iq��B���R�¦2���@:k'|4��3��
�Ƥ��o�=��7æt�S;r��Rk��@t�6�e��O/������~�X�"��'�2��]p�����_)�C��Cx����$+��\��M�5����],Xc�B���x�Y���pŒ
E�EG���9Ku>��]����J�aN��w�vc�drc�^	�۵҂���1�����^<��.gI�k��L��_�D�x�y�6��v`�#M�I1; ����t�Ra��9��}�3�d�]��e��%��4�vP]wӼ��\-�;<���!A�^��e&y0/��_���X��
���sks��d�v���j_��E�����Q�J�L:��r_J��"���p��X�=�E���~��#�an��h�y��V�A�1�@ڟu�89� 0�F!Vt��fb�����al�GV[�uA�̐��t���+%���Bۈ��'s��� �y�8��1�FcT)mץ�<���_�����Q�T`�d��¦��M���x���b�^�q8���	��梓/:��Ϝ=�.o�^oU�	8��7�9����g����̫R�p�7cc0W̤����]�WUs,�B�2�8'��	\��,pQ�岙}]��g�Q{ɣ�G`;�19���1�j�+\U���e�K�n���-m�ͺgz�6�]�
��2�Iۺ��������V�N��_W�jY��x�zBC0�G�yAy ����2j����2�RyQ)��!�Rh��x&_ElA*��JK�4�Eǽ2��`y��t�M����#����A�3��`c�;��q.��!����#=��7���[X��p��+�1e{�
��I���v<�9����3H��{x�L��M�L���ͩ��A:�O �0�R�� /�}x>{3�� ���].�ek-Y�)>g����e�wz�sY֮L˨��`��A�.p�m�Hs��R�f,:7d2��7�<��\3Y`/`�6'���E>ɗ��X���_��Zx�L�}��'}��C�[��o�vˆ_68zn4�&� �J��N��y�H5	�ٝ�~�쨦�REȫ�0���_v�6k(�+��}�ir[�j�\b]�FS�� ��+�rf�>��nI�2P3V?d����z�!ٵ?��T���B*'+UF?�W3��Q˖<?H_��M���4�U)�[���I���?EU|w�3�R�f����@
Nד
�,^�R>.V~�7�>�"���Mx#s�B���B]��������W��z�M��e�>�p|�y��r��0�[�[���^����$�V����B;-۽�t�5��G�F�NWVN'��/%�@��;��wW`V���<E�U�7��o����[������ƻ70���,�E���3�>���e����0��vY��G��e�(0��a�4�k�&�,�?Ç��#|.�l�k�P�!��%�M뻚��
>�+����z��/<69|�u����ѿ�J����P�,X�rk |F����	�f�0I���������y&����:ʃ���$�ȁj\��'>�ܟ��@�~�6t��c�$�(��/0������@{Iv�����Q�M���a�UB�WaD$����d�"�B�F��Ф��B�W�yN}�k<�ʨ���`n�&o��!,m�Jw��e.���+"��Qà#e��g5�G}R��c}W2�Ō��tj��܇F���Pa̢1�h0��dc
�9{�C��|�O�f�n�W����$Y�F��jW})�2j)j,�X��d,4�cF���XBܔsQ;��u�b6��P��F+��Q�6��qa�r�X�X$ǟ��m�T$��(����FfQ}5t��Ȼ���m�v������H��t��T�i��I�L��ͼ�;֓+��+0� �*kb����2��K�������|�>k�g�/�)dL���:@c	�3	�ā4=>SG`fw���5�w׺�f�xn,����"D7�w?�υy�shݠ�L�RwB{݉-u��㇡Հ�pR���S��`��c�B�.ga,��W	H��N�'�R�����Rk@���k��&�m�[�; pw���E.����!#j\�'B�%���^%��2Q���&��Yk<}z�k�z�gck]G{�ږ�pf�����i���A��%�k=15��s9mm���H̦:#~6�F�-�-=�u�zz#�gv����(�=�;b��G 9R3���xW�N_�Nd�ܷ4�",_�Β^�!��5H�b�,e�ZWD"G���"���z,��X��.`=Hj�w�.���N?Z�{�v�Y��[$啬]����?H���o%�Eu�P��8w��Sxu���}\�r.;���,����F�~��R�_����3��q��B���x/�����)H��p����y�T�[�]	���
v�$R������'��v��˙��l�D;���Õ�5��dM�����֕G�:e��ϼ��}~1��-�����e������Z����IP�-�p�R�{�ZO��N�+�_t|��~7ܣKQ�k��}�W+�������c~�Y�������t�%<�a�kE�<��N�O�q?f�V���u�_�o������?�9�%��������+����x�Wj��՞��S�W����8I!L�):u�qX��8����3u�c�X�������y�NT��q�W�l�qO(�Iئ�/Vҗ�b�)�k���T<M�}��;4��rg����
�A��I1ߌ[4�E����v�"��:����Mx���T)�~ۓ�>���%~P���ʳm�bN����������=�|�vc.R�o�*�v��;�b�]���x��^�/׀�_�XmL}@��A}>^��?�Wk��OW=�5
~-^��Z��^�a�yE~ި#��"�����W�״1�"?H��|HQ땿]��;4�w+�{���R���G��>E�]���W�?�f܏����E�S|X����G��S���~#���s4>g�0������_v����a����V�3O)�� j���Rħu��Ei�W}`�]����H^���/h��Q�����+ʶWu[c�Q�WJp��<p3�����u'���x��zc"=V���Ƥ��=2:�{d��#+���F��#F�cj/���O�r���t��j��!��{�`�}P7b����K�si,��j4���/��1���8ј�1l�F�:��r��������>l,�[��Di�^u-�_D�PK
   ��pE              META-INF/gradle-plugins/ PK
   ��pE���$   "   (   META-INF/gradle-plugins/ro-gd.properties��-�I�M�+I,����M�I,.�-��KO��)M��� PK
   [�pE           	          �A    META-INF/PK
   [�pE��                 ��)   META-INF/MANIFEST.MFPK
   ��pE                     �Av   ro/PK
   ��pE                     �A�   ro/gd/PK
   [�pETFt��  y             ���   ro/gd/Plugin.classPK
   [�pEcEG�r	  4             ���	  ro/gd/Pj.classPK
   [�pEp6��  W0             ��7  ro/gd/Task.classPK
   ��pE                     �Ax%  META-INF/gradle-plugins/PK
   ��pE���$   "   (           ���%  META-INF/gradle-plugins/ro-gd.propertiesPK    	 	 4  &    

BUILD FAILED

Total time: 6.382 secs


FAILURE: Build failed with an exception.

* Where:
Build file '/home/roroco/Dropbox/jvs/ro-idea/build.gradle' line: 104

* What went wrong:
A problem occurred evaluating root project 'ro-idea'.
> Cannot cast object 'root project 'ro-idea'' with class 'org.gradle.api.internal.project.DefaultProject_Decorated' to class 'ro.gd.Pj'

* Try:
Run with --info or --debug option to get more log output.

* Exception is:
org.gradle.api.GradleScriptException: A problem occurred evaluating root project 'ro-idea'.
	at org.gradle.groovy.scripts.internal.DefaultScriptRunnerFactory$ScriptRunnerImpl.run(DefaultScriptRunnerFactory.java:54)
	at org.gradle.configuration.DefaultScriptPluginFactory$ScriptPluginImpl.apply(DefaultScriptPluginFactory.java:190)
	at org.gradle.configuration.project.BuildScriptProcessor.execute(BuildScriptProcessor.java:39)
	at org.gradle.configuration.project.BuildScriptProcessor.execute(BuildScriptProcessor.java:26)
	at org.gradle.configuration.project.ConfigureActionsProjectEvaluator.evaluate(ConfigureActionsProjectEvaluator.java:34)
	at org.gradle.configuration.project.LifecycleProjectEvaluator.evaluate(LifecycleProjectEvaluator.java:55)
	at org.gradle.api.internal.project.AbstractProject.evaluate(AbstractProject.java:521)
	at org.gradle.api.internal.project.AbstractProject.evaluate(AbstractProject.java:82)
	at org.gradle.configuration.DefaultBuildConfigurer.configure(DefaultBuildConfigurer.java:31)
	at org.gradle.initialization.DefaultGradleLauncher.doBuildStages(DefaultGradleLauncher.java:129)
	at org.gradle.initialization.DefaultGradleLauncher.doBuild(DefaultGradleLauncher.java:106)
	at org.gradle.initialization.DefaultGradleLauncher.run(DefaultGradleLauncher.java:86)
	at org.gradle.launcher.exec.InProcessBuildActionExecuter$DefaultBuildController.run(InProcessBuildActionExecuter.java:80)
	at org.gradle.launcher.cli.ExecuteBuildAction.run(ExecuteBuildAction.java:33)
	at org.gradle.launcher.cli.ExecuteBuildAction.run(ExecuteBuildAction.java:24)
	at org.gradle.launcher.exec.InProcessBuildActionExecuter.execute(InProcessBuildActionExecuter.java:36)
	at org.gradle.launcher.exec.InProcessBuildActionExecuter.execute(InProcessBuildActionExecuter.java:26)
	at org.gradle.launcher.cli.RunBuildAction.run(RunBuildAction.java:51)
	at org.gradle.internal.Actions$RunnableActionAdapter.execute(Actions.java:171)
	at org.gradle.launcher.cli.CommandLineActionFactory$ParseAndBuildAction.execute(CommandLineActionFactory.java:237)
	at org.gradle.launcher.cli.CommandLineActionFactory$ParseAndBuildAction.execute(CommandLineActionFactory.java:210)
	at org.gradle.launcher.cli.JavaRuntimeValidationAction.execute(JavaRuntimeValidationAction.java:35)
	at org.gradle.launcher.cli.JavaRuntimeValidationAction.execute(JavaRuntimeValidationAction.java:24)
	at org.gradle.launcher.cli.CommandLineActionFactory$WithLogging.execute(CommandLineActionFactory.java:206)
	at org.gradle.launcher.cli.CommandLineActionFactory$WithLogging.execute(CommandLineActionFactory.java:169)
	at org.gradle.launcher.cli.ExceptionReportingAction.execute(ExceptionReportingAction.java:33)
	at org.gradle.launcher.cli.ExceptionReportingAction.execute(ExceptionReportingAction.java:22)
	at org.gradle.launcher.Main.doAction(Main.java:33)
	at org.gradle.launcher.bootstrap.EntryPoint.run(EntryPoint.java:45)
	at org.gradle.launcher.bootstrap.ProcessBootstrap.runNoExit(ProcessBootstrap.java:54)
	at org.gradle.launcher.bootstrap.ProcessBootstrap.run(ProcessBootstrap.java:35)
	at org.gradle.launcher.GradleMain.main(GradleMain.java:23)
Caused by: org.codehaus.groovy.runtime.typehandling.GroovyCastException: Cannot cast object 'root project 'ro-idea'' with class 'org.gradle.api.internal.project.DefaultProject_Decorated' to class 'ro.gd.Pj'
	at ro.gd.Pj.<init>(Pj.groovy:12)
	at ro.gd.Task.pj(Task.groovy:12)
	at ro.gd.Task.tryTask(Task.groovy:16)
	at build_56giui9qrfbn1u820penbevfju$_run_closure9.doCall(/home/roroco/Dropbox/jvs/ro-idea/build.gradle:104)
	at org.gradle.api.internal.ClosureBackedAction.execute(ClosureBackedAction.java:59)
	at org.gradle.util.ConfigureUtil.configure(ConfigureUtil.java:130)
	at org.gradle.util.ConfigureUtil.configure(ConfigureUtil.java:110)
	at org.gradle.api.internal.AbstractTask.configure(AbstractTask.java:482)
	at org.gradle.api.internal.project.AbstractProject.task(AbstractProject.java:884)
	at org.gradle.api.internal.BeanDynamicObject$MetaClassAdapter.invokeMethod(BeanDynamicObject.java:225)
	at org.gradle.api.internal.BeanDynamicObject.invokeMethod(BeanDynamicObject.java:129)
	at org.gradle.api.internal.CompositeDynamicObject.invokeMethod(CompositeDynamicObject.java:147)
	at org.gradle.groovy.scripts.BasicScript.methodMissing(BasicScript.java:79)
	at build_56giui9qrfbn1u820penbevfju.run(/home/roroco/Dropbox/jvs/ro-idea/build.gradle:103)
	at org.gradle.groovy.scripts.internal.DefaultScriptRunnerFactory$ScriptRunnerImpl.run(DefaultScriptRunnerFactory.java:52)
	... 31 more



2014-11-16 22:35:03 - Backtrace:
2014-11-16 22:35:03 - /home/roroco/Dropbox/rbs/ro_cmds/lib/bash.rb:135:in `_bash'
/home/roroco/Dropbox/rbs/ro_cmds/lib/bash.rb:182:in `bash'
/home/roroco/Dropbox/rbs/ro_r4j/lib/ro_cmds/gd.rb:27:in `block in g'
/home/roroco/Dropbox/rbs/ro_cmds/lib/pj/misc.rb:14:in `tmply_cd'
/home/roroco/Dropbox/rbs/ro_r4j/lib/ro_cmds/gd.rb:26:in `g'
/home/roroco/Dropbox/rbs/ro_r4j/lib/ro_cmds/idea.rb:35:in `try'
/home/roroco/Dropbox/rbs/ro_cmds/lib/ro_helper/cmds/kls.rb:51:in `start'
/home/roroco/Dropbox/rbs/ro_pl/lib/ro_cell/pl/sv.rb:194:in `handle_rq'
/home/roroco/Dropbox/rbs/ro_pl/lib/ro_cell/pl/sv.rb:118:in `block (2 levels) in start'
/home/roroco/Dropbox/rbs/ro_pl/lib/ro_cell/forker.rb:26:in `block in create_process'
/home/roroco/Dropbox/rbs/ro_pl/lib/ro_cell/forker.rb:24:in `fork'
/home/roroco/Dropbox/rbs/ro_pl/lib/ro_cell/forker.rb:24:in `create_process'
/home/roroco/Dropbox/rbs/ro_pl/lib/ro_cell/forker.rb:11:in `initialize'
/home/roroco/Dropbox/rbs/ro_pl/lib/ro_helper/process.rb:42:in `new'
/home/roroco/Dropbox/rbs/ro_pl/lib/ro_helper/process.rb:42:in `ro_fork'
/home/roroco/Dropbox/rbs/ro_pl/lib/ro_cell/pl/sv.rb:111:in `block in start'
/home/roroco/Dropbox/rbs/ro_pl/lib/ro_cell/pl/sv.rb:102:in `loop'
/home/roroco/Dropbox/rbs/ro_pl/lib/ro_cell/pl/sv.rb:102:in `start'
/home/roroco/Dropbox/rbs/ro_pl/lib/ro_cell/pl/sv.rb:46:in `restart'
/home/roroco/Dropbox/rbs/ro_cmds/lib/ro_helper/cmds/kls/meta.rb:135:in `block (2 levels) in delegate_ins_meth'
/home/roroco/Dropbox/rbs/ro_cmds/lib/ro_helper/cmds/kls.rb:51:in `start'
/home/roroco/Dropbox/rbs/ro_cmds/lib/ro_cmds_runner.rb:31:in `start'
/home/roroco/Dropbox/rbs/ro_cmds/lib/ro_cmds_bin.rb:2:in `<top (required)>'
/home/roroco/Dropbox/rbs/ro_cmds/bin/ro:2:in `load'
/home/roroco/Dropbox/rbs/ro_cmds/bin/ro:2:in `<top (required)>'
/home/roroco/.rbenv/versions/2.1.2/lib/ruby/gems/2.1.0/bin/ro:23:in `load'
/home/roroco/.rbenv/versions/2.1.2/lib/ruby/gems/2.1.0/bin/ro:23:in `<main>'
2014-11-16 22:37:55 - Error:{RoErr::Bash::ExeErr} err cmd: gradle cpToClip -s
PK
   ��pE           	   META-INF/ PK
   ��pE��         META-INF/MANIFEST.MF�M��LK-.�K-*��ϳR0�3���� PK
   ��pE              ro/ PK
   ��pE              ro/gd/ PK
   ��pEN�  y     ro/gd/Plugin.class�W	W��	���Y�8�S�ւ��B���b��B7U��H�-4�h��M�4i�t9m��钶I��)���n��k��������͌F�n�y�������g���� v��U	&���R�����q�5tB��)1��?!Ŵސ�&�IU������M�=edU��������L�6���MS��������m����ʐ�4�ȼ'����O���@:�p��Ɣ�4)�AӜ*%RdDV�AK���Q�0�ρ��Cݔ��:�C뢬�ҩ�F5yJ
k�T��9�J(���iiZR���������ݵ���{���Wr��#�em��7.�k]�F�FOR���T*,kR�����6��}:�4���|���^mhw�
�phb&�z�����{}rp�1���AC�m���&eR[*ա��KQ��z+A�7N���U��f�=q9�y���rR�tq��2��r:�[�S_9����uذ50�I��/�������=�+��<.c�� E�{9��������'U#���c;5hL�jc�a��&��i�1؉n�8�k��1U�h�Ok�苋MRy�"�q)�Q%1������/�|6T����n���bl+�lR����s�*������U>H�s�qk�«Y$}��8%��mOT���<RME�ؤ����$�9�)b7+i��W\j�V�(͐:"#���Q�=Y�bB�Ua��vZL�E�'��7�o�c��J������v�"�B�P�H�k���<	�;L_Ks��%g^���*����s�:��)�zޕNo�v*�j̤��u�|L	8��"�a+T	v^���b�m2<d��J����[!q�K��]�( Ӄ�#�jhSP�q4�)�"tzV��֤�,3I�V}����7nj�i�b6o�ǽ'{J��h
zb�G��}ڽ`XIhG��D�\�M�7�MAo&���/�6����W�)l�M��EG惥3	2y�u�mx;]XRD7���މ��~Mp3�������4��Z������~P��� ndA����Ğ.OZ����x�Q�:�1���I1;�O0�#�2>����J�5k�5{m&�$|1��Q��cTi��upU�l_�#L�5L�S"�]'[<jd�ix���U�-�	g�,���/��}��<i�-)�t[NLe+��CkOa��/)PBN�)�J���*�i�ǥ��Y���`פ%w�no�#���R��uз�fz��<��dB�N�K��m�`.�a<�!`Q���v�Y|O�����0#0ڏ�m�H{��_����Q$?�����=n|�YY�VX������	E����_�9~��p��(8����!%��TU��h��a��E3$n�I63x���K�٬�$`-���k���g��_�F��C
a\Tev�cj0����3�ﺰ�L�ZN�wWXɩ1鐜����^M�<�P��b�h����ֻ�W؇�D�ڤ�.vJ��#`�=���V����?��<��g�~��};&��0�;=Z�d��B��9eZ�B+�PM��E�2R1��&l�@C>S�~J�I�!RqW��#q^Du�W_Ė��G���ö<z.c��؆HG�y�q8F�ؗ��\"KU��z@,��O���v�H�FJ�%���5�A3�I�F�Y\���Ε��H���hF;�8vZq��(���ބ�M�'�L~++�J��4o�杖�Nӟ�mg!['�5��'-����>�z��<n�9�h(pk5):�h`�3zz�$���/���Hy$,{A��rl�?���8g&�B!�Q��543y� �H��n3���Y)A�)2�V�UV���mN̘b�U�6bfCl9�%5m�s���N>����c+K��6f�;�;u�����4þ!����;�����=��f��~����&�}�@X��:�2>8����e�ь������'��ӏ����!��Ux�ذ�T`���W�X��MvՐ�0�_�n3E�3֎:�"�����\������;��r@��B!�����_Ä;b$�b��d������M갡�X� ��D�$�h?e�D�gq��9��_&��+p��CR~6B�?&����O�_�j���3n31�v��L�<��J�4��^2B����r��_U�����K_]�PK
   ��pE��z�	  [     ro/gd/Pj.class�Xi`���%{e��6C	��%�l` ��X6\���"�eY��V&� m�6Mz�mz�w�އ��!$�i�I�����}Ӥ���dK2&���՛�y3�����z�Z6�����h��7,�1Tˣ�?.'��=����.��� ����Qs}��mS�*���L���0�T-�jr$���d�ߧ�����7�tY��;�r*ՕT�wX�(Cr:�Li�`�Dbj�%ya`�4�t0������a~ d�M �YzlD	��H��v34����0�PFm��L*���-m-k׷��Y�~CŦX"�oaX�)�V�����sÉ:��QE���`LW�j�L�i�4,�l:����ğ"~�-�.b��(�B��2h��'�w�����"���\�
U�SI_K�;!�J�����Z,�o;�+�ckDN�&����S�~u�Ѥ�p�'05���VLh��<"V`����B%G�ep�C1r������I�t�ZO-Jk�����
��VR͗V�(�X7k�F������#�8�\O*���Q��jP�b��T�檁��N���r����V�Hov��~����vv���.�b�8]�t��!9��8�!U����VP���.]*j��"�q���ڍI�� �Mo��RzC,1�VZ�8n����+��s���k$�����ʹ�s�P��Bf�?ߍ���D�TRS�H��3l��{���Ȫ��x/�Rњq��R#{iMS:0�)��@�f�^��٢�3�s$2�M��qY��&Ӳ����̔��\9���]�O�P�J*�N�t�L���D�o�b�K:��G�xZ�>j�_Q|Ѥ�-�}�s۳��"ɡ�@=��;��P3��؇B
:?����ɖw���p���n�&��pco�73xfz����ņj���8��@�mx���RSq��;�1x/c�W�� ���������ˑ���z��y9K��x�,܉���B��R������*_O*S�*7<[�T0��\盌�!uDNvQF1T5�'O>���i��AuPߧ*���|�y+��3�픾��qc��>L�ᝤ/'P�!�n���3��|w�ǜ�T��s�=x?M�qZ9`4�i�E܏rڇDH����&����3KDT�K��.�c?�s���D[�2��Ri�hCKCB�c��s��!�9>@ǝ�3$��:(�@]䵽 "�q�=��mO"6a3'>L�k���)7�"��s��	mq���8�K�c&�ϒ�gw���p���'
���8_x����>m�Qe�[ėLe_��^�!-ǩ~��%4�W�"��'������%�x�&��e���i��y|�W���VW&�Ԧ�<Ek6�0I��h��i.��2�~�Ґ�)�x:��OiB+����S�)�,9c���=|�����2p�J�f��i���s�oݸ����e����B
��?��y
�s����K�}4�������H6�|�w��_���ߔa�	�%�_�|�/us�,	��䠪��.��4M��"�ث����5��l�4U��K�(�Uu��ư�����f��(��UDVA��ʙ0%B��g�n�`n�)�ԥ�JA8 k1~9���G �Pz�#��Z�MW���9i�vմVv��
�Ѧ8ɩ
�E�$����_z���};��ѻ�w2�-o7ﲔ�KI��tC�� ���w�3X��=�%���b��~�Fg�S�*�Ƴ������Ǎ��B�gVa5�����XOv23� 14�o�լ�ދ�P�'5����V��M��2�1�`t	2�sa`��>�ԉj6Ǥ>CD��@��f��7Sk�iϙ(�.h��i�rک�Z�G)^\{��}9q�]�*m�:'���}H]�+�=g���vs��*
�������9��jz�0�Mav�{a�ʼ�q]�yΐ�,?��!��9�1��M�"�,��·�!�cO/������Х�ݹ��P��ak'"P�+��3�kQ��"Ϧ6�k��<3��a+�X�uY�8�!�q��$,������w��|��m��k2��m��u��Xv�Yy��jfT*�.o7���-�y���
��-�Sx���WI�E�E�8F~ܑ��'m����@�B��������JN��K��$�J�e	K�
���y(�N(Q��Ń4�`���[5��:1f�ݓ���DE�mopd����s��7;aڬ�s��FoáJژnv�,�$ޑei�`_�����ݤ��'�Qo->F�>��'}��,ç�);�R_�n�"϶�I��9�5�ǃ6�Ƌ���E>�m��3v����|�m�g�����,��E������K���9�ǳ�9���.�l�����M�*�,�8�a;�͢�߱ſ�y�t��G��B�8y�Wj�~�J-ҏ��.���[�����y-=�[�4rX�ˌ#��G�%o7�ԯO�B�
{���-�4�;,k�������|���C��ݧ�T�D�A�G��IeX{U.T��_\��Z% y3��N3G�w���٬GM�Q��s��]0~U�f��PK
   ��pE"%�U  W0     ro/gd/Task.class�	xU��'�l�}ms�RZ�6٤�&���l�ҦMi	(q�;I���.;�-�����x �����&�\^�(*("

(^(��r������d_B����̾����7������%�
�X!��O%����( ��\�?�_0S+a�Ӊ��,f	�@��_����Kd�l�L�}��]V҉�8��H� �4؎餓�Ӷ;�}9�x�O�RրY���՗!�\6��D������xB���.aZWP��
@4�{{����혃y�[��X��m;��ެ��*�e��V�uI��%˗-;yY�b��U�l�9���i��Z��A�j�-���d�ӎ��P0ɼ�Ʀ����,1�$|���p��)05LC�g�ݮ�6�,���4�mf�L�=N��	��6!���Lt����`�w!L&V��=�d$wiem< TI�-����K��_�)QX@����b�`e�E�]��J�&� >�a��(���B1��
��)�W�l�"f� ���
����)�J������`<{r	�?��k�9�:��U�3���(,��J�mf��}̦�B*��B�	X���X�N6́����!,~���3h�w�� ���w��B:ۯ�����f�!�(t�,`�tҙ�gr0�PWΐ9��F�!�ݓ�m5�<bg<�c��cY|���9��Da#U����9�*�p6TA7ez���R��x�M�sb�	�#�K)g_�ֳ�L��rg���D�\J��i;�r�����8��A�yp~z���ciН,�󎊿�)3O�Hpʲ��Lu�!��Z֫��&ͪ�7��^؉0Un6��@.�9�%�&�T�6Y�FO�r�5b�	��5�`͚�=�B��Q?�&�bԶ�����ӈ"��B.o��[�.?��v��AȲ]���13E+�|�T~Z�h*���9_�i֨H���,\������^�([���=2P蚵?Z{��E�MP�Vs�}B�Qx'ŽRU������ا�w�`?\*��
����~x/��1Q��hl+苙����&�y�m�X�;�^O}p|p<\	��L��B�5��Xr5|�Y^�NV�^3�I��0�!��f��Ӊ�\���골t$y��8|�w�Z
�UɌ;f	�X|�����r\Y?M}�͒�}���1��>����h6���v�S�w��nb��j`��8�r:�T��!`�\�*1��䣆���t�̤/�RkȖ���ʠ
��ެ�0b9�#1K��I㌙�f�[ȃ!���[��)%h�V���Nea�Ig\�IV��!`���j��A�o9Y�
�����8Z{�cem)kac�q�L�?��>Mg���ZRcB�^�7���aS:ҩ��n���C�wx :�R�	ಏ|�'�|OZz`�\�d�|͓g���.8��v�Jᯔ�~
�!<��D��T�������L�.�Qc�R�	�	<�,JS�bI��â#G�ޜ�:L�NR��HY%��~�0�GûG���z2�a��WB�v�� �qx�9�*`6����Y���b:�r�W)��d����H�ylR���)&�#�T�fsN�o��L�2��g�	� ���T��4�0W��0�?�AHE���+s�I��+��9V�_��.��\?�ڜr>�ݲ�(Į���x���7�T��)�N:�ܗ�o��h5��VaO:i~"����Hx�[�~*�}^�+z�h�2��g]� N/��Q�U��`��%p<d[����`]X43��ݰ@��J� �'�6bm���\�/�OyG���Nvs��UJ�u�-Ϣ#��-&�fn�#8�3ۙaSK�&Q�z�Z��?>@/����g��ts������g�b�����*�$�����ikp��I�F�?�U)����ɛ��1�+fR[���}��+��9�\!kM���.��(P�r�̾Nj��G����J�#�[�����P���*�dݲ�en7�Sі��f�3=E��.p��\��m���zBYP�y+i'�鯫q��,�<�Y�aF0�G�yAy ����2j���2�RyQ)��!�Rh��x_ElA*�MJK�4�Eǽ2��`y��t�M�9��#����A�3��`c�;��q.��!����#=��7���[X��p��+�qe{�
��I���v<�9����3@��{x�L��M�L���ͩ��A:�O �0�R�� /��x{3�� ���].�ek-Y�)>g����ewwz�sY֮L˨��`��A�.p�m�Hs��R�f,:7d2��7�<��\3Y`/d�6'���E>ɗ��X���_&�Xx�L�}��'}��C�[��o�vɆ_68zn4�&� #J��N��y�H1	�ٝ�~�����REȫ�0���_v�6k0�+��}ir[�j�\b]�FS�� ��+�
f�>��nI�*P3Vd����z�!ٵ?��T���B*'+UF?��0��Q˖<?H_��M����U)�[���I���?EU|w�3�R�f�(���@
NՓ
�,��R>.V~�7�<�"����xs�B���B]��������W��z�M��e�>�pb�y��r�h7�[�[���^��F�$�V<�bo���^w�皉���r���C�3+����� �C��x�+0+��b��"�*�R�7xy���c�w`��{�i��"�{���v�����w~�W����#�܃��?�c�Tٵ�A��� �������>�z6�5�(�����������M�i�_��o�\x���>o�8o�N����~����`0o�m9wX�5>#V�h��O3�?��J��j�]��d�<�t�{����T�]�@5�R��e��r�?t?P���xA����ǋ�R�cv���$����GVȨ�&p����*!ԫ0"o�hC�`�E�O���h�~x!���<�>�5�^eTW��U0�
V�7t��5�r�;��2����FԨ��aБ���3��#>)��Ѿ+Sb�dc*5�1�C��t�
r�0f�n�0��Dc�9k�C��|6�H�f�ngT�����$Y���jW})�4b)j,�X��d,4�cF���XBܔsQ;��u�b6��P��F���6��qQ�r�X�X$ǟ��m�T$��DF�h%���:�E��N]W�6c�YHs�n�?�oW:km*�
��J���f����I���D���51�� Ps9��~�~N�j�v�5�3Ɨ�2&��B�����q�@����0�+~����Nh�q<7��_AT��'�����\�ù�n��x�n�;��n^s����h1�,��p7��� ̔|�S���,���*I@�h�d_�~��R�X�AXz-�aXy-T���u�<q ����r�"c��jȈW�<���Qxë��_#���Ҹ�>�a��Oy��VO�ll�ko�[�|�
;�UY9��:a=1(�=�dv�'�atyb�����s��Tgď¦�ȝ�����{ܝ����n[wO����ax�=������;rG���b�0$��_jf����*��k������]����Q�k7d<��Q�e�WˊȌȱ)7��@XI=��z,��X
�$��;}y���ӏU����rG��Iy%k)k#�R<�k��[@�qq�q#TŇ���%]���$^���t�K���\�e5���Ov\��K7�qZ�V8��^�����=Ig�$����=�:O��x3�+��W�!3���4���@���|8�]��r:!1!ю�G+<�j�p�aM!=Y�j��<׹��\�,���;�"��o �_8_��_��]���5�P�~���2�)%Ð��ď��t��E�w)�w�=����T���x��je_Q� Ѐ���C:�V��#:�/��4��ȟ�'5��)���2���ӊ��������р�U��'<�����^Ԁ_R��u~E�����S�J�߰�Sc~a���r�"'(��8IǠ�3��S��p�~����t���98Wc�<E>h�qn����/�V|���T�\��J�O��u�W+�k�]C�N)w&�L_��tA���͸E�V����n�*��cߨ�߄��M��=��S���W���ݭ<��&,�y/Ԑ;J�i�mߣ��j7�bE��roWʽ/рߥ�ߍ�j��U���
������������Պ�#x�����tՓ_�����:��������W�7�M:�/*�/i~U�M�(��h�����^���Q�CC~�"�GO�-E�mD��S���*�}E�m��HQ�X�1?Q�?Ňu🫨|T+�1E�(>�7��;9G�g�KO��e������(�o�9�R�p����)�G|Z��_������?�Y����_���������l{U�5��Zp�����7��<+^wR���ͯ7��cU�!��^oL��#�s�G6�=��^o�а�!>l�5&�� ?dL���?!���=1��{���6���6�u��	�3z�t���[����=�%�5&�T���6o�#����{�mCƒ���0�H�&�Q�ש�ˀ�� PK
   ��pE              META-INF/gradle-plugins/ PK
   ��pE���$   "   (   META-INF/gradle-plugins/ro-gd.properties��-�I�M�+I,����M�I,.�-��KO��)M��� PK
   ��pE           	          �A    META-INF/PK
   ��pE��                 ��)   META-INF/MANIFEST.MFPK
   ��pE                     �Av   ro/PK
   ��pE                     �A�   ro/gd/PK
   ��pEN�  y             ���   ro/gd/Plugin.classPK
   ��pE��z�	  [             ���	  ro/gd/Pj.classPK
   ��pE"%�U  W0             ���  ro/gd/Task.classPK
   ��pE                     �A�%  META-INF/gradle-plugins/PK
   ��pE���$   "   (           ��.&  META-INF/gradle-plugins/ro-gd.propertiesPK    	 	 4  �&    

BUILD FAILED

Total time: 6.606 secs


FAILURE: Build failed with an exception.

* Where:
Build file '/home/roroco/Dropbox/jvs/ro-idea/build.gradle' line: 104

* What went wrong:
A problem occurred evaluating root project 'ro-idea'.
> No such property: root for class: ro.gd.Pj

* Try:
Run with --info or --debug option to get more log output.

* Exception is:
org.gradle.api.GradleScriptException: A problem occurred evaluating root project 'ro-idea'.
	at org.gradle.groovy.scripts.internal.DefaultScriptRunnerFactory$ScriptRunnerImpl.run(DefaultScriptRunnerFactory.java:54)
	at org.gradle.configuration.DefaultScriptPluginFactory$ScriptPluginImpl.apply(DefaultScriptPluginFactory.java:190)
	at org.gradle.configuration.project.BuildScriptProcessor.execute(BuildScriptProcessor.java:39)
	at org.gradle.configuration.project.BuildScriptProcessor.execute(BuildScriptProcessor.java:26)
	at org.gradle.configuration.project.ConfigureActionsProjectEvaluator.evaluate(ConfigureActionsProjectEvaluator.java:34)
	at org.gradle.configuration.project.LifecycleProjectEvaluator.evaluate(LifecycleProjectEvaluator.java:55)
	at org.gradle.api.internal.project.AbstractProject.evaluate(AbstractProject.java:521)
	at org.gradle.api.internal.project.AbstractProject.evaluate(AbstractProject.java:82)
	at org.gradle.configuration.DefaultBuildConfigurer.configure(DefaultBuildConfigurer.java:31)
	at org.gradle.initialization.DefaultGradleLauncher.doBuildStages(DefaultGradleLauncher.java:129)
	at org.gradle.initialization.DefaultGradleLauncher.doBuild(DefaultGradleLauncher.java:106)
	at org.gradle.initialization.DefaultGradleLauncher.run(DefaultGradleLauncher.java:86)
	at org.gradle.launcher.exec.InProcessBuildActionExecuter$DefaultBuildController.run(InProcessBuildActionExecuter.java:80)
	at org.gradle.launcher.cli.ExecuteBuildAction.run(ExecuteBuildAction.java:33)
	at org.gradle.launcher.cli.ExecuteBuildAction.run(ExecuteBuildAction.java:24)
	at org.gradle.launcher.exec.InProcessBuildActionExecuter.execute(InProcessBuildActionExecuter.java:36)
	at org.gradle.launcher.exec.InProcessBuildActionExecuter.execute(InProcessBuildActionExecuter.java:26)
	at org.gradle.launcher.cli.RunBuildAction.run(RunBuildAction.java:51)
	at org.gradle.internal.Actions$RunnableActionAdapter.execute(Actions.java:171)
	at org.gradle.launcher.cli.CommandLineActionFactory$ParseAndBuildAction.execute(CommandLineActionFactory.java:237)
	at org.gradle.launcher.cli.CommandLineActionFactory$ParseAndBuildAction.execute(CommandLineActionFactory.java:210)
	at org.gradle.launcher.cli.JavaRuntimeValidationAction.execute(JavaRuntimeValidationAction.java:35)
	at org.gradle.launcher.cli.JavaRuntimeValidationAction.execute(JavaRuntimeValidationAction.java:24)
	at org.gradle.launcher.cli.CommandLineActionFactory$WithLogging.execute(CommandLineActionFactory.java:206)
	at org.gradle.launcher.cli.CommandLineActionFactory$WithLogging.execute(CommandLineActionFactory.java:169)
	at org.gradle.launcher.cli.ExceptionReportingAction.execute(ExceptionReportingAction.java:33)
	at org.gradle.launcher.cli.ExceptionReportingAction.execute(ExceptionReportingAction.java:22)
	at org.gradle.launcher.Main.doAction(Main.java:33)
	at org.gradle.launcher.bootstrap.EntryPoint.run(EntryPoint.java:45)
	at org.gradle.launcher.bootstrap.ProcessBootstrap.runNoExit(ProcessBootstrap.java:54)
	at org.gradle.launcher.bootstrap.ProcessBootstrap.run(ProcessBootstrap.java:35)
	at org.gradle.launcher.GradleMain.main(GradleMain.java:23)
Caused by: groovy.lang.MissingPropertyException: No such property: root for class: ro.gd.Pj
	at build_56giui9qrfbn1u820penbevfju$_run_closure9.doCall(/home/roroco/Dropbox/jvs/ro-idea/build.gradle:104)
	at org.gradle.api.internal.ClosureBackedAction.execute(ClosureBackedAction.java:59)
	at org.gradle.util.ConfigureUtil.configure(ConfigureUtil.java:130)
	at org.gradle.util.ConfigureUtil.configure(ConfigureUtil.java:110)
	at org.gradle.api.internal.AbstractTask.configure(AbstractTask.java:482)
	at org.gradle.api.internal.project.AbstractProject.task(AbstractProject.java:884)
	at org.gradle.api.internal.BeanDynamicObject$MetaClassAdapter.invokeMethod(BeanDynamicObject.java:225)
	at org.gradle.api.internal.BeanDynamicObject.invokeMethod(BeanDynamicObject.java:129)
	at org.gradle.api.internal.CompositeDynamicObject.invokeMethod(CompositeDynamicObject.java:147)
	at org.gradle.groovy.scripts.BasicScript.methodMissing(BasicScript.java:79)
	at build_56giui9qrfbn1u820penbevfju.run(/home/roroco/Dropbox/jvs/ro-idea/build.gradle:103)
	at org.gradle.groovy.scripts.internal.DefaultScriptRunnerFactory$ScriptRunnerImpl.run(DefaultScriptRunnerFactory.java:52)
	... 31 more



2014-11-16 22:37:55 - Backtrace:
2014-11-16 22:37:55 - /home/roroco/Dropbox/rbs/ro_cmds/lib/bash.rb:135:in `_bash'
/home/roroco/Dropbox/rbs/ro_cmds/lib/bash.rb:182:in `bash'
/home/roroco/Dropbox/rbs/ro_r4j/lib/ro_cmds/gd.rb:27:in `block in g'
/home/roroco/Dropbox/rbs/ro_cmds/lib/pj/misc.rb:14:in `tmply_cd'
/home/roroco/Dropbox/rbs/ro_r4j/lib/ro_cmds/gd.rb:26:in `g'
/home/roroco/Dropbox/rbs/ro_r4j/lib/ro_cmds/idea.rb:35:in `try'
/home/roroco/Dropbox/rbs/ro_cmds/lib/ro_helper/cmds/kls.rb:51:in `start'
/home/roroco/Dropbox/rbs/ro_pl/lib/ro_cell/pl/sv.rb:194:in `handle_rq'
/home/roroco/Dropbox/rbs/ro_pl/lib/ro_cell/pl/sv.rb:118:in `block (2 levels) in start'
/home/roroco/Dropbox/rbs/ro_pl/lib/ro_cell/forker.rb:26:in `block in create_process'
/home/roroco/Dropbox/rbs/ro_pl/lib/ro_cell/forker.rb:24:in `fork'
/home/roroco/Dropbox/rbs/ro_pl/lib/ro_cell/forker.rb:24:in `create_process'
/home/roroco/Dropbox/rbs/ro_pl/lib/ro_cell/forker.rb:11:in `initialize'
/home/roroco/Dropbox/rbs/ro_pl/lib/ro_helper/process.rb:42:in `new'
/home/roroco/Dropbox/rbs/ro_pl/lib/ro_helper/process.rb:42:in `ro_fork'
/home/roroco/Dropbox/rbs/ro_pl/lib/ro_cell/pl/sv.rb:111:in `block in start'
/home/roroco/Dropbox/rbs/ro_pl/lib/ro_cell/pl/sv.rb:102:in `loop'
/home/roroco/Dropbox/rbs/ro_pl/lib/ro_cell/pl/sv.rb:102:in `start'
/home/roroco/Dropbox/rbs/ro_pl/lib/ro_cell/pl/sv.rb:46:in `restart'
/home/roroco/Dropbox/rbs/ro_cmds/lib/ro_helper/cmds/kls/meta.rb:135:in `block (2 levels) in delegate_ins_meth'
/home/roroco/Dropbox/rbs/ro_cmds/lib/ro_helper/cmds/kls.rb:51:in `start'
/home/roroco/Dropbox/rbs/ro_cmds/lib/ro_cmds_runner.rb:31:in `start'
/home/roroco/Dropbox/rbs/ro_cmds/lib/ro_cmds_bin.rb:2:in `<top (required)>'
/home/roroco/Dropbox/rbs/ro_cmds/bin/ro:2:in `load'
/home/roroco/Dropbox/rbs/ro_cmds/bin/ro:2:in `<top (required)>'
/home/roroco/.rbenv/versions/2.1.2/lib/ruby/gems/2.1.0/bin/ro:23:in `load'
/home/roroco/.rbenv/versions/2.1.2/lib/ruby/gems/2.1.0/bin/ro:23:in `<main>'
2014-11-16 22:40:20 - Error:{RoErr::Bash::ExeErr} err cmd: gradle cpToClip -s
PK
   ��pE           	   META-INF/ PK
   ��pE��         META-INF/MANIFEST.MF�M��LK-.�K-*��ϳR0�3���� PK
   ��pE              ro/ PK
   ��pE              ro/gd/ PK
   ��pEU���R  }     ro/gd/Plugin.class}Q�N�P�Ji��(��o��=�'�!��(	����Hm�ښ�Y^4�`<�Q�mi���v���l�����9u(�U��Q���}-�bOz2����1�0�g6�bIϾ��'vx+&.Wj�?�X�2ɳb!���M+�Mgf�ؑ^��� p���凎�b�ڦ�9��=���,
�uB�m�ţ0]�9���G����(��`���05�[7�ϓ���S�J&;��Ӥ�%Bc���&*����_G��JK8�S(����<��ƙ�H�J��̏t�ŴXB��� 0n0Rb%_�|,�T�X|f��U��z�-jY�3�$,�s����yвV9l�q��PK
   ��pE��
��  �     ro/gd/Pj.classu��N�@ƿqLLC�RZ���B�����,�H��&�ܵ/Z��J�U9� <b�	i��V��~�o���[ ���Ь���KX�+��ذ٦�7���j���4
�
�F'�0?$���L�G����D;}�{�G��,:�"�MR��C=�i_e�i�Ϳ����Q�Mx�k��	��N��+�2��^nT��L�yP���Fe)^7ٳR�|,��὏��ᓏϨ��B�����P��>X��R�>����xe�gl�2<��N���`g�|ͻr=1��x�m��2���c�K�,q�������P{���\9X��Z��ee�;+\5'jTQ��R��ԧ̃����p��D���[..kΟ�8���?��	d��И#��Q�� PK
   ��pEyz�ժ       ro/gd/Task.classuQMO�@}�811K	4�4)��#q@�/��ڊ�E#!!N��u�8�8�����"��(ĬcH�>�̾y����� �n"�����9�5�aME���x���������2V��A�v\�E����~˕'���m�
�w�Q�1pG��ױO���A���	��fD�JSMK��U����������A�_��j�;�����ǲ��j�����X&���sla[�U�%,3�Z�Z=��qa��t�R(=ۓ�����W���$iznԐ�*'&m�"'9�l�/�.nP���Ijֹ��l�MP����t0�,YN/�<#�ݹ��@��\�xA�OXD�<S�H����s����2���4�_�Y���t�+d�Ņ��*)�D�h���"w��m����(�+^�����[���7�PK
   ��pE              META-INF/gradle-plugins/ PK
   ��pE���$   "   (   META-INF/gradle-plugins/ro-gd.properties��-�I�M�+I,����M�I,.�-��KO��)M��� PK
   ��pE           	          �A    META-INF/PK
   ��pE��                 ��)   META-INF/MANIFEST.MFPK
   ��pE                     �Av   ro/PK
   ��pE                     �A�   ro/gd/PK
   ��pEU���R  }             ���   ro/gd/Plugin.classPK
   ��pE��
��  �             ��A  ro/gd/Pj.classPK
   ��pEyz�ժ               ���  ro/gd/Task.classPK
   ��pE                     �A�  META-INF/gradle-plugins/PK
   ��pE���$   "   (           ��	  META-INF/gradle-plugins/ro-gd.propertiesPK    	 	 4  s    

BUILD FAILED

Total time: 16.898 secs


FAILURE: Build failed with an exception.

* Where:
Build file '/home/roroco/Dropbox/jvs/ro-idea/build.gradle' line: 104

* What went wrong:
A problem occurred evaluating root project 'ro-idea'.
> No signature of method: ro.gd.Pj.root() is applicable for argument types: (java.lang.String) values: [ro-idea.zip]
  Possible solutions: root(), wait(), wait(long), print(java.lang.Object), print(java.io.PrintWriter), getAt(java.lang.String)

* Try:
Run with --info or --debug option to get more log output.

* Exception is:
org.gradle.api.GradleScriptException: A problem occurred evaluating root project 'ro-idea'.
	at org.gradle.groovy.scripts.internal.DefaultScriptRunnerFactory$ScriptRunnerImpl.run(DefaultScriptRunnerFactory.java:54)
	at org.gradle.configuration.DefaultScriptPluginFactory$ScriptPluginImpl.apply(DefaultScriptPluginFactory.java:190)
	at org.gradle.configuration.project.BuildScriptProcessor.execute(BuildScriptProcessor.java:39)
	at org.gradle.configuration.project.BuildScriptProcessor.execute(BuildScriptProcessor.java:26)
	at org.gradle.configuration.project.ConfigureActionsProjectEvaluator.evaluate(ConfigureActionsProjectEvaluator.java:34)
	at org.gradle.configuration.project.LifecycleProjectEvaluator.evaluate(LifecycleProjectEvaluator.java:55)
	at org.gradle.api.internal.project.AbstractProject.evaluate(AbstractProject.java:521)
	at org.gradle.api.internal.project.AbstractProject.evaluate(AbstractProject.java:82)
	at org.gradle.configuration.DefaultBuildConfigurer.configure(DefaultBuildConfigurer.java:31)
	at org.gradle.initialization.DefaultGradleLauncher.doBuildStages(DefaultGradleLauncher.java:129)
	at org.gradle.initialization.DefaultGradleLauncher.doBuild(DefaultGradleLauncher.java:106)
	at org.gradle.initialization.DefaultGradleLauncher.run(DefaultGradleLauncher.java:86)
	at org.gradle.launcher.exec.InProcessBuildActionExecuter$DefaultBuildController.run(InProcessBuildActionExecuter.java:80)
	at org.gradle.launcher.cli.ExecuteBuildAction.run(ExecuteBuildAction.java:33)
	at org.gradle.launcher.cli.ExecuteBuildAction.run(ExecuteBuildAction.java:24)
	at org.gradle.launcher.exec.InProcessBuildActionExecuter.execute(InProcessBuildActionExecuter.java:36)
	at org.gradle.launcher.exec.InProcessBuildActionExecuter.execute(InProcessBuildActionExecuter.java:26)
	at org.gradle.launcher.cli.RunBuildAction.run(RunBuildAction.java:51)
	at org.gradle.internal.Actions$RunnableActionAdapter.execute(Actions.java:171)
	at org.gradle.launcher.cli.CommandLineActionFactory$ParseAndBuildAction.execute(CommandLineActionFactory.java:237)
	at org.gradle.launcher.cli.CommandLineActionFactory$ParseAndBuildAction.execute(CommandLineActionFactory.java:210)
	at org.gradle.launcher.cli.JavaRuntimeValidationAction.execute(JavaRuntimeValidationAction.java:35)
	at org.gradle.launcher.cli.JavaRuntimeValidationAction.execute(JavaRuntimeValidationAction.java:24)
	at org.gradle.launcher.cli.CommandLineActionFactory$WithLogging.execute(CommandLineActionFactory.java:206)
	at org.gradle.launcher.cli.CommandLineActionFactory$WithLogging.execute(CommandLineActionFactory.java:169)
	at org.gradle.launcher.cli.ExceptionReportingAction.execute(ExceptionReportingAction.java:33)
	at org.gradle.launcher.cli.ExceptionReportingAction.execute(ExceptionReportingAction.java:22)
	at org.gradle.launcher.Main.doAction(Main.java:33)
	at org.gradle.launcher.bootstrap.EntryPoint.run(EntryPoint.java:45)
	at org.gradle.launcher.bootstrap.ProcessBootstrap.runNoExit(ProcessBootstrap.java:54)
	at org.gradle.launcher.bootstrap.ProcessBootstrap.run(ProcessBootstrap.java:35)
	at org.gradle.launcher.GradleMain.main(GradleMain.java:23)
Caused by: groovy.lang.MissingMethodException: No signature of method: ro.gd.Pj.root() is applicable for argument types: (java.lang.String) values: [ro-idea.zip]
Possible solutions: root(), wait(), wait(long), print(java.lang.Object), print(java.io.PrintWriter), getAt(java.lang.String)
	at build_56giui9qrfbn1u820penbevfju$_run_closure9.doCall(/home/roroco/Dropbox/jvs/ro-idea/build.gradle:104)
	at org.gradle.api.internal.ClosureBackedAction.execute(ClosureBackedAction.java:59)
	at org.gradle.util.ConfigureUtil.configure(ConfigureUtil.java:130)
	at org.gradle.util.ConfigureUtil.configure(ConfigureUtil.java:110)
	at org.gradle.api.internal.AbstractTask.configure(AbstractTask.java:482)
	at org.gradle.api.internal.project.AbstractProject.task(AbstractProject.java:884)
	at org.gradle.api.internal.BeanDynamicObject$MetaClassAdapter.invokeMethod(BeanDynamicObject.java:225)
	at org.gradle.api.internal.BeanDynamicObject.invokeMethod(BeanDynamicObject.java:129)
	at org.gradle.api.internal.CompositeDynamicObject.invokeMethod(CompositeDynamicObject.java:147)
	at org.gradle.groovy.scripts.BasicScript.methodMissing(BasicScript.java:79)
	at build_56giui9qrfbn1u820penbevfju.run(/home/roroco/Dropbox/jvs/ro-idea/build.gradle:103)
	at org.gradle.groovy.scripts.internal.DefaultScriptRunnerFactory$ScriptRunnerImpl.run(DefaultScriptRunnerFactory.java:52)
	... 31 more



2014-11-16 22:40:20 - Backtrace:
2014-11-16 22:40:20 - /home/roroco/Dropbox/rbs/ro_cmds/lib/bash.rb:135:in `_bash'
/home/roroco/Dropbox/rbs/ro_cmds/lib/bash.rb:182:in `bash'
/home/roroco/Dropbox/rbs/ro_r4j/lib/ro_cmds/gd.rb:27:in `block in g'
/home/roroco/Dropbox/rbs/ro_cmds/lib/pj/misc.rb:14:in `tmply_cd'
/home/roroco/Dropbox/rbs/ro_r4j/lib/ro_cmds/gd.rb:26:in `g'
/home/roroco/Dropbox/rbs/ro_r4j/lib/ro_cmds/idea.rb:35:in `try'
/home/roroco/Dropbox/rbs/ro_cmds/lib/ro_helper/cmds/kls.rb:51:in `start'
/home/roroco/Dropbox/rbs/ro_pl/lib/ro_cell/pl/sv.rb:194:in `handle_rq'
/home/roroco/Dropbox/rbs/ro_pl/lib/ro_cell/pl/sv.rb:118:in `block (2 levels) in start'
/home/roroco/Dropbox/rbs/ro_pl/lib/ro_cell/forker.rb:26:in `block in create_process'
/home/roroco/Dropbox/rbs/ro_pl/lib/ro_cell/forker.rb:24:in `fork'
/home/roroco/Dropbox/rbs/ro_pl/lib/ro_cell/forker.rb:24:in `create_process'
/home/roroco/Dropbox/rbs/ro_pl/lib/ro_cell/forker.rb:11:in `initialize'
/home/roroco/Dropbox/rbs/ro_pl/lib/ro_helper/process.rb:42:in `new'
/home/roroco/Dropbox/rbs/ro_pl/lib/ro_helper/process.rb:42:in `ro_fork'
/home/roroco/Dropbox/rbs/ro_pl/lib/ro_cell/pl/sv.rb:111:in `block in start'
/home/roroco/Dropbox/rbs/ro_pl/lib/ro_cell/pl/sv.rb:102:in `loop'
/home/roroco/Dropbox/rbs/ro_pl/lib/ro_cell/pl/sv.rb:102:in `start'
/home/roroco/Dropbox/rbs/ro_pl/lib/ro_cell/pl/sv.rb:46:in `restart'
/home/roroco/Dropbox/rbs/ro_cmds/lib/ro_helper/cmds/kls/meta.rb:135:in `block (2 levels) in delegate_ins_meth'
/home/roroco/Dropbox/rbs/ro_cmds/lib/ro_helper/cmds/kls.rb:51:in `start'
/home/roroco/Dropbox/rbs/ro_cmds/lib/ro_cmds_runner.rb:31:in `start'
/home/roroco/Dropbox/rbs/ro_cmds/lib/ro_cmds_bin.rb:2:in `<top (required)>'
/home/roroco/Dropbox/rbs/ro_cmds/bin/ro:2:in `load'
/home/roroco/Dropbox/rbs/ro_cmds/bin/ro:2:in `<top (required)>'
/home/roroco/.rbenv/versions/2.1.2/lib/ruby/gems/2.1.0/bin/ro:23:in `load'
/home/roroco/.rbenv/versions/2.1.2/lib/ruby/gems/2.1.0/bin/ro:23:in `<main>'
2014-11-16 22:43:46 - Error:{RoErr::Bash::ExeErr} err cmd: gradle cpToClip -s
PK
   o�pE           	   META-INF/ PK
   o�pE��         META-INF/MANIFEST.MF�M��LK-.�K-*��ϳR0�3���� PK
   ��pE              ro/ PK
   o�pE              ro/gd/ PK
   o�pEU���R  }     ro/gd/Plugin.class}Q�N�P�Ji��(��o��=�'�!��(	����Hm�ښ�Y^4�`<�Q�mi���v���l�����9u(�U��Q���}-�bOz2����1�0�g6�bIϾ��'vx+&.Wj�?�X�2ɳb!���M+�Mgf�ؑ^��� p���凎�b�ڦ�9��=���,
�uB�m�ţ0]�9���G����(��`���05�[7�ϓ���S�J&;��Ӥ�%Bc���&*����_G��JK8�S(����<��ƙ�H�J��̏t�ŴXB��� 0n0Rb%_�|,�T�X|f��U��z�-jY�3�$,�s����yвV9l�q��PK
   o�pE���D�  .     ro/gd/Pj.classuR�N�@=c�8q��#-��N�2vTݴbeA�TH��$�ܱ�MM���V��~@?
q�I(�A֌��9��s����� �\��PE�c��{��x��>���9���ڤ"5r0L�<Q�ct����+���5C�Fj0xo� a��U����^��Y�u_�Q��^�A}db�E:��
yF�a3:�3�I���S�-��ӝ��!J�&%��)|���1Z���]}j�ɮ�f�N�e9u<�!`X���߳M�xα��G�����6����B��:i����<֦ϊJ�I�:}����SZX3d�_�$\�k�i&A/�*�9�������~}�^�hQ���t���>Kh}@��	�j�󕐃9���L��5B��Fl,`(OV��3��<�ܧ�
g����op~�c�������B��U�Jim�xx%b�tO�Ec,�]bk���nj��Z|�kы/Yw/PK
   o�pEyz�ժ       ro/gd/Task.classuQMO�@}�811K	4�4)��#q@�/��ڊ�E#!!N��u�8�8�����"��(ĬcH�>�̾y����� �n"�����9�5�aME���x���������2V��A�v\�E����~˕'���m�
�w�Q�1pG��ױO���A���	��fD�JSMK��U����������A�_��j�;�����ǲ��j�����X&���sla[�U�%,3�Z�Z=��qa��t�R(=ۓ�����W���$iznԐ�*'&m�"'9�l�/�.nP���Ijֹ��l�MP����t0�,YN/�<#�ݹ��@��\�xA�OXD�<S�H����s����2���4�_�Y���t�+d�Ņ��*)�D�h���"w��m����(�+^�����[���7�PK
   ��pE              META-INF/gradle-plugins/ PK
   ��pE���$   "   (   META-INF/gradle-plugins/ro-gd.properties��-�I�M�+I,����M�I,.�-��KO��)M��� PK
   o�pE           	          �A    META-INF/PK
   o�pE��                 ��)   META-INF/MANIFEST.MFPK
   ��pE                     �Av   ro/PK
   o�pE                     �A�   ro/gd/PK
   o�pEU���R  }             ���   ro/gd/Plugin.classPK
   o�pE���D�  .             ��A  ro/gd/Pj.classPK
   o�pEyz�ժ               ��:  ro/gd/Task.classPK
   ��pE                     �A  META-INF/gradle-plugins/PK
   ��pE���$   "   (           ��J  META-INF/gradle-plugins/ro-gd.propertiesPK    	 	 4  �    

BUILD FAILED

Total time: 7.053 secs


FAILURE: Build failed with an exception.

* Where:
Build file '/home/roroco/Dropbox/jvs/ro-idea/build.gradle' line: 104

* What went wrong:
A problem occurred evaluating root project 'ro-idea'.
> ro/File

* Try:
Run with --info or --debug option to get more log output.

* Exception is:
org.gradle.api.GradleScriptException: A problem occurred evaluating root project 'ro-idea'.
	at org.gradle.groovy.scripts.internal.DefaultScriptRunnerFactory$ScriptRunnerImpl.run(DefaultScriptRunnerFactory.java:54)
	at org.gradle.configuration.DefaultScriptPluginFactory$ScriptPluginImpl.apply(DefaultScriptPluginFactory.java:190)
	at org.gradle.configuration.project.BuildScriptProcessor.execute(BuildScriptProcessor.java:39)
	at org.gradle.configuration.project.BuildScriptProcessor.execute(BuildScriptProcessor.java:26)
	at org.gradle.configuration.project.ConfigureActionsProjectEvaluator.evaluate(ConfigureActionsProjectEvaluator.java:34)
	at org.gradle.configuration.project.LifecycleProjectEvaluator.evaluate(LifecycleProjectEvaluator.java:55)
	at org.gradle.api.internal.project.AbstractProject.evaluate(AbstractProject.java:521)
	at org.gradle.api.internal.project.AbstractProject.evaluate(AbstractProject.java:82)
	at org.gradle.configuration.DefaultBuildConfigurer.configure(DefaultBuildConfigurer.java:31)
	at org.gradle.initialization.DefaultGradleLauncher.doBuildStages(DefaultGradleLauncher.java:129)
	at org.gradle.initialization.DefaultGradleLauncher.doBuild(DefaultGradleLauncher.java:106)
	at org.gradle.initialization.DefaultGradleLauncher.run(DefaultGradleLauncher.java:86)
	at org.gradle.launcher.exec.InProcessBuildActionExecuter$DefaultBuildController.run(InProcessBuildActionExecuter.java:80)
	at org.gradle.launcher.cli.ExecuteBuildAction.run(ExecuteBuildAction.java:33)
	at org.gradle.launcher.cli.ExecuteBuildAction.run(ExecuteBuildAction.java:24)
	at org.gradle.launcher.exec.InProcessBuildActionExecuter.execute(InProcessBuildActionExecuter.java:36)
	at org.gradle.launcher.exec.InProcessBuildActionExecuter.execute(InProcessBuildActionExecuter.java:26)
	at org.gradle.launcher.cli.RunBuildAction.run(RunBuildAction.java:51)
	at org.gradle.internal.Actions$RunnableActionAdapter.execute(Actions.java:171)
	at org.gradle.launcher.cli.CommandLineActionFactory$ParseAndBuildAction.execute(CommandLineActionFactory.java:237)
	at org.gradle.launcher.cli.CommandLineActionFactory$ParseAndBuildAction.execute(CommandLineActionFactory.java:210)
	at org.gradle.launcher.cli.JavaRuntimeValidationAction.execute(JavaRuntimeValidationAction.java:35)
	at org.gradle.launcher.cli.JavaRuntimeValidationAction.execute(JavaRuntimeValidationAction.java:24)
	at org.gradle.launcher.cli.CommandLineActionFactory$WithLogging.execute(CommandLineActionFactory.java:206)
	at org.gradle.launcher.cli.CommandLineActionFactory$WithLogging.execute(CommandLineActionFactory.java:169)
	at org.gradle.launcher.cli.ExceptionReportingAction.execute(ExceptionReportingAction.java:33)
	at org.gradle.launcher.cli.ExceptionReportingAction.execute(ExceptionReportingAction.java:22)
	at org.gradle.launcher.Main.doAction(Main.java:33)
	at org.gradle.launcher.bootstrap.EntryPoint.run(EntryPoint.java:45)
	at org.gradle.launcher.bootstrap.ProcessBootstrap.runNoExit(ProcessBootstrap.java:54)
	at org.gradle.launcher.bootstrap.ProcessBootstrap.run(ProcessBootstrap.java:35)
	at org.gradle.launcher.GradleMain.main(GradleMain.java:23)
Caused by: java.lang.NoClassDefFoundError: ro/File
	at ro.gd.Pj.root(Pj.java:17)
	at build_56giui9qrfbn1u820penbevfju$_run_closure9.doCall(/home/roroco/Dropbox/jvs/ro-idea/build.gradle:104)
	at org.gradle.api.internal.ClosureBackedAction.execute(ClosureBackedAction.java:59)
	at org.gradle.util.ConfigureUtil.configure(ConfigureUtil.java:130)
	at org.gradle.util.ConfigureUtil.configure(ConfigureUtil.java:110)
	at org.gradle.api.internal.AbstractTask.configure(AbstractTask.java:482)
	at org.gradle.api.internal.project.AbstractProject.task(AbstractProject.java:884)
	at org.gradle.api.internal.BeanDynamicObject$MetaClassAdapter.invokeMethod(BeanDynamicObject.java:225)
	at org.gradle.api.internal.BeanDynamicObject.invokeMethod(BeanDynamicObject.java:129)
	at org.gradle.api.internal.CompositeDynamicObject.invokeMethod(CompositeDynamicObject.java:147)
	at org.gradle.groovy.scripts.BasicScript.methodMissing(BasicScript.java:79)
	at build_56giui9qrfbn1u820penbevfju.run(/home/roroco/Dropbox/jvs/ro-idea/build.gradle:103)
	at org.gradle.groovy.scripts.internal.DefaultScriptRunnerFactory$ScriptRunnerImpl.run(DefaultScriptRunnerFactory.java:52)
	... 31 more
Caused by: java.lang.ClassNotFoundException: ro.File
	... 44 more



2014-11-16 22:43:46 - Backtrace:
2014-11-16 22:43:46 - /home/roroco/Dropbox/rbs/ro_cmds/lib/bash.rb:135:in `_bash'
/home/roroco/Dropbox/rbs/ro_cmds/lib/bash.rb:182:in `bash'
/home/roroco/Dropbox/rbs/ro_r4j/lib/ro_cmds/gd.rb:27:in `block in g'
/home/roroco/Dropbox/rbs/ro_cmds/lib/pj/misc.rb:14:in `tmply_cd'
/home/roroco/Dropbox/rbs/ro_r4j/lib/ro_cmds/gd.rb:26:in `g'
/home/roroco/Dropbox/rbs/ro_r4j/lib/ro_cmds/idea.rb:35:in `try'
/home/roroco/Dropbox/rbs/ro_cmds/lib/ro_helper/cmds/kls.rb:51:in `start'
/home/roroco/Dropbox/rbs/ro_pl/lib/ro_cell/pl/sv.rb:194:in `handle_rq'
/home/roroco/Dropbox/rbs/ro_pl/lib/ro_cell/pl/sv.rb:118:in `block (2 levels) in start'
/home/roroco/Dropbox/rbs/ro_pl/lib/ro_cell/forker.rb:26:in `block in create_process'
/home/roroco/Dropbox/rbs/ro_pl/lib/ro_cell/forker.rb:24:in `fork'
/home/roroco/Dropbox/rbs/ro_pl/lib/ro_cell/forker.rb:24:in `create_process'
/home/roroco/Dropbox/rbs/ro_pl/lib/ro_cell/forker.rb:11:in `initialize'
/home/roroco/Dropbox/rbs/ro_pl/lib/ro_helper/process.rb:42:in `new'
/home/roroco/Dropbox/rbs/ro_pl/lib/ro_helper/process.rb:42:in `ro_fork'
/home/roroco/Dropbox/rbs/ro_pl/lib/ro_cell/pl/sv.rb:111:in `block in start'
/home/roroco/Dropbox/rbs/ro_pl/lib/ro_cell/pl/sv.rb:102:in `loop'
/home/roroco/Dropbox/rbs/ro_pl/lib/ro_cell/pl/sv.rb:102:in `start'
/home/roroco/Dropbox/rbs/ro_pl/lib/ro_cell/pl/sv.rb:46:in `restart'
/home/roroco/Dropbox/rbs/ro_cmds/lib/ro_helper/cmds/kls/meta.rb:135:in `block (2 levels) in delegate_ins_meth'
/home/roroco/Dropbox/rbs/ro_cmds/lib/ro_helper/cmds/kls.rb:51:in `start'
/home/roroco/Dropbox/rbs/ro_cmds/lib/ro_cmds_runner.rb:31:in `start'
/home/roroco/Dropbox/rbs/ro_cmds/lib/ro_cmds_bin.rb:2:in `<top (required)>'
/home/roroco/Dropbox/rbs/ro_cmds/bin/ro:2:in `load'
/home/roroco/Dropbox/rbs/ro_cmds/bin/ro:2:in `<top (required)>'
/home/roroco/.rbenv/versions/2.1.2/lib/ruby/gems/2.1.0/bin/ro:23:in `load'
/home/roroco/.rbenv/versions/2.1.2/lib/ruby/gems/2.1.0/bin/ro:23:in `<main>'
2014-11-16 23:12:16 - Error:{RoErr::Bash::ExeErr} err cmd: gradle cpToClip -s
PK
   |�pE           	   META-INF/ PK
   |�pE��         META-INF/MANIFEST.MF�M��LK-.�K-*��ϳR0�3���� PK
   -�pE              ro/ PK
   ,�pEC�W,�  �     ro/Matcher.class�U�WE�M�체
ii-�g���giQ��ф�A*�G�eK��nvk�������#G�����xg��V<��Ν�����{����� ��[����Ļ���r��a��>�c)�e�<�����ORnȥ�cw5�Â\>��3�miX30!'�u����ݐ����4��/5|��\��=��ע�vj�h�'�&�]�3߲=;\`�T�O��:Cn��g�'V"wKk|ˡ�B÷���[��a.ܵ�f#�b�vlo�![*�gȇ~+l��p�T��v�׮�NI���+u�m�B��'�脶��(�X������-B��R=ݱM�:�q��1L�6Oj��yЦ,�S��A'��U�"��X �����VHFˏK,ے(3a�T4q_��ƌ�oL�P6� ����U�3+��+�����d:�W�e[&,(Q�!��Ȱ/�����mbDO�x�w"�ٖ�{xȐ�u�s���� ��DG�b7M<�2�jMDx�0v��뇡O�!�P;�#�ݠ�6E���"E=)�f�nG�<WJ)�)���Ð7-wy��"�Y"ž�����놂f0�G�#{F�_[%!AܕS�;!+�ҤeN�pR��S3K�%�Ը��"ffJ�g���j���d�^<�a��V^�����u����a�x
'T���O�q�xRӚ���~42�ўZ��IZF�� ��V���̏$e��g��u9�c/�4���+xP;��Wb�󺒁|�gdbd8�8��ǔ'���xbr��(�T������j���=���Ꟊ�N�d��Iځz�v��y��� ~sʮ��� d�jc�V�}����pQB8��� �:�~��u���F��w�/G_^��
�Q-1F���˽�����Q�	g0�����b
�1�`��������p���T�w)����MHP�a�d�
�2A|@E��+=@xo��6�6�!��XS�̐�"nb��e�����PK
   -�pE�bq��  �     ro/File.class�V�{u~'���N'I��-�I[�n�i�� 6�ؖ �IZ�5aU'�I2�dg��%-�bV�((*�r�
*B�e���^� ��������L6����釜��~���sޝ����� v�:pU�T|^�����	����{uh�Ma/N�p���_�Wà�/�������<��⌎N�"��xi��<����ETt<�G��"΋xLCN�}E^�*�qO������xߐ�oj8��[*�ґ��:����o����������P����T<��7��.|O��E�@�u�Ƭ���U��@�P�60m�k��n�m�c�*h�cm��ՙ��;�,N��|�.N�v�(Hp�-�v��̌Y�s��Iz�-�Έ���&�)�� 5��B4M�3ƻu�.6�)qs�*�R�7�H����.�j{��=�K�g}We��b4�������zk�7��RP7'I�满s�v���0=46m�x�IӛlD)��g��Dc_]k���Ą�Y���U�`U��P߉�U�m���Ab����S�%xƺn�΂�R�a���X���}�O��ɢ�W<��vy�=��d��@��X'�2;��H���[�
���c��2�/	�8T��(Z�-6��]o7������
��������*~j�gxY���|�Wl������W����K���ت%��^�*�4P���ns���T�m`A����wD��a�����Jl�!���X٘'a´�6������*7~�R�5��R��E���1�/V�|T�/��7�g81F��Y!<�1P�J�*�Xl��� ����]\�M�id�ōY�ɲo� nů�����'R�9#�A�S�S�<����#&�2=�73.�E�T��\���g��a�mп,�,�NZ~@%G<�@6e��3��U�c͐�h�����CAtȜ�B�K��ܯ`C���r�A��*ɛCNh�KhdE�����NrW�pD�;;X����J�h�徱��T|+d|��>�9iv��E��'������V~A�i�9llGf�o�LM��YD�r�^
�ZB=Ib�I����+��!k6�:/;�Vs�q�BQ�%l	������H��C�i���n�~���	��;�sPДoy�|b[.�L's��tsn-U���h��9�ބ~�M��2�$ee;c��vt��'�B����w��17�w� ��(�A�7��!Y��5j���j�YYՂt�ăt���E�O�@)�3�a���Z���m�1��G{+�U���뫪X��Y�j���\r|uk�XW�zI�����0ژ�:|
�Il�<�01;0�C8ew#���Xr��嚯0�k�|����#;��;-��*>t����:{-�*��D�����x���YBh��q l�b�(��g���B�Z�ڇkQ8ja���c&� �u���<3D2�1t��q}]��E��7�9�
F�:����b��w]�-�H�A��q4�?�铻��d�d[�$�o�s�w㞠u�j	�+���%�gfy��w��͋�9p����G_�!��4��z�B���K"���7����N�L�#�e��,��~j-.�4�9ٟ��2�>3�v*Bo$�����/cl����+m󜿤��F�W�����|lt��7����,���*>A(�#(.��&A."��N��	���w���4��'�,w���Q��/�OR'�qXl��i��K��D�R5l�ؤ�12E�Z�-��[Ş��YF�K`:�<;'~�on���1C�`&�*�PK
   -�pE�5��~  S     ro/Dir.classuRKO�@���JAD�������1&O��D=���Ԕb����x�F���g������̷��������Ư�����Q�$�K�01i�H0�ES���P%�[��G�qD��k_ּ`߭58�s��ۨ���~7��g�EH8�_��!�݈VHȗ�s��-7��i��y��pH�c)�+ŉB&J��#ӕЭ_�W�A�*~;�{�����<C��Դ����.)c�6f0kc�<}�8�"�P:����?#q�P#���)�bE���-�0��劁��ŘboE�@rQ{=!��(6��ҌvDB=�f����cl�^�,>Aw�� ������k�LД���	�H*�Bt9�)�~�y�.D��c6�U0��PK
   -�pE;ulԴ  ;     ro/Inspect.class�W�{�~'{��a ɒ�Ā67SiKi"	��&���N6_����lg'��қڋ��wb�h��"� ���Z���?��ӧ��fV6���c��w9߹}�=����;	�WpYCw��pP�7ahBZŰ܈��4�Ê!+g[��A�R:r1|+7���yRrB�!5����R�w4܇���`���=i�S��8~�J��p��4���W�A?�Ob���&9��0~�/4��1�J��[M��6)%�*w9�BAeʴE�DvH�{�!��D�I�^�5�H{3�@O�N[��ω�ס@5���5�Ԙq�h�{��ohL�7N#�{�i�RD1(&�lI�]^ڛ�����'� .�w���q1I��!��гU�Ļ-K�֖tZ����M��g:�T7��n�+F,�ض�ְ<w��(ހ����Z:8���~�H��9?Z*a^`���V���Yô\��}a����s3Õ�2$U��6��o���ѿz�ߙp�b�)1Ջ@�,u܌6��	O�x
GUL�x�V���YZ��Q�1<Gz��xy�5r=��8���(�Wa��	'q����"^�Z�u��W,�y��	���W�_��>>�u�Gu�^z�3A�m8�c�^�o�M�Y�[(Pf���PP�Y��✎�q^�@��qP�ʧ�\TqIǻ8J�:ޓf_��*�����',K�W����vF�T,e�� �AY(�2KAlTx]���y����O$��3HEz�,�I�Y����VN�m)s4���-,��34�`���D�)V\��.ǲ�n��[�I�yO�^C^ß�ٔ��h��X*��0L1��|���_C�"�ɢX�.� k�d���6��#��>���5r9a3ʭ�K����yΧ22٤�%G���G��l5�*Җ�a׼S�%/� U͠�&�����L��{"+���Am��t�v�;�>
#�1�~�lΥ�-����q�4�ח;[:�f���ecY6ϱ�T({N��R}�#c�=�7���<'w���*����S�>�	LK�3J�}�m)���}#F�s�I�dK;֔�O0?�n�� �|;{�����c�c��3�_�009�l���.V_���(X���`��|X�ڎB����7
�/q'g�s��,�׹��-�>Q�:�z��/���6W��8�t6PQ@(�t�"S����@���Ԟ���Zz/@8���,JTʡ�C�\Ts(�u�Y<��M����^׵�C�#��.9���ԕ���i�m��>8������Ⱥ�h]���[���,��e��*�pC��)��3��(T+�>�������
h�+`��_3����$��8�eFMEk�%��O3���!>�
�|��֏}��@%��h�b�X�>,� ��gi�X
��AZ��	�?<�a5u5R�\�Z�I�+��h��a�݂�a�n����N��t�Vb} 7`#6�4M;��/D+	��7��\oA'}��qta�L-�۰��c������.v��Zn'}�ѧb�,GTE�K=*z���Vd��*�P�O�9:��U��;�����8���bj���!��w��P�o �K5�CsO	��jQ�D�T.	�����p5)�f������>�=��.�WͰ�`�*�4�g�"���ZL���?�!����[�������8����u)ʌ�7C�2�PK
   -�pEV1�g�   �      ro/Thr$Proc.class%M�
�0˛�ݺ	~��؋ ��u�Z��<�~�غ����� V��-��a4_������YB}��e��Z�#�1���1����zo���l"LK[9�/jw�0�B�b�,�
�?sȬ�#���PK
   -�pEn�b�   �      ro/Faker$_Lamb.class5K�
�@����MÇ�P��t���!���D�)�Vס衢Ur�����zX#���f�	�4]^�U���H���ajU\�ra�W?Y !����T�"Mvm��V������kn���jT}'D�5$<� �0�`�ҩD����PK
   -�pEV�U�x  �     ro/Thr.class�VkWUݓ&�-��J5��)mUZ*j,% 
�X_Cr�$3q2A������~�.MkY���7Y��MB��2kͽs�=g�}�N���� ��G�jP�^�0�L�o�]8�7T�iP1��M܈QI�r��'���xKŊ�(�#Ty[�;bȄ�*�5i��û��^��yC�} �[>�G*>V�Њc���%�٢Q������;���-gLjL+訸��*J�l��5B�v^(�fMK,WK��Y36��Ĳv�(��)׾P!V�a�yݴLwFA�!�u�[&Y���1)E
�w�#]4�Bzn7'ʮi[��^u����Q�<1�D(&m��[M6��cZ�C�I�`��q�eW�QC�S ��#TL���
}��f����&h�v�ɉyS�fT�5íǨc�t�!-�8��s:>E���N����M9䙪�m��1�K�ݲ�h'D/ҜnK����Jֶ
:�`*=>Zw��J4S5�y�0��^����5�HDG%le���5�r��c���u�b���̀0HWSři60Z�O׫�c�D��G�����Bj]��R��h�L��oQ��T�)+����2��J���d7岰��|�i����W-��Tk�l�EIX.M���fj(�g�(n �����8u�YP0¤C5��u�A��fA����s3xT�U|��|��l�3�ڱ�E:���q�ȹ���w�+�3�Y�ޮ�.5���m}ð�EQ�kN�S�7õ����u��ۦ�wgٸ��+x#�������4��g�ң�(|x?p�@�w�YJ��jA8G��l�?D ;QCp�g�x�c�n�p�"�U�n�FЉ�	����������a �AZǛ05�'�7�.1/ �cV8K�������
�C��áG�<���@��+��9Ifr�0:��}8E�����F1���}���L���a_��>��,�'d��#26 �z�#�t��^I�Ct���t�M�>�̽kܝ"��$3��IPw�I����0ԛ���'X�G�	M*��QTL�z5y�|�9B���/��Gl�!�c5�C�{������$v�M|���Fj8�R*;�Q�I̐C��z�+�;�g`��:#���p'�@�N�M�."�� PK
   ,�pE1�v  R     ro/Obj$Field.classmP]/Q=��vk����(m҇jE=x#"*DR<�n���ڕ��O�ŋ�H<�~��{["�ͽw���93����`�����Č�f-�-�蜐k�ŭ��"����ҍ�����V�F*Xa�^���|��[�xB0��$7�@t�[2:-_*�����<��ASI�;����^Ȩ�NG2��K�t��H����?ʧ<OHj�½�7}~�v#W�x�Is�*u�ƀR�,X��!�[�`��|�^���$�7��9�lV�j�u1ȯ��1��Õ�3��De�ƣN�7��[\Zg{�/P����RԤ-%�$F1֗�g_���<����2�a�Z!�+w5�D/�9�q�#���$�M^2&usS��栉9dA�PK
   -�pEtl��v  u     ro/Node.classu��N�@��)�R(�"��`"v7D�q�a?���5���V�h�.| �x�4&*f2'���wf�||��h������V���$͚�u�Ѱ�;v|��8u�l>��	�rg�g�1�-�q��*��A=��?b(V*j=�h˽������/�+޷)��n��g�8LF��E���6�t��Dn�Ȭ��-l�����8�6C�ҝzѶ$B?�Ѿ�0P6�!i`���Z�f��j�e�/x	5��ǨC������q{J��=�4`��hSg���Ȧ)jC�$�/`��g(�)ȐM�XB9��#KQa��l<I���2�A,�OP^ax�f�A����*dѿ�G��%��J�B���`��PK
   -�pE���og  0     ro/Faker.class}T�RU�nv�M�MR�O��J���S�(�L�֛d��&���3�>C�@��|_�q��&P�w2��s�9���wv�׿>�>j6��0o#��!��B[(����>�pK��dY��sY��e)Ũ�6F��$���5�r�baU�w,�)��u���,��,6u��vi�W�nc�k�i��v�Vy^!���^XR0���
�b��*d˞�>i�����5�ɕ�u�\ׁ'v�i��=�ق��w܀�F�;
��c�D�h^�US����7n����']lj�X	�ߚ��k�eitt�X(���)�"�z�S�M�_��MO�JEyd��	�ҕP�wVt'��`v���m�C���@v���N.ԛ}��J�IPw{�v$�5�t�:�`�B��]P��wj�n=t�F}ࠂ{�Ч+������uP󁘯�5��)�E�c����w�9�����$��2��F��>p����fln�=�:�?�x������ %::p}
o�4�@�ʠ����x�+}��Z4t�q����F׶�=�y���U�-��������dzIџ�Ϝ0�7i�ǝ�E����C��߁���������m�)\�D`Ft�)"V݇���"e�F�R����L!�G��Մ�r.�2��WX3����3$���J�,T�\=D�:�{�7�0t gcܼ�������oȎ��pnc�)���D�4��a�0B�,9����..��Q�>����,��`���N3�J��0K_��3�ƓA�K(��/a�h�t�9I��XTؖϤ��$��I���J�������h@��)����.G>�:����qpO�	&M�ڍ�)��'{�ѪA�1�;��g�XL�(��M�/p�r�p!��PK
   ,�pE�s��@	  6     ro/AL.class�X�{g~'{��f 7n��M�5��@�l�lb0E��d�L�K��T�ZE�E���ִ�-Z�U@]h#�(ޫ�R��}�m|���f�ly�o�9�|����͓k��x�&�͏�ߏz|���U��Ã��x@����
|��!�����*>!O����QY��q�|R�O����'d�Y�e9��B<��*<%����s����F|^vO�xƇm>�)��E������%yN�Q%NW��~|_��k�|Nx��B�_�7T�UqN��`TO(�"ɤ���3#�@�׳Y#����L�������^=ד��c0���O�{{j�P0/j&��Ā����TGS�z�OO����1GM2������챬w���Ѩ�	�qd����82h�f�TR�z:Fg�æ�M�Q�ݺ�����i��GG�^�z{��l-[��!��[�ʞ�>x�K�d�"Z�<Ϣ+(�1cI=;��5 G$I�Cf:�UPh*�'�d�v� �r��L�~m�H�'�6��-MsI��1F���M�g&� P6B���`*��R���6�J����֌����N���,sXNn!���1�`iIP��M�x�-��>�|=�`�����Xv��4EyD*��ť �?�J裂W[�j�EN�/;��䏊�8K:C��
���SI��3h?�	]j2��E雅�B�<f�H0K���ʈǭ[{��&��FA�{Rc�Ac�)pU;��EVÛ�M�·U�4\�E/hx����il���2m4�5�h#���2^"�5\����W��DKM���0S���?��#\հ?V y�Sd&,�
�ώS\y�H��Y��~&*.ь᠆_��~�_�8og���*^���V����������f���r��w~�?����Wq�0h��'��
^S�g�_��ά���"��sh�X9����퓙44ĉ(��I��a#>j��Q36��m����J�Hk�A�p/�a�3�/�e����-\6��Sz���B ��b�|`2���L�qD�T�zx�u�v��J�����G��kcɁ���V��T>��/�ʃFM���a���JYe��= ��yU�g����+#�X�ܤ|1��f86	c�g��{�[�zB ���I���	��c��K�7�2�����+��7FR�[r6�
eu�	�V?�1 H��ț�ѱ<��O�Ay����B �*q\F��V��0\('�Z���U��Je�΅�[.ov�6{�<u�3x��γ����
������=��Ix�y��+Ps�u5�Pޮ6�/��`���P��6�D���?&��Ѡ���b���J�����Ⱦt£LL�u,1&9���F;c������q�ϵkP� �(���h@�1�%0�)4����c+����-Ի���pЯ���n�j����b+n�.Bn��Oh�
�+��m�$gNc�^� ��v�Bװ;�ܯ��-�� )H�I���?��)�T�"�2PLў�y�O���oԪ�b>����b��bpK��Z|�<Q���>�ݦb�u����_�
o篌�RЃ^�x�t�9�;�� Q1��r�$�zU� �L�-T����G���1�"ّ���T:�Af_��.,>km�UAy��J��H��P͆�6[;�l�L��Efy�s�I���X��L��g-y��'��!X�8e�h���T�!�[9��^�Xcc۝����j�y-�mE�s�Q
�׶�N>���u���^��3G��Qw�f�����ΑI���.a�,�}���ifq�����U���i�䰤%����7ˋ�W������ݢ��"vH�r+�t��N�\�D��ؽ�xčB�#�zO#g��2�h��们��BE��l�iR�j�^�2��k��n#!F���+����f�2sS�T�+�Qw���|��)���\��8E����4[���9�Wp:g��b���up���;�>v��
p\K�d�6ǱJ��Üiӳʖ�U����ά�B�PoM�=י]	$�P^v`�J�w�:%Cg�������	
V��F)��}'\��gW���́����A�u���CV4�Q�jI4nr}�����}�|o- �iEZ/����<쓻,�� M"���\g>�$w�{�)Us�R��T)��Rh:�z����������1�_�*���B͎�9��S�@�\�U�f�j��^������'�&�[�%��wU����^�#~������}k&����Urh�D��0�ڐo���9��9�sh͡mb���Y�>!�a���>ODO����p��Xg����ڔc��[�w��N��D[.�=ⴛjK�����o��~�ɚe�H��[N�zl�PK
   -�pE�
V  �     ro/Obj.class�Xy|����1����`�M��&!�%&Q�Kj� 4h��f6�qwC�bEz��j�m��@KDc��A[����һ�jO����H����L���
����͛�~�w�7y���� ����X��4<�Å>�h����Ë:�c��q9,�H���=,�#rxRC���t�:*������g4|UG��ǳ���o���r�����4|[�D�8��������=��}9���PÏ|���?�Q�����>����/��_�xI*��a/kxE�\�J���_��7r������~�/D=��W5�"�����_��^�7pP���ß��_t��_%��o��4��������T�_���?�a+�&`4D�V|i�L$����	�4n2��53�Q�j�&+���և�����C�g�p/��YE����ݹ���17D,�.2#k�xX�;����0���1Ʉ
I39jMϔҒ���u3��%�q�=�G�SXy�~C$bu��š��H,�����X���vy��촲=��f�"f�jS����+�"��0���4tq#7Fe�c[נK�m��wez1OkI���Mf�:�����v���f=cN�4\3�Sv8�M��������y�$pm�P�C�蔖pG�Lvǩ_�~M��\�����J:�,�J;�S��i��'e�6�Z�Cř@q��F�sû$�4y���ZkF��+��x��g��o4}6��	]^;�ɿ�u�ɍ��3�7�_���]�;��m'Y�PMwG��=���d8R�87�5�R��h2�-{�I0U-��Z�um���:��S��sI+n&cqn��J�ނ���ˊ]!��u��ȫ�P��	3낧�L��Ҍ<��s�>��#�3o��
zK�;�V�勏�gɳ�℁5���''>��IrS�({XI�5�Ni8m`��;Q \Ĕ!�H�#��а�>�7�.
���*�kV�tc�!�}�n�"QLq�P�6b�&J1R�����%��H�7D�Ř��rV�4>C�o��"��1���̃ZC��)y`�!&`�&&b��,0��c�F�6��~<�JH�c61�Ȥ��732�	+>�-L�����&�kbS�G���$M�0��nƗ�p+��e�s�˝�0p�H�C�����)����b�Ƌ!�d4��0K�b6Nh�|C�s1O���C\ þPr���R�N�A��p��.Kಜ�1�b�ٚF�bE^y5��¬�����3�� N��D�W4�*o��������UnY`�L4[[��@�GvYKWI�Z�ulX�J����{�z���9�|Ш|�tը�f4d�D�A�?؛�s�+P}�[C���W�?�=3W�%�V'M�u'�u8�YM!I���NY�ͮ.+��I���\wn�s��xuX7��&e'֙���ӊJ�=�6�_�aG,'�|;s��y�p6m|ɘ�4�l�0S��[$�ӱ3��w�X�uY��s_�V��h��aI�4�2�FY̅\�B>K֊��#��¥��ʮh�T�Rلe޲(v[���\Yx��w6@u�N<�3b�V����$	\:V�:�T�=K.=(a�:��ܬ��F3�b]�m�y�7ه����4����`�TC7�a2?d.㇞�{6�"��=8��o+P�@�V>��G�V�V������Ǘc��o�lj\�� 5�\���~\m��x�ǽ]��(x��M�𴺎�{ZsU�;�>���Z�-��z��<�.�Ω�Z
����@��s}�N��x�:�By�/
�A��x�ZO�����}(x�)<Rh
�j��@��� �J`;�痚[�UKˀ	(�f&a6�T�r,�|%���щ<5�����ߗ;0;Q�|�ϔ�|����܆�j�#mO{hB�!�p,���1t`#���={eW6��hTG��Щ!�!Ƒw$L<�;�h��B�l�.ׂW��I�NR��;���|�h���F����U�s�a�M�.�݉T��EN��+m���ˠ>#;�i��� �r���g�1v�,��d~��K+S�T%c؏��`��C}��1�1���V�0�d|
�1��R�욓B9WJ�Y��´��0C��(�&38#Գ�Aza:m���f�"�jL!�,\N�F{"R����r�����R@�e*
H#gV2��>�s�g�
P���-,�y'p#�Ҏo=���|�ʒ��̍�����Ҽ}zw�&��pZ�p*�Ge��!T16չ���X��XL�ܢ��.|��x+i$&��Mas�����
ĵ� �1�w_���.)�v�(uh�!����l��:�� �<��Ǥ�n�:��4|��j�1&_��8��160>�ݎrw�)g�S�KfFMU�����|Ωu�cn��(浺�ZZ��-�����槰�@�-�����L'ߣG`��2-},60�ӒOжR�㓜�xf>ř����|�r*0^��<��`
����h�^�3�g����dfnɀ�xG��
�n�0�"��Ӄ��%}[H��!�{pm?j���&)�U����"�t0G�	f�M�]�;��l���6W[�v-�zJ�{QV]�S���<���J�z��Z���)tI�}���
������&��n+(�#'���x*	��0,H�����
x�V��8JAvٱ��6�1]�nL���%���Z@s�S��z��Sh|i�~Gdu��K���=R�f$����E����q;Cq=[�̃�-;�p	A��0��ӝ|&�+�̉��N܆;y�|���xw�)����"����܍7H�&�:��b�/��99��4��"�EK�'Iw9�d�K(�c������:�S�ۘ���������
��SL�;�Nr���p\��S#eyT�ө�|"�>�2G��S�%NKe�♳=�������j�o�H�v�܎�S����I�=��.��tq
�4�͝ӸP�=���	�
ކ���-�n�����C��Z�½��zG�	[1�⧰��05���8XU���de{�Gs@��l��t%�.�һBͤ���GU�͊�(���x���7ɶ��0.%�ShJ�9�\�+i�lҴ�"%C��U������z�Ss
�XY�����R��8��w��s�x6Ͻ� �j|�m�f��j�Q��|����PK
   -�pE�;4��  !     ro/Bash.class}T�ZU�79�0�B	�J����Fk�
X�4m���u2ل�0'�<��>���ɧ�c��X�=��:k�^������� ��O����-|������-qG��5p3Z|"�D��}<0pyf�vNb��9��3-t�b;��"�%�0Я���ª�C���:�-�Xf�(�㕕@g�q�\c���%�T�&��l�Z�|G��x����󾗽m��'�*q��y�߰[٪�V��e��-���w�
�rn�|�QT�޶�j��ڭ�1D���[߳U�NK�/�G6�kk�W�e��O��Sn�����WXVwD	�jo�ڪt����<�g�ޜ�j!1Y�/��}�k���^÷Ռ��k�|]��M���&��3b�BI &8�<`K�M(����|�E)0xR�[kdMY[G6�3�`C��Ԣjb���˛a��5|k�G�D���cO�-�c�;|O�"�5�~d��kN̩�z*��B7�+��jM�ټSY(�U��d��z 0=q��oxk��yq�"ǲ/2]����8[l�QQ�ɦ7Ӛ���Զ���x9�g����-]�?�|��t�D4��g���k�|b9����>�_#� ��%߲�?z��U����GA�'IX�*�u������N=P�&�5��;X8BЬ�;BM�!̪��A�4C���gr�E��W���B_3�a�\���>�o��U�d�41�Ё)^��3��ţ`aS��6�Ж��!�?Db%�'����H]�C��!��C�Y��sg��1���.���`b]��=���^�'�Zٳ�;z�O���va�1f�� ����<�WB�����K߇_�~�B�������IK����C�~z�b��i"��(��e�񈌔X�b�5���r]��	X@�1	��K�f����q�����`qƦ�w�:҂k�ıI{�����݆w����SJHܐxW�=���CH|��#|4'R���2�?PK
   ,�pE�P�   �      ro/AL$_Lamb.class;�o�>^vvnF��ĜF5��ĲD��ļt}�����kML!F���Ң�T�̜TFvG=�vF�|}G�x���$FV(�㙗�Z䜓X\�Z�� �n$P%X##0�0203� YL�`���Hs1�԰3p�q PK
   ,�pE��^^  �
     ro/Hash.class�VYW[U�nr�p��:#�h�E�-Aj��"�V���j��mrK&on�8�y���:�'m}H�,]����w����@3�.���9���;{{�����/ ��m a�h�1Y�n��7���^'U�����U��>��SrJ�H������|H���#���\ �E�����r�}(���Sn�ă������X<"ˣ<��><.�O�xR�w�̘��w(W���
Z�fƘ(��kR�NQ�fg�T\�L�.=v��+�G�l�a=��(訶[�-ٶ-N�E&�!��`o(zZ��{Sz&�{d��1cG�%�z�eN"k��':/�5��3�.X��9T� �h�	�A��%�	�/�4k���U���a��|�`���
����s[+��N����$ު
�Q۰t;k	.mZb�>3GW�O�S���%�� <sƂ�[��h^OQ�I�f�\�NT��-3��8Uԭ�V6P3�������z��dC�H�wE�l��1�Ra��w���n�hx����*���<^`�^�K^�+*^e��T��9��4�f+j#�� ���M���m�Sr� XUrǕti��%2�J��xW�{x_��Z~�Ԭa1��.�?��>�0���>b�����ϑ33F�6���j��H4]?������pN����y]*頏#��c��]�BL)W`��a*&��
W��"���J@ssٿ�ʼ�5դ��0���Kp�Le��U����RU8kB�B��K�(�Y����Vo�L$�1��)�٨)�����~����� #��*��l*EC��j��B�6�L'+������e�mV�����rFfV��P�Y���#Rc�����o�;�L����pZ�B���\R���4�K��WQ� �ބ�6j�<�r땷ܩ�=z�P}v�$Zj�j��+9�J�	jo�Z���%�Q��c�u�pW�7u_�r�7vr�:�N�⪕Ћ�ﮒ�qWd��r����K�{v�P�� v�Lʀrڃ���xr9�\��[�ڻl��V<���R9����$���p_�G��{h�e4)�.�
~�:�ٸ�Z�Z�������H�'���� ؂ �2�mh�v��W���0��N&������G��S?b�1���a��Q殠����m�m��/h*+�]T���rJ�r����"�����F���,�1Tѵz~F�Di��R�����ux�*��4��������2�vq�~�S��"�l�Xy�'�*�.�б��T�	�-b]O�����":)���.w_�(	n�_WĖ"���i{	)�?�.:�)��c�`���)m���[0˞���2:J��(����y�IZ�8�{<�Ig��~`Oq�q�{��PK
   ,�pE�룷  �     ro/Opts.class�V�����jW�&9���pE��8MB�4%1�8��4J	
в�_�W��kSZ���*�)wh�
���у��{�߯����s��g��yo���f����?o�����m(�Ђ����[���0!ä	�B	e���o��@l�,L�s"�XH`VL�3�y�[�����D��<<���%�NZx_61h�+&1q��GM<&k�'��j�I�%����"}��7-�E�Ʒ,|ߑ�)Y����4�1��W�`�?V�`��JvOn@Cb�[v��b���5�+�Jå9��N�F���I�*Eǻ��]yn*���K����5���T�aC��܄3�d=�<�=42���@גmڤ@.n��[����M[;��ݭP�|R3EmK6�)�j�V���7���0�ֈ`�Xa(��[n��9���89�T��g;�M���K�ڑ
���c5IzsfuB,���d�ô�����4Ae�V�H&��)9nYC�2�f�����N�)��nu��I��V�icv��f�<g�y��"�!jX�2
�x����}���]����������6~����Sx��i?��l��0��p��Y�n�x�ƛ�3�~<F�0g�Ӑ�"Z�Ư���<��m�����w]�ǉE �Ω�s��蓰wx��{������r�Q�������6��4�$�6��?���$Կ���f���G��ۜ�8��Ҹ����ܱ����ˊ��*9��>���	��=rY�nͽO���ߖ��FJS��e}5�f��� `��X)U��h�&�jCb%'(�+vҶ���㎟W�N�rQE�7��b>���S:��E轕��	�U�R�N-Ǘ&��!��22!�^�B��k�!Э�k�~Y.�S�H1��.T.�A��� tE���3:*���7|U��"�p���/w��U�2��H��̒*V<�^���N��n������g����д�����W�l-P%��м��J�0��rJ4�X �J_R����e��!�T�Jz�"ͽ���po��p�˲1ӵ�"=���S%U&���r�5"W�A����/[�ӡ�E����ʓW^�V�?6�b?r��Cg;G�2�w�7�)�Y���s��Rh��8&B��~ȝn� vq~L.ʆ���I��̣�p�\��������8�`lG�-���%<��-^G�_OYs�$����5u��å�	��XZ�ú��Q�/�Ӊ�R�bgoZ������B!Ֆj���� f�A5{Ӧ,?�z҆ȗ��ٯ��w�:���[z��Xc����O�~:��|�`}���5�[K�:�H����5m�D;fс���sǓ���҉�p^���$�4����6��9���'p3�?I�=�3�;�AJ:y��1A���V�:�>��n1���M��� �^r,ecxÔb8���HS��!�|���ܿ1����������U��gVT�+��v����3&Qu�W[��d�3�5���������B���B���&�n>�}���Mt�D�����]����%�;qW�n�'�;�����.��\�b�k�m�Y�,��%aw,8�`�����ÔZ��w�3MW����J�������ژ/�M�B"uM�`�����ul��s��yl���̡���T�y��"����:���m�:[�G긱���+�G�.x<����=�弙}u����n�PK
   ,�pE�p��(       ro/JSONObject.class�P�N�@�������K�TF4H�()�ҟ2��.v��(5��s,���+fogg�V����
��t�аQ�f[�S��A�tG�y�V_�� ��Byͽ	1�~��ɈK�����1Uj��W�p0�ơ�:ƃ�����'<�l7�"��L��.�٭zo�J�Yy��0�$�~x!�V�wؑҚ��fb;��[�DF�x��%V�����G��}�d�T���u�l��j��������l`�М``�*��Y�/)T�j��Py���+����"A�V`�U��+�rg�PK
   ,�pE}��r  �     ro/AL$Flatten.classuT�SW�n���")!(U�UlC��
E��n��8�&\a�av7|�K_��L;}�Ǿ���(j;C���5�QϽI�t&�{�9�~�;�ٻ/����,�э�8�q�@���A�s���/;І��!���������2G�c��k�q���V�����B��|�~d9A8�����$��j�`Iװ�9���j��g��(�,�S��%���%�<�V�l�s���}éIX�p�0�9�y�s� ��Q���8U���h�	�SO���}������zo��-寗*��O�L�O:CT��wTR��ղX	��,�l�Ι�.?(�+���K:�L3՚_�d�VNb���~�C�=Hr\11���LX(��'C��J&�p�ʙ�E70mbFZ��ob7M�ɣ�;��J�h�c���3 ���7�(ފLX�I��|�tzY�+��[��rxM��p)Z-U��![�`u��s�f�
�6C��S�7�{�Mr��v0%V��橥�������U]��^\$έXQI�	h,�*Ep�nS�.d��4# ��lx��u�.��$ӃO���I���gОB��Q������NC;DVo�S!(K�3|J�Ik=v�V&'\/�jt*F����m������h{�v�b��5d��`�ʪs]�,%m�s~f�	��&��o�{UG�Z�(���W�l�D�kI���e���z�ބ�L��u�N	"7����ƻ��3I�o��c������G��)p������'�.�H�	��u.��E� �=��#��!!<��p�<��Y�t�N�3ҴҰtʉ�s����;z�c����\o虦�6z8�q�#�moy��qƶqT����N��l��sj�y**GIw���PK
   ,�pEڤ��h  g	     ro/Json.class�UmWE~&@6Y6�./�)Zئ���R�%BK�4H�U�$�¾�����V��C��������f!/Ĝ�afg�s���;w&���O �����H+xSE�n�bA~-*��"��n�aI'����ı����"!	dbX��;
�U�rS�=��~����4�/�E����T�
�
r
�]ng�%�^�⥒(1D�����1t$'�:�n^0��#��vVxk<kюn�9n�sϔ�p���4�#nxn�v�ufI&[6-�O�oN³����)�;�T��L�@hfI�F �n�jߐYY^�n��/��]d8���
���]�!,Y.� 璇��v<�a>��[<z+�N��C��D����`��a���W����0SRC¢J����8Oq$�j%Y���q�^N,�����$��qLM����6P`�Ϲv��K�
䕺I��M\�`b��w�u�����]�o��RO[��NӶ$�4LaZ���ñ�L�e�OC3D�q�E��Հ�r��R�_AYÎ�]��	I�]�j��So�]w8I�/���(��S?h:*9u75c�w��Q	�-{*�U�؆���S�W�Z^�o��Ss;שgvK��)J�L1T�M7�J�>InK	^,
����s5zX��&�~?��'
�Tyn{��9j���dc��,aGv��6f�n"����mQ��=$���0�\jS_���Y�ʢ��ʑ����b3�o�Ao��o5|�5��:é�����"e׍:�o��z�h�vm��1����ez����!$�^�[��[�4QEζ��1x7���*��w�5M�!c��J�3���ʇa�=ctINB��`�	��4�^����5��	}Dp�F�t����^�/�
B�4���Rb��������`���_����F1����`�/�,�1�8���qB�˄����ĮLU��F�P]�.RJ2�K�	9n��TJ�sPh�f�Ẑ��V	��+AH��jH���"Q�3�~G��/A�G��G���tZ�U��q����m�`�����P��8�;tJ����Z�Z��s�U�	��B~2uJ?�W����#�Su�R���w#@ΓUQ��G0��{��p�C�;�5pƿPK
   -�pE�|$|�  �     ro/HttpSv$1.class�RMK�@}ckӏh���VQh���/�(T=TzOӥ�čl�ſ�A� �8�-ą;o߼y�����7 �( ��"�Xt��`��
!��(��#�*�.�~h��>�d�O�!��"dO�� ��׽��P�~;fd��~��Ud��5��RJ�Nc?M�c?����[�ˎ��j� ��Ҟ���^ȔT��P�}�0�+�҄��	�f�S�8�L��W��;���g2��4��+�ä�`���.rp\��Cn	S��,�ݴ�D�>6��qaGS�·
!��N���ԊM��	-�T�i3�zU~�,��J���w�/��Eޝpn����3h�#O�S�c����c(vg��RQ��@�p�N�%�C�-�? �8f0m�3� ۝�<�msf�'PK
   -�pE�p�5  �     ro/Pj.class�T]WUݓ2�ɐҡ-�X��-�Z�����J���TZ��4�28X��	���/>P}h�]�յ�M��;Wa\K������Ϲ���_p��4�Md�``�����x�ç)�\⓼�e+Xձf�3<�Q0p���<��>7��'�~������g�|���B��%�@���8�N���ʹBx���W�������_r��{5weog�֝���`��T7������^]����Z�ټ��[���������m^}�ݧS�F���YA�q�m�����<�cp1L����TI�4A���X~%8m��V�-�Sd?��~�1��O���ɓΘ�
E
�փ"�Uo�v%��F���.�4���v�� +��L�V�Ū��Y��������Ze�Q����8r���렭-[(b�B�X�0���`��:J\��h5G�se�8u)��n(H��\����T���ܩ�ߓ�{*ض0�1j�P:�vP�0�^��p�Ya}vq�<�s�j��n��ج��;
�t���n�F�E�h�=]UY�تr�9����~�qI.�5/�|�.����Х�	���~�Ab�n���m�~&�+.�24�����r�U��6�
�K�$p�Ƥ��	X���m����K���L	[���#4�����x��_��i8�������S�GD�)n	���=92�@�$qS�f	�%��-���wi�Bƅ �z$���z����H�ڑ��(U���h�B�^�r�RR}�u
�����Odt��Cnzb��B��j�̷�AzS-lj#����$s�I~�#!����~$�<)`�=��훪�!�sgD�6��#���1嬤�Қ);��|]����n��{�^eZId3Q^.:y�LU��:[���c�yD�
�n� ����N�),�ZL
��´n2u�f	Q�4��0�c���n?�벭S����ŗ�����y� 3�52K����;�\6p�kd7_�+?�X<�.��r�$�K'�%=O\ԑ���}J�AS��ˤJv�޻"��+�WT��fw��DcT��4����PK
   -�pE��D�V  P     ro/Trace.class}��N�@����b)Z�x݁�Wj�\U\@H���L`�S�c�M| �8�E�fqΜs�����z� p�}
�L$PPa��6l�&�/x��%A�TnhWQ���<d�~�dq�6}�ɹ�G����'MMtx��t�ȩ��c���0ѩ�@*
��ۥO��i�vj"�a[�,���Le֢~�k���t��,��D��*�{<
-�c`��l����=S�6���65A����T��ck:��,`����c����p]��:I�YFSV��D����U^�Ȩ��:,�� Y,�,�d�L���~G�n�� �v2@��'��c�pVqR�8�\Nn��PK
   -�pE�$�`�       ro/Http.class�UkSU~N�ɒu-)�F�(m����-�����j�(��l�SX��ݍ�?��3:2����:>g�	8��:�}��=���s�����Ə�1��C)L�Ї�t|l �[J��1k��J�U�e����0߃��{�o�>W��:���h�	v�h�n��^��g�q\�V�-p({���Y���w������V6�@o���r}�*�5��q��8��n��Z�6�xۍr�0�TT�Ko�X�F��c�d[��oY�q��[���<�Q-�#�\롧�Ǔ(���c�M�{C�Dګ�HqJ�QM��I����Y�].u|I6� "�{��6�N������n��iB=l.�k��=W|�!��n���Ԥ��CG>pU�r�-ו��s8/0|ҙ0qg��zh��ʭbb	�:V.w�16_w�Mҹ=3}_�eώ"�(ࡉ����*�t<6���
v�湎�za���;�v�x�?�����V���{E��Ĩ���Rݑk؟l��������N���Ar���;�t�m��oq��U)F�TՔ%(v�P�×?�m�K�u3�H�2ʅ�tL �K����}��:��k���1D���'p�k�vf��	��/�J[a]�\��hoٛ�e\�Z����Z�>��|�?^-J�s^F�\�#����Hm�#��߸�� �)Z(����<.re6}0����C�Dk�Zg8N �1��l��z6Wj�h���ߡM5`6��6���N��$ \�
l�@/&�SI�V:5+`�iՕ�,EM����E~c��HW[d��+b��o�u�sG .��z���K�g�V�3�N�LF!ȴ g���G���4	�<�X�1V�g%B�!@Ea���Ma�EA�&
&>HȤ�*)���Ә"��4ie����:�V'[=���&W�4L�}&Q�������&���?PK
   -�pE����b  z     ro/Str.class�V	{�=c-#�ؖp��HvD��Ѐc��A��(8Qh����<F҈ј��t���R��mM�J[ZZ����h��;˲;���ͼ����s�7/���g ܌i��U�ä�>���8������1��7��5<����yo�Љ��9�]�ޡ�����2}�L9De�Ļex���x���O����d�`���*>�a>*��4|�P�Iy~J>*g>-0��31|6����y|A�5��×��_հO��k��o��My~K��-�=��(Pj
�E�#S2*�L�u�Jq���U��q����{[f�͂KuѶ*㥒�m� �=Y�m�O�gL]Y�b�,��M�1_2Ű]0Js�c��_�Ѱ]u����Y�RO�fV�pmGA�"�ق]�m�X23|-ە̼Q33G��ѳV� ���Μk�6��A�e�iO�i��g��w�j���Y�v!퀂�@F����ŧ*jǳ<؟Os�E}�=A8"e�-,��]��Q8�Y��Lr3$&ئԨ���b�l����*���5�笚� �+�N]�P�&�R�
�6d�\��q̢y.s�p]өH���y{�o���MO:\��eC>pr�������9iIbƸ�WD�2:��
����'T<�����n5dPqIG�:.cN��?��:f���W�1��1��:���H��x��<N�x-N�pVǳ0u�?��S�8��h�%�f��џ!Ɯ��zN�0����x��kq���_�x��Q�T���Q��U�Z�o�[W�;xp�*����It<.o`��	:W0��eWt�R�g�E��W�M�]�?t��5 �z� T4�[�7l6~��!���ꨟg�R�t2Y������2��B�4��&�m���l3�n
,�+u��c���u�WK���u���B�Ζ�:h:�\�M�b�H���3X�sR V��֪%��w����r�{��r�m�x�V���%M�$���H u��uTO,Nμɬ̀Sk}f0�� ��Z2
�w����� ZZ��5�d�	�Kd��!mٙ�uy�4�r�dQB0r�4^Wn�7�-P����]���)�@[`W��̲Y���v�mf Jo���P�v�{�5%�Om��7��FUf�
���R���϶��r�7��H(���#¯%���e(Ye:�4:�t"TG8w�G�٘<�����&���ˈ͌����V�Uu�c�t淆��e,�5r��C瘂Ʊ������q�[��[�p#��0��a)y�
���."d��z��t���<�J�?�-��Z��Ct����)��.Y�Q��6�;}��BLo��!u]�|8M?�/x�	�(�A�g�!NG<&{	�U�?/��ԡِ�H-�'���D���t�Aհ诣���hZ�)`7%������D�5�5���qҡP����Q�"��o�sA�ٰ_G�:C[<e#4���dZ��l�${'�N�[�W;�́��TG;A��&�!�kRp/^퟿����	l@��6=�� �n"��kYA�+��x���/=)��^����u�����6gǘt��ż_c�����W�1�^�cs��vч�N1b	��O�t(�㚜�8�^K���PB��1H�v�wR�8Cu�ų�o^c��RHA�it��.��y�`^&����v?{���l���?�V|����u�`G^[�P׵��EM���C>�|5����g�tf;�#�bu�Z��k�4���7�)L55I�'�'=#�����,�"���#,�/ܬ�4�|I���@�%�}MK}(yᕷ�g)�
l_�c~8�z�I�y��L������}��!��Md�q�8g�$�p3W/{��-u���[븭��N2Dy�z�%%N{�D�7��_~�{��PK
   -�pEC`&�  �     ro/Asserter.classu�KS�P���I�4��!�h�EHQ�"�WEq�	.��J0$���\��3�vt�е��q<7mm���ܓ{z��?=0�UqdU�Lh�pW���(�bsO�}S*��V�P�#<ˌ��*�c��ۮ,0H�����m[�E۵^��K�����$�^�;ܷžᔃ]�ʐ(�^~�Z�����7�tq����J~��g��«6���[)��1ߪ֜@t�H�NܯP����n;���~�r>�oD�x����,�a��N���<�V����O@��v��G3��_���B�DS�I��I0��R�=ϱ����y����T�sW}��E�x���o�s�:;��<��u�
<"j)XԱ�e+x�c�]m�Ƞ��DܩY���d�@/1�r(��w� ��b�Xq�����=�v��a��x�r�z �����?���ct���,�D��>��ɒ��f����G���Bg��� �2��B�F�;��Hdǒ��ܙ�JN�Z���t��o��ǈ}�����H�UG�T�)"�R��w%��U�R;	��Nx�0?�	�C��l�]��l6�	���tB��)����RR3L9k��d�a�r��$u��#\"�����B����`�0n5�fq��XHE$����$s.T�e��Q<�V|�$iSXG�=Ff� PK
   ,�pE�)�       ro/Err.class�T�NQ]�:�m)*��B� �M��%$�ӴL��v�����?��I�&��7�:�T�${���Z{�sڟ�����{�P��AC>��(
1�@�撊�1&��\�f6Ɔk*�(����b�xe�î�eߵ�ڜ��~9HfN泫�~ଙ��e�˛͊���)��X5\K~����nyѢ��K�K�ȼe[�����5E-���JW����� �x��+0V�:M��8����m:�^1<S�pLY�n���w 7��� o�7�/K�F0��$�tT�9��u�yM��T'l�.����M�j>��
Q�:#�5�"�aI�1�⦆[��a�������`Rł��X>��i�V�\ڪ�������	��S�%�f;��-���2G�|R��U���Ml��iW\C��с�x��$��e��)�G�U��� 5�����>U����B|�H.�b�^)�X�X݋~zC�*`<�F�����E�8V�X}�:`��i�ic�C
��p)��������B~��w�Ϧw].�v�]�̺p�4�mA�0�D�o �0�g�������x�8�:2�u����ݣj�����b,�K3����YA��IK��/�P��Pf�ڏ�<~�y��b:8���(��dz���r?�\<�C�v ')�6�[�)F2�d�_z0}@��I(�mQ�[��W�'�'� PK
   -�pEY����       ro/Range$1.class]�]O�@��i��-E��oAXu?�b��bB4٤@�D��펻��5�,��x��@4^��Q�3�]I3ә��y�9�����o /�QF	�=�xP�],�i��C��XsQw񈡤�2�o0xa��<���2�j�a�1����v��L���cOdox/&���y&��g�I"�����d�9�r�<����n4�(��ч�iI���F3<�'<�)2���HQ�w���H����꺶Q���(Ns�v��}�}<A�G��Y4}����m�|�# Ĵ6��Մԧ�FJ�AW���4c�6	���Pk���swL��+m�?e`]K��\�D�� �{���{�Y����V�]PZ�JE7F'oӘ�O���`�x��9X��ﴳp��y���l\��
���Q���ł�GG�l�������p�/p�&�|ǀ�qH^�1k�&�H�7)P۪���λ�s�?1��J�˗��j�qݦ��C��Lt�M7�PK
   -�pE����l  .     ro/Range.class�S�RY]�ӡM�Q �^F��D��(�A��F3E�3O�Є��Mu:��O��>��U��U�������X�8��bi?�s٫�^k�s>�����(�H�t	�Q�
�,�l#��6:1��\�0n33��dS��´�_�W3.8E�wÙ���ݺ����(`D�@�[�/�1��^4%����f�%W�����lcu����5��+Y[���֭M3Z�X�.�A�����/rC�@&�+ݑ�d�y�B��O���WdeE`0ۆXn�����L���n8�(	�<�N�&\ U�d����b����v�}F������|���&�F=�rz~�IC�a�z���pE Q����!��m���;n%j��f��D���U��"�4{�S"l��B:؏�z�� �B7z���ب���w-\sp%�VZ%pp?����u0��{w�p0�[�/E�&�V����9�e�q����Pk랬5ܹe�u1����8d}*���fw{�;����{?����zѓ��ƫ�G���q��*z��%���z[cF�q�i%cWU"�/�
"��\ZG,߿3?��9����]0��cM��^�ه~�6�` u�>�\�jopΣk5=C��%�"~��;�m7�Љ�.�4A��|p��,�7Ѫ�<	���#���Z<A���kX�c��������=�N��i"#H2g��,��py�Fȿ�1��4Fq�q�4�<�IyD+۞��3�8�c���i��H��ؿ�.5p�8�5E��0ė�\h��hUN�Y��gDʞ��H�6�`�D�4�G�!Eo %��/�5���?;�;�o��x�D�u�[��R�0Lj��06��p�#����S�3j�� lr�k��PK
   ,�pE8���  n     ro/Env.class��Ko�@���i���IK˛��$Hx�Q � ���.'�J��r�H�+J�V	��G!���ql��9�ͽ����� ���ƚ��0qW�M�t^3q�Ė@ݏ�P`yp(���Rz����<���j�4K��UG��B��a��h�SUv�i�U��]������$.T��>����T��/�=�(�]���@M�A{/�)q�8H�:�˺U����g͞�5Ѥ�9�9lVnL%�e���l��Y�/���by�9����A��
�Z�4tڕ�rXE���lυx��Rb�G�O����>��o@����K�s��[T<f���;�8�-m�F.ZXbt�q���@V�Ï��{ͯ��Na�D������U\��q�D<�A?�hăS,�?/��wZ��s�j�,)zu�+�6����f��]���?�y��q>��l���%w� PK
   -�pE0��Bi  y     ro/Path.class}T�VU�'	�d��v�E
Z�j�v*/�V-B�&����x��d�\�0q�w��}
u����| �I��L¢�Hf��|����������_�8�0�Vo�x瘟�cw5��C�|���}�|���<���XT�G,aYy��PÊ����OPͣ��*bM�:>��@�e�M��gg[�4�z�AcA��]7p�{��^��&��])�R��j�ߑц��IU.tloӎ\ew7sq��(T��Z'*��Q�	�����X�ю]ϊdC>�jv�4eD������v���V����a�h��#�'��ݎdS��&ptR���=��t���9r�UT�T��W���^�jەmk�Ұi�s|a`�I��l��F��v�]I<�ǭ�e�_�׹ו�{J�f�Wf��S������1`cG�9�B�]�,=wd+v���.��SUZT4᪬=�x�,p�t�G�{�?��'RV�����XF<�	�V*��~3�s��D*��G�s/f.6�.�m���}�g%��vS��yFv�%�y��3b�|��b���ǒ���l�����3^���)��D��Ul�8��v��dy����<��@���n�AT��j��S���M�Y�(��ũԧ5�MKY^�+���{&����5�gN*�IZ�������ߑ��V�y�yƂ�9Q�u��H'���>��^5�ݚ?2FeΚ�?����Uu��$8�.B�:@�,$N�z��ڍ�S~WR���l�*aC��є�d�z�C��o�Ll��)��`����ආ7H�&nu����T�0����'�`��]V�x�4I�%�C	���	F�c��l��`��\:-�8�M`����[��6�E���psiޝ� PK
   -�pE�����  W     ro/HttpSv.class�W	{U=�m�a
mXl5m��	���-���P��؄&3afR)
���������U��}�7~.�ͤiچ�g��̛w�=����o���' ,�
`�����r�q�
4�
�3qq�e\�P�ˇ� MS�%������d�
j��	�*��/f�˸ڏkp@�AӱKܮ��:�^�
f��ٸQ�M�ه[��V!�M�nWp���.�Vp��u��~����0t�5�ٶnK(��$���鐝5B�����u�O�BmF�aXB�ꤑt�H(6l�P�j�u	�"IC�Ȧ�u�S�Nq&1cZj�f%�{~��I$�nB�2=�>"*����4[�Cd[w6��C�`��#�I�tڣsF�h}Z(�=��c%����L���6͈���-�Z)�}�%$L.a&��v4�ZK�w���S��e�&I�9�t�T�Y=Lxr	 	�!8��:Z�w��q�b�<X��tw\���-c*Aa�!��cS�z��#�`��(ӥ&�xf#�H�,�c��pC��ˬ����E��Y+�_��<��PX�XB�(���[Ԍ����x��m[h�e<��<�"�ED(Z�Xȷ�x��X'��!3I�i1M�v,-�QwfܞT�'j��Ǔ*���*���,��3*��2^X/���X�/%
6a�Ϊ%K�W�-�Y�*�5��o�-	�O��2�V�ޕp�h�Z��T\�T�{d����YÊGpTFN�1g��T|�a0��C�����ݫ��ާ�d|��S|&�s_3���ap�,��%�P���?	s�s�s��,]s��-��ɗ3��pJ���C#����q�*���*�����a_�+��f	�R��`C��/����e1��o9�l�1V���#Ɲ	�N�DW�^����!=�;߳��p�I���o�M�Ν
{�(&��-ʅM98J��d��I�R��\a{���g3!�Wڪ�v`=<�h�����Y`f��S#C���H�t--��2�`���Oc"���(�Bx'ׯf�we��Ÿ�s�#;�h}JO�h�3���P��-M�)���
���{��(:���8��ӛ*�qE�q�3�-e�:,}�T�h�������������@-��tϤZ�x��T��_TlG��Nl��P	�،-�X
Uȣb�c��3{�P�=K؁�+��cZlK��o2~c�DL�7�f�Cqy �y{�Ю�4K���;�3��z.Ƿm+me��&�g���O)	����\�Lѻ!�B�}��7�R�����xR� �v��?����8�����3��rާP}*��9�T�+���J^�\^�.rP�g�>���*LGf���<�<���y-v��w��nh��#�lD��"����a���x\��n2���ڒ�6�{X��������q�!��"B|y\?��B�Ia��;8e�1~�6�T9Ll�$�8j�QKa`����r͹�9L�:����p� �S:cA3g�0k��~fsʗ�0�3�yc��ʡ.���>���_=#o梕�42��17b2+d��g���r3�q%r?�?@�����k�Ehs9<�����G�f�3��g�_���QF���$'�u�QD7ȳ��x�=�1pN �CØ�k&�+�xV�Q�(l3y�����l̡�[�� ��v1�ٚ��}��o���M����p`���Bnb��Bn�%�L�RWs'�9�QT��{�?枯���~;��O�?ss$�e�����Ȁ�K���%�/PK
   ,�pE�%���   �      ro/Json$_Lamb.class-L�
�0˛�j��7xЋ�x�(���ҍ"��A�~�?��W]IIޟ��)ØaB�5a�(l��Uy(�V5���HUw���]�"��uf�ʇdH�����T�kM�M��(���9�S?ȴ4��L`�2&xPH!�]���1D����c�PK
   -�pE              ro/file/ PK
   -�pE��c�  �     ro/file/Readlines.classm��NA���]X�,�r)�rE(�"^���(	I���iiX�[�l~�%|�j�4�����E��l/ܚ����9�w����>���Vt�0��6f��@R�*�j��pOG+��������P�=�0�aA@�tg���f�h:�ɜ���nJ�5m;��ǫf��\��VjrC@].,�ά�X��wۖ���.ZUʛ�ӵ�v�z{��@O�-%w�H���B�����H�_�#s�z��I	[��_�g,���G�=����MǱ\:�4i�.�}U rQ쇃����s�!X֙�0�#���k���^�͔��w�+���֥5��s����d�,�х��@)i��1Љ.��J9�+*��g0Χ��EO�d�d��l��t��]g]~��o�=�&.m���6�T��^���D�o��a����֑��o��-��A��M��8�,.=�:u�|�!>}��]�pF7��V� :���1ߡ|�A ��Ct���`��}�E������Il��]�a�*�	���yr��L�+�1\�M2���Ȝ@�L|�RAK����Oh��)�~�0���Q�'�6��P��0^��w�	��c���|�Py�c��&0��0�a�1��c�	j�*Uj�)50K�a� oש5�1rn�ʛ�G�6F�-�_�S�4�k�������[�_M�PK
   -�pE���  �     ro/file/Line.classmR]o�`~^h)�ʰ��sN�g[t��F/LLHp^�,1!��U�Rڥ�]����ıD�?�xN�t���9��qΡ�����U\�]-%�֠����>��!��T<���R`H�z�~uI�(����	T^����0���s�t'3��ݞuD�7�1�7��q0�����T����GN�s��d���l���Ӻ�O�J��.�iZ�*���˦EW�^29p�d��y�zo}v���khh�M�eDΞh�pUCn▀�q8k���Q�_N�(���;���$�5���̤hix�=��\@[�L�q����	��}�ޚ�͞�\W�N�N�X��f���2�����KX��fU���<+�G�R�A]�E��O�P�Ӱ/ �_(}h_�|��>��=U�NQ'+I�� �&imR���)7R�07H�o�W�;m8wۧ�ߪ�HT�������Z��5i������/3�l,��\��5d��
yk-y�p~M��[�W�@U^�F�Z�dgI�Y��IQ;� PK
   ͬpE           	   ro/junit/ PK
   -�pE�T���  �	     ro/junit/TestCase.class�U[WW�C&�q$�\T���Ъ�j�7�J��
E[�$��0�3��ޯ�?��ϼPڵڥ��/�]]]�gf�C�0��;������'����� p�8�[��v3zp[Ä�wtܑ�IS���]�ᮆ��Y&�7�c��<>�':��/3?4�x���Β�����G:55�4�
�'��s�q�;V�<Ox
�m���(����c�GBA����pg�|����J�*�Y�-�GA�/٬qxҭ�,���Ȭ��1�Y�Dp��'
�ӓK֪5R����L~I�������z�{�H"�� ]��Xe��%��6�
�a����@��zAA��[��Q��C �G_z_AKη
���j g�PH鶵*�$���$�R!���P-�KG�~�L�r�R��
�C�)�/��$����_"q�+��e�*��۞_G?�	HU-��F����-[�e[�ay��+�5���ѫ YO�6�R�������r*)�y�������1q�(A�)Ѧ;����&��h�����Kp��=����p��ѫa��*�L�㩴X��^,q�)��'�T�g&>����n��
_��F^ч�����[߁3��P�C�,�f���k-����x�Q�KWl�	���*�FZ'���(W�;rG��`(V�/)�nd>�g.32O��	ǛYTpd��@���=�E������*�~�*̺VA�����eR�TBMOH�h������Y5���؉�ǲ�Z��ĸ_�򊲁�F�NV�b���h�Z4.�F�I��0��c��c���w�vi�n��ˏE��S�v���5>��n��ǧ�U>U��U��0	���UAQ��̌qMd���T_�䝖�B*̊*�� 2A���k�����Y�:?�+b�w���xnA���m������μ��gH�ق�y��h��8��3t�E=�ɣ�M��&Z�������_M'-I�i�$��x/O:q]�{gq�:�uj8E���]j8G���AR=�Q�ൠ��Z��&��:�4����@��p��cCc�d�n����/æbl|�~BW$A۶��R��� �4�~Vxu�ujl��Q�9�RN��s\�d���U�����B��Ov���A�#h�{3�vD�?ȟ̈��ȍ̓[8���-t�;�,�s�<ٌ,.�|W�2?RR�?���kf6�ɵ�������������^��G9�K�ew�7ZkoWq-�3�9j���q#�U�F�C��I
��o��\�Qo��خ����{��3X��7���T
�0�'�PK
   -�pEl��   �      ro/junit/TestCase$_Lamb.classe�=
�@��h�51ш����4� (��b+��Hº�l"���x(q�N��7���`���cVʥ$�'�=�[\Sq��Bi���mQ��XfR���U̵������QYDy��*�x�Ú���V��(cɵ�6����m�\�a�+}����&�2�2lj�13y�F=4�.���PK
   ͬpE              ro/ex/ PK
   -�pE]U�   �     ro/ex/AType.classm��N�0��kCLҔ�R�[����*SUw'X�UH�qQy+���x 
q�2�������O�����1"��'0�'�9K���d�ʹ��:w���̔Ɲڣ�՝&�RS���C��Te���*W�LYS��f������JꕜL_5{��v�r8oZ�VK��+S����q�I ��`!��ǐ�_��!���� ��܉�������͏c�at8'M���v������G�W��PK
   -�pE.Tz^  �     ro/ex/Ex.class]�AK�@��i��hkk���c���xk)��S�CK��&.uK�HL$�+=��(�mL���;���[د��O 8��@�ā��־�CBs�b�M��pN0��{Ih�*�7�*��L']?	E4���*4��D��4qe�zň@+�3Vѥ�Qk������x�f/�r4�=M�4��J�nz��R<M�k��Y� ttÍD�po��3�����U��(`�k�tz+ǭ���l>��v؁�.����sV=�>P�[�����o�Vŷ�N����u PK
   -�pE`��lC  !     ro/ex/AL.classmP�N�@=cK�
Vy�ڸ,,�WBH�hb�肆��#��Z�M\�~��Aa��:��so�����)M訚�P�b7�=�%�4��c�/�;�`�27�c_(��}BJn8�~�+��sP���tU舉�q�����ӂl��Z��l5s/�8b��uwğ���`���GbQ;ߕÀG���]�!���w��mϠ8���Q�O]9�[�n��������q�- ��}0�w1�������}��L�o�H����P֡����J��y#�ȓ/�0��V�H�"�,�M��)&=���a�埞��g��s�����YVB9��PK
   ͬpE              ro/intr/ PK
   -�pEz�@om   v      ro/intr/Lamb.class;�o�>NvvvF��ĜFf�0F���Ң�T�̜TFN���$��ĲDF��|�̼�"}�#� HT?'1/]�?)+5��������Y��1��X�@��� PK
   -�pE�k��t   �      ro/intr/LambO.class;�o�>NvvvF��ĜFu�h��ĲD��ļt}�����kML!F���Ң�T�̜T �'17�_�����(_?3��H,�� ���������Y�X@,V ��� PK
   ��pE              ro/obj/ PK
   -�pE@g�>s  t     ro/obj/HaveVal.class}TKoU=�3�M��É���@��u���4�MҐ���յ;J&O53�$��*��YV��ɦR� "`���O��D@8w�i+����u����y���� ���8mG7���a�u�sot ��xczzK�]��m�K�����%&㌼$�^/W����n�bM�W�K�5�L�.:u'�$��>kY0���@wɩ���/*�����l�VUmYy����f���=%�-���✺i/�E�@y�@:��s}*`�U����k����\ݨ�7ǭG0�p8�9<���[a־� t^T��Eu#,1$�
	"7�k�W�g]��_����>$G�S�[�U��4f2�W+:2����[��Y`�]�X�ü��� Q���![���F��U�m��%������$��[���A�&L�����Z���n�J2��z��#�g�I�\U~��`�z�$<�޶b!��1�PI��T�v�+���$��|ժjC��	���Fp�p�ss�4K9�5�{��?D�~�3���/�	�|'(�[�8��p�Q�ќ�0������7q;� ��`4a65���\Ԫ_��7?#�@јl��C
���&�@��v�q�VD���3�y�D����Za���#���Z��&�61el���ra{�4Ƣ�hʼ���T��x,�����ɉ�#�?"�Do�d���(����2�x�(�����Y#@O��%I���� yz��!�� 
��o�>�i|���1�qYxA@��1��(�[����/�.����pO02?GNu�A�E�h3���#�i��2��F���Jث��^��U��9���AWrJ����1 $Fv��E43�ǖ�$r�Ѓ�/K�/�="�&`�Hg��R�PK
   -�pE           
   ro/httpSv/ PK
   -�pE���d   �      ro/httpSv/Handler.class;�o�>NvvvF��ļ��TF%��|������2��BkM��ĲD��ļt����̼tkF���Ң�T�L���"=�BFA�v�#� ������6FF&`dad`f`�X�$ PK
   -�pE$*��@       ro/httpSv/Rq.class�Y	|\u���:�y��IӋ����i�2z� ֦҄��m�ô�N��ɼ�̛4AQNT�{��(�ew�V:��k�e��]�w�]uO��{s&�&Ѷ���w����/��� 6ɣ!�ἁ\p�����d��'txN�)=}��'��j�§�i�}&�����S�?��xIO�`���x9��X���ß��O�g:�yėB�K��2����(=��� ��Z|=�o��A�u%�]�c�·��-�V�WV�n"��	�G�������O�B��t࿃������a�nn�+!�?
�U��X���OCx���C�te�!�z�oHM;�O��cÐ`Hj%�C�&&�!�Lt���4�4�b���d�,%%�Y&0Flk�Ng�Ѵ�eeF�8�'-7������ѻ�1+���Ñ7Ow]�s3�)+m�����34!h��@7Ɠq�f��p4�F2�d$i���Me������ʋVࢇ��{���M��.���h׆����Qކh<i�eG���������8l��.l�ݑ8E�L�S�c����k�w��%���M'}�l�%Uţ?w���w�C.��y��_l���;aӖ����*��9M�v�Y�T���Ro�!��zo������X:�H�����CV���~��b'�Z)���ࡈ��0<�@����(�֐o�_I�g��)��I�!�^��YN8/�(1�v{�ty��1P;\�$\�c֍'�����
^I�9}mY/W��Ԋ'i��*�T���0�-�rL�3ct�%�������b�rW���F�Y-ʾe�!W��Ag���ɤ��IX��M�{�%�y0�r�N�����{�t�N�(eOaܮ��9���v6qN(�H��I1�m�Ջ���{
sKiХ!Wt�};+V�& �!K�!+f���˥��S�!n�gE�h#���V�}��J�B'S�ξ�[���t&U�b���
�͋=��w�ɦc�θ����j�vY�e�R�8�7�8�������m&�#���ՂƙQ8m+��)kd�!W�r����N�6e����SZ��YjJ;N��Q�a�zU��."תDי�!�3�M�$�M�"[y~aܹq�!�L�A:M܆73�fOC��R,�rpb'lw��P��h�Jh�q2�rf��h���Ac��7m����3�i��?���]�M�[e%7v��Sz�m��lJiL�+}��� �d���r��ĸ��z�Q6�)o�A��������ǔ�r��S[���X�D�)o���Ô��4U�4Y(Êp���iCb�i��ǒ�5�l,f�CJ�Nց1�|�4YM��Z�lw�`VvHCN������
�atݎ;9i�*dLFs�E(3ꎘ2��qS&�nC�j���S�.�E}���+q%��n�d+��^�N[��ʳ���a����S��{��e|F�-d��jI`�P���	���W�H��g��bZ/(�)v݀��2��*��8�����ߝ�W�YoU)}q[��f�V9����n>+���Ŋ�G���T"Nf�]Y�����`��Υ�Pt�v�+�g������[Lo�%5V:�ሕ�b#v��d�](]�H�v�N��uU�?����������9{�#+�N�]T�Ho�,$�{���^'��F�ճ�g8�偩u��(��Yo���|(�ʮ@�K���d�L� g��NL�1���I�dnQM��R�ѵ�}YxD^3����j͝Y�
1��GxА���(���?Ӎj6�-E
Q��G�$��M��\Gէ�ײ��?�qmެ}N֭|��'���%`�RvrH�q��9��ù�dF���Y������c(�	�(*ţ	{�Nj�_1˱������7�|�i��w6iU�kRJW����K\�3��۞?�Մ�T��UM&a��	ۭW����D�����K}y�k����X~�^Vɿ_�a.~��u'��W�f�8��[��b��*f�gZ�׌q a'�]>feZE��f5�^�6ښ�'\�	?����RI���q��4j��{<��NS�%���]<c�>̐�(&�o1���5>��Ɠc�	;���MZwZ1�+�[7Z^�^*u�Y����6,�_D�E4Ӓ��ҁ.�����0�rv����r�ƼY��j^��N?;֢u |���� gp��k>8�s��M�G��緵��u
/�w�򴦵-�@k{F���g=z�U08� ��h@3�c%Vs�����q����� of�NJ��a����nC�r�Ź�g'�K`��Jxa�l}~�R�)�>V�!��j�x-�Õx�HRc���	��&rP���Dݠ��́I��--/�e�o���*7<���%�ɵ�fciPi�k�9,<�_μ�����*ԕr�(h�V�m�f�S���rՏ�'�.���<1kxj�$g:�:���L7PRg�`��
Y*���c��p��~�l�t6γ	�5`�kXk�n��Wq-��E[��2�%P��7,�N3,zwLa�`{Ӓ�^���BPt��w�4�|��"С���2́�+���4
SGg���l4�Zg^�����*�/�;h���h��4���V�6��T��Q�E_����F>�%��&3��9g�Q0c���ӊ��٠M���"�5�w?1�̘�/a%��q-|��xx��C�E�i�]����#���j��\"to�#tf��S���(T]k[ӊI�<�U�\yG;��YA��D���1��c��{�F<V`�SЙ���y�A���h���z��jFǚ��}���/�t�f"�Wa^�_�/�r��h�y
k��\xl�\�DK��i�s��a���瘍�Ć#Sh��m{�ho��F��l����BVӕL���Z�V�������s�/�W�]H�_ůQ�S����-��1��1/�<A�kx�RkS$�k���)tP��J��6�e
[�ޖ���:���u���9ܔ��9��L�閟�͗�v��6V��g���r�ZX,���¢���͚�/��ge���zf:M�{��S=�������Sx���ó���x7��L�Q��$3�a��;FS�"�I�-Mcx��X�fM{��r}��癚�gB��,y?~���w�Ξ�fOz�z��tĄ�2�+x���������i���kKa�î�^̖�N"�����ѽZ^�B� Qv󷇿�썖}�6�>����p۷�i_�B|��9�P���p��(�!�$�����F[6ϗ�A,f!��v��e��,�8��������1�Ԯ���b�ߏ��.����/I�#�վ��?�q���h�K��`���`E����^�=����O�[�j����
��<!���[�#�6�7�l�[��ϟ��	�̟ξ���;�PK
   ,�pE           
   ro/helper/ PK
   ,�pE���Q�  �     ro/helper/LightKernel.class}W	{W=cIi<Y,/Y��I��vmAShIJI�&T��ڄ:ڱ�b�;�QF�క�-a/[I��� M٭i�	�}�� ��/�ܑbK��~˼�λ��{��/��� nÿ܈�:���/V?1�����(�㌎700g��5�f�E�o5�6�]Fw�x�4��w�x���xD���1�Ź8�g����44�!|X�G��q������	�4�s:���ǧ�|� O�������3q|V��t|�@Z��y_�����_��H󨁯₎�i��{Ӟ3��?�X��*ih��v��.�T�	����uY�U���ǭ)�O�Y/g9',ߖy�a4���ؐ��t^9E姳�L>8�|W9�4�J�RE���#�qӎ�u�J;�;�θ���r1PӇ�r�؞�mQ˟!n��n�V�u�[9^3X��F�bx>U�����K�����:�cS�*��������*O���Q�r8�m�tR8h{��f1[t|�xv�H����r�Vj�:��;#a�"�S�����h����ϛ��HW	�c1&d���^��T�y��
�;�Q���V�~
E%�-X���L-ѵ��szBxcIW�c^�ϩö$���@�e��}��>/#e=wF�7L�75l�~ޘ�(�c����-Y�������i�������{&��
�21�	x�ă��!w�XA.�|�a���<�A��I�� �㲉�G<nV���c?�OM�?��W0�a�ꪊ��d�Ve�ٯ4į)%���c"��f�(�_�:k�5��į�Va�ʶ3-q�������~O��������O&�,�j{M����w��?5������Ig��x�.��}eM��Tx	�+һ ,�q�ʩ�*������(�g,�����mL�L�x�sf,S��U��l@>�y����>Y�W{.x�RX���IC����ViT͉2n�u��[��2nI��w-��C��Wկb���;[
�cF�}���+oJ�(�VH�C���\��0$r��B1�ӡ��Vn� ��Ѱ�!��叩�e��T����k���5��)��(#��R��Ʉ��Lz�F��>^�:�b���[Ţ�����*���t��_Ce�s}G��񲼶t�Q�J�l��rUj�AG����/���WNF^����Ղ
֥�6Q�t��+��b#�\�l_������<�K��Ш��ZDq;^őY5�~���/��5��ie������B�@$ݍ������U��D�N�`#��E�vr���N$�d���M���}������huq�sp�f�����g�\Eg����Q��wGͽ��$�t,`����������³z��<a�}��c8N�srU� ���;>� 3;Y��
�>�^�����E.V�~�gѩ�<vr��0:���dw=�a���+by��G/���:vv��]��M�n�^�V?}�7CK��%o�`,dg�?��R����wa���إ�vQ���_��~LԂ:ʹ�ޕܰ����l��[*�z���[�ΤYf����X���$`����+fNb}��m���pa�.�x#{��Wl�v4�� 0E�q�5�{��0c,↉-[米��%&%�j42RtFG�8jc� �ҭ]���f����ZB��!Z	��H蛌>�'"ɛ�x�fR>��)��101�A
qK�y2��4�/�॑[+��prϊǷU�
^^���ռ6��aU��[��$s�a���R wW��4�[�/D(2ê�F/�W �PK
   ,�pE�,��  �      ro/helper/LightKernel$Todo.class�SMOQ=o:��a���hA�a�2(ݰ�h�D�J�E	7fZ^��t�����p�5�������W���h���$�ݹ�{�w�|���+�U�ذP�"��j�M ���gP0w��H�i����o4���ү�ޠ+ BZK�J�N�b��~�����.�z�'rm?�/]�x݀;�v��]/�U<�4��?Xh�Q�/���m��l�8�AM)j5��RuU ��ɜ��%I5-���§ի�������c}��w=9L�(�(\Ɲ�0��_���Y9��zr�s0��$�,�A��/M���p���=��D�|�T����s��G�^K��FOe����VX�*�m@=�k��C�|� Bal��;
�Dg�Ni�#�h�z�a�э34�cVsښ��'sc�Ub�嚧H]��:�)�=�\�j�%p��PG��v�|��~��E��{X��/��a82����'�#�^���X�96ɺ�y�l�je���s���yU�X��֘�	CL� �c��%�˺�
�����=d8���V�PK
   ,�pE'[X��   N  &   ro/helper/LightKernel$Todo$_Lamb.classuP�NQ��� �q��F
l�Ǝ�hB��Bck��<�#�·Q�~�q/1`��Lfg�����'�Z
B�ic"ao��Zckُ�.
.w�Իd�f�>I������l������|�e�.sg���W����	ѿ��Ro5��|_�#ի���Q�H���d:[rV*Ą����1r��ps25TC�J���@�!NSxWca�QG��v��PK
   -�pE��2&V  4     ro/helper/Kernel.classm��N�@���B/TA��v�;�66n $,K���f,>���$>�e<3 t�6��Ι��z� p��eR8�qdACل���c'��;��9���Qq�!�� �fH��]�&�'I�"~7~�s���!U�n�{a���E-��#>q��r��� ��J�}�^<'����NDu�o�5��@���0M?\�f���yKs�	��F�z�����:�gÄ�PXߎ��*��p�,��m�E�>Ҡ�f$$Ei�i6���|�|
6� �M�YU��'k�(`���"�͗
F�R=�_� �/�����]N?#�<����7d'j�"OvOa��PK
   |�pE           	          �A    META-INF/PK
   |�pE��                 ��)   META-INF/MANIFEST.MFPK
   -�pE                     �Av   ro/PK
   ,�pEC�W,�  �             ���   ro/Matcher.classPK
   -�pE�bq��  �             ���  ro/File.classPK
   -�pE�5��~  S             ���  ro/Dir.classPK
   -�pE;ulԴ  ;             ��u  ro/Inspect.classPK
   -�pEV1�g�   �              ��W  ro/Thr$Proc.classPK
   -�pEn�b�   �              ��  ro/Faker$_Lamb.classPK
   -�pEV�U�x  �             ���  ro/Thr.classPK
   ,�pE1�v  R             ��z  ro/Obj$Field.classPK
   -�pEtl��v  u             ��   ro/Node.classPK
   -�pE���og  0             ���  ro/Faker.classPK
   ,�pE�s��@	  6             ��T!  ro/AL.classPK
   -�pE�
V  �             ���*  ro/Obj.classPK
   -�pE�;4��  !             ��=7  ro/Bash.classPK
   ,�pE�P�   �              ��H;  ro/AL$_Lamb.classPK
   ,�pE��^^  �
             ��<  ro/Hash.classPK
   ,�pE�룷  �             ���A  ro/Opts.classPK
   ,�pE�p��(               ��yH  ro/JSONObject.classPK
   ,�pE}��r  �             ���I  ro/AL$Flatten.classPK
   ,�pEڤ��h  g	             ��uM  ro/Json.classPK
   -�pE�|$|�  �             ��R  ro/HttpSv$1.classPK
   -�pE�p�5  �             ���S  ro/Pj.classPK
   -�pE��D�V  P             ��X  ro/Trace.classPK
   -�pE�$�`�               ���Y  ro/Http.classPK
   -�pE����b  z             ��i]  ro/Str.classPK
   -�pEC`&�  �             ���d  ro/Asserter.classPK
   ,�pE�)�               ���g  ro/Err.classPK
   -�pEY����               ���j  ro/Range$1.classPK
   -�pE����l  .             ���l  ro/Range.classPK
   ,�pE8���  n             ��{p  ro/Env.classPK
   -�pE0��Bi  y             ��er  ro/Path.classPK
   -�pE�����  W             ���u  ro/HttpSv.classPK
   ,�pE�%���   �              ���|  ro/Json$_Lamb.classPK
   -�pE                     �A�}  ro/file/PK
   -�pE��c�  �             ���}  ro/file/Readlines.classPK
   -�pE���  �             ��Ȁ  ro/file/Line.classPK
   ͬpE           	          �A��  ro/junit/PK
   -�pE�T���  �	             ��(�  ro/junit/TestCase.classPK
   -�pEl��   �              ��[�  ro/junit/TestCase$_Lamb.classPK
   ͬpE                     �AL�  ro/ex/PK
   -�pE]U�   �             ��r�  ro/ex/AType.classPK
   -�pE.Tz^  �             ����  ro/ex/Ex.classPK
   -�pE`��lC  !             ��Ћ  ro/ex/AL.classPK
   ͬpE                     �A?�  ro/intr/PK
   -�pEz�@om   v              ��g�  ro/intr/Lamb.classPK
   -�pE�k��t   �              ���  ro/intr/LambO.classPK
   ��pE                     �A��  ro/obj/PK
   -�pE@g�>s  t             ��Ў  ro/obj/HaveVal.classPK
   -�pE           
          �Au�  ro/httpSv/PK
   -�pE���d   �              ����  ro/httpSv/Handler.classPK
   -�pE$*��@               ��S�  ro/httpSv/Rq.classPK
   ,�pE           
          �Aà  ro/helper/PK
   ,�pE���Q�  �             ���  ro/helper/LightKernel.classPK
   ,�pE�,��  �              ��	�  ro/helper/LightKernel$Todo.classPK
   ,�pE'[X��   N  &           ��`�  ro/helper/LightKernel$Todo$_Lamb.classPK
   -�pE��2&V  4             ��{�  ro/helper/Kernel.classPK    : : �  �    
PK
   o�pE           	   META-INF/ PK
   o�pE��         META-INF/MANIFEST.MF�M��LK-.�K-*��ϳR0�3���� PK
   ��pE              ro/ PK
   o�pE              ro/gd/ PK
   o�pEU���R  }     ro/gd/Plugin.class}Q�N�P�Ji��(��o��=�'�!��(	����Hm�ښ�Y^4�`<�Q�mi���v���l�����9u(�U��Q���}-�bOz2����1�0�g6�bIϾ��'vx+&.Wj�?�X�2ɳb!���M+�Mgf�ؑ^��� p���凎�b�ڦ�9��=���,
�uB�m�ţ0]�9���G����(��`���05�[7�ϓ���S�J&;��Ӥ�%Bc���&*����_G��JK8�S(����<��ƙ�H�J��̏t�ŴXB��� 0n0Rb%_�|,�T�X|f��U��z�-jY�3�$,�s����yвV9l�q��PK
   o�pE���D�  .     ro/gd/Pj.classuR�N�@=c�8q��#-��N�2vTݴbeA�TH��$�ܱ�MM���V��~@?
q�I(�A֌��9��s����� �\��PE�c��{��x��>���9���ڤ"5r0L�<Q�ct����+���5C�Fj0xo� a��U����^��Y�u_�Q��^�A}db�E:��
yF�a3:�3�I���S�-��ӝ��!J�&%��)|���1Z���]}j�ɮ�f�N�e9u<�!`X���߳M�xα��G�����6����B��:i����<֦ϊJ�I�:}����SZX3d�_�$\�k�i&A/�*�9�������~}�^�hQ���t���>Kh}@��	�j�󕐃9���L��5B��Fl,`(OV��3��<�ܧ�
g����op~�c�������B��U�Jim�xx%b�tO�Ec,�]bk���nj��Z|�kы/Yw/PK
   o�pEyz�ժ       ro/gd/Task.classuQMO�@}�811K	4�4)��#q@�/��ڊ�E#!!N��u�8�8�����"��(ĬcH�>�̾y����� �n"�����9�5�aME���x���������2V��A�v\�E����~˕'���m�
�w�Q�1pG��ױO���A���	��fD�JSMK��U����������A�_��j�;�����ǲ��j�����X&���sla[�U�%,3�Z�Z=��qa��t�R(=ۓ�����W���$iznԐ�*'&m�"'9�l�/�.nP���Ijֹ��l�MP����t0�,YN/�<#�ݹ��@��\�xA�OXD�<S�H����s����2���4�_�Y���t�+d�Ņ��*)�D�h���"w��m����(�+^�����[���7�PK
   ��pE              META-INF/gradle-plugins/ PK
   ��pE���$   "   (   META-INF/gradle-plugins/ro-gd.properties��-�I�M�+I,����M�I,.�-��KO��)M��� PK
   o�pE           	          �A    META-INF/PK
   o�pE��                 ��)   META-INF/MANIFEST.MFPK
   ��pE                     �Av   ro/PK
   o�pE                     �A�   ro/gd/PK
   o�pEU���R  }             ���   ro/gd/Plugin.classPK
   o�pE���D�  .             ��A  ro/gd/Pj.classPK
   o�pEyz�ժ               ��:  ro/gd/Task.classPK
   ��pE                     �A  META-INF/gradle-plugins/PK
   ��pE���$   "   (           ��J  META-INF/gradle-plugins/ro-gd.propertiesPK    	 	 4  �    

BUILD FAILED

Total time: 8.06 secs


FAILURE: Build failed with an exception.

* Where:
Build file '/home/roroco/Dropbox/jvs/ro-idea/build.gradle' line: 106

* What went wrong:
A problem occurred evaluating root project 'ro-idea'.
> com/google/common/base/Joiner

* Try:
Run with --info or --debug option to get more log output.

* Exception is:
org.gradle.api.GradleScriptException: A problem occurred evaluating root project 'ro-idea'.
	at org.gradle.groovy.scripts.internal.DefaultScriptRunnerFactory$ScriptRunnerImpl.run(DefaultScriptRunnerFactory.java:54)
	at org.gradle.configuration.DefaultScriptPluginFactory$ScriptPluginImpl.apply(DefaultScriptPluginFactory.java:190)
	at org.gradle.configuration.project.BuildScriptProcessor.execute(BuildScriptProcessor.java:39)
	at org.gradle.configuration.project.BuildScriptProcessor.execute(BuildScriptProcessor.java:26)
	at org.gradle.configuration.project.ConfigureActionsProjectEvaluator.evaluate(ConfigureActionsProjectEvaluator.java:34)
	at org.gradle.configuration.project.LifecycleProjectEvaluator.evaluate(LifecycleProjectEvaluator.java:55)
	at org.gradle.api.internal.project.AbstractProject.evaluate(AbstractProject.java:521)
	at org.gradle.api.internal.project.AbstractProject.evaluate(AbstractProject.java:82)
	at org.gradle.configuration.DefaultBuildConfigurer.configure(DefaultBuildConfigurer.java:31)
	at org.gradle.initialization.DefaultGradleLauncher.doBuildStages(DefaultGradleLauncher.java:129)
	at org.gradle.initialization.DefaultGradleLauncher.doBuild(DefaultGradleLauncher.java:106)
	at org.gradle.initialization.DefaultGradleLauncher.run(DefaultGradleLauncher.java:86)
	at org.gradle.launcher.exec.InProcessBuildActionExecuter$DefaultBuildController.run(InProcessBuildActionExecuter.java:80)
	at org.gradle.launcher.cli.ExecuteBuildAction.run(ExecuteBuildAction.java:33)
	at org.gradle.launcher.cli.ExecuteBuildAction.run(ExecuteBuildAction.java:24)
	at org.gradle.launcher.exec.InProcessBuildActionExecuter.execute(InProcessBuildActionExecuter.java:36)
	at org.gradle.launcher.exec.InProcessBuildActionExecuter.execute(InProcessBuildActionExecuter.java:26)
	at org.gradle.launcher.cli.RunBuildAction.run(RunBuildAction.java:51)
	at org.gradle.internal.Actions$RunnableActionAdapter.execute(Actions.java:171)
	at org.gradle.launcher.cli.CommandLineActionFactory$ParseAndBuildAction.execute(CommandLineActionFactory.java:237)
	at org.gradle.launcher.cli.CommandLineActionFactory$ParseAndBuildAction.execute(CommandLineActionFactory.java:210)
	at org.gradle.launcher.cli.JavaRuntimeValidationAction.execute(JavaRuntimeValidationAction.java:35)
	at org.gradle.launcher.cli.JavaRuntimeValidationAction.execute(JavaRuntimeValidationAction.java:24)
	at org.gradle.launcher.cli.CommandLineActionFactory$WithLogging.execute(CommandLineActionFactory.java:206)
	at org.gradle.launcher.cli.CommandLineActionFactory$WithLogging.execute(CommandLineActionFactory.java:169)
	at org.gradle.launcher.cli.ExceptionReportingAction.execute(ExceptionReportingAction.java:33)
	at org.gradle.launcher.cli.ExceptionReportingAction.execute(ExceptionReportingAction.java:22)
	at org.gradle.launcher.Main.doAction(Main.java:33)
	at org.gradle.launcher.bootstrap.EntryPoint.run(EntryPoint.java:45)
	at org.gradle.launcher.bootstrap.ProcessBootstrap.runNoExit(ProcessBootstrap.java:54)
	at org.gradle.launcher.bootstrap.ProcessBootstrap.run(ProcessBootstrap.java:35)
	at org.gradle.launcher.GradleMain.main(GradleMain.java:23)
Caused by: java.lang.NoClassDefFoundError: com/google/common/base/Joiner
	at ro.Str.joinAll(Str.java:29)
	at ro.File.join(File.java:56)
	at ro.gd.Pj.root(Pj.java:17)
	at build_56giui9qrfbn1u820penbevfju$_run_closure9.doCall(/home/roroco/Dropbox/jvs/ro-idea/build.gradle:106)
	at org.gradle.api.internal.ClosureBackedAction.execute(ClosureBackedAction.java:59)
	at org.gradle.util.ConfigureUtil.configure(ConfigureUtil.java:130)
	at org.gradle.util.ConfigureUtil.configure(ConfigureUtil.java:110)
	at org.gradle.api.internal.AbstractTask.configure(AbstractTask.java:482)
	at org.gradle.api.internal.project.AbstractProject.task(AbstractProject.java:884)
	at org.gradle.api.internal.BeanDynamicObject$MetaClassAdapter.invokeMethod(BeanDynamicObject.java:225)
	at org.gradle.api.internal.BeanDynamicObject.invokeMethod(BeanDynamicObject.java:129)
	at org.gradle.api.internal.CompositeDynamicObject.invokeMethod(CompositeDynamicObject.java:147)
	at org.gradle.groovy.scripts.BasicScript.methodMissing(BasicScript.java:79)
	at build_56giui9qrfbn1u820penbevfju.run(/home/roroco/Dropbox/jvs/ro-idea/build.gradle:105)
	at org.gradle.groovy.scripts.internal.DefaultScriptRunnerFactory$ScriptRunnerImpl.run(DefaultScriptRunnerFactory.java:52)
	... 31 more
Caused by: java.lang.ClassNotFoundException: com.google.common.base.Joiner
	... 46 more



2014-11-16 23:12:16 - Backtrace:
2014-11-16 23:12:16 - /home/roroco/Dropbox/rbs/ro_cmds/lib/bash.rb:135:in `_bash'
/home/roroco/Dropbox/rbs/ro_cmds/lib/bash.rb:182:in `bash'
/home/roroco/Dropbox/rbs/ro_r4j/lib/ro_cmds/gd.rb:27:in `block in g'
/home/roroco/Dropbox/rbs/ro_cmds/lib/pj/misc.rb:14:in `tmply_cd'
/home/roroco/Dropbox/rbs/ro_r4j/lib/ro_cmds/gd.rb:26:in `g'
/home/roroco/Dropbox/rbs/ro_r4j/lib/ro_cmds/idea.rb:37:in `try'
/home/roroco/Dropbox/rbs/ro_cmds/lib/ro_helper/cmds/kls.rb:51:in `start'
/home/roroco/Dropbox/rbs/ro_pl/lib/ro_cell/pl/sv.rb:194:in `handle_rq'
/home/roroco/Dropbox/rbs/ro_pl/lib/ro_cell/pl/sv.rb:118:in `block (2 levels) in start'
/home/roroco/Dropbox/rbs/ro_pl/lib/ro_cell/forker.rb:26:in `block in create_process'
/home/roroco/Dropbox/rbs/ro_pl/lib/ro_cell/forker.rb:24:in `fork'
/home/roroco/Dropbox/rbs/ro_pl/lib/ro_cell/forker.rb:24:in `create_process'
/home/roroco/Dropbox/rbs/ro_pl/lib/ro_cell/forker.rb:11:in `initialize'
/home/roroco/Dropbox/rbs/ro_pl/lib/ro_helper/process.rb:42:in `new'
/home/roroco/Dropbox/rbs/ro_pl/lib/ro_helper/process.rb:42:in `ro_fork'
/home/roroco/Dropbox/rbs/ro_pl/lib/ro_cell/pl/sv.rb:111:in `block in start'
/home/roroco/Dropbox/rbs/ro_pl/lib/ro_cell/pl/sv.rb:102:in `loop'
/home/roroco/Dropbox/rbs/ro_pl/lib/ro_cell/pl/sv.rb:102:in `start'
/home/roroco/Dropbox/rbs/ro_pl/lib/ro_cell/pl/sv.rb:46:in `restart'
/home/roroco/Dropbox/rbs/ro_cmds/lib/ro_helper/cmds/kls/meta.rb:135:in `block (2 levels) in delegate_ins_meth'
/home/roroco/Dropbox/rbs/ro_cmds/lib/ro_helper/cmds/kls.rb:51:in `start'
/home/roroco/Dropbox/rbs/ro_cmds/lib/ro_cmds_runner.rb:31:in `start'
/home/roroco/Dropbox/rbs/ro_cmds/lib/ro_cmds_bin.rb:2:in `<top (required)>'
/home/roroco/Dropbox/rbs/ro_cmds/bin/ro:2:in `load'
/home/roroco/Dropbox/rbs/ro_cmds/bin/ro:2:in `<top (required)>'
/home/roroco/.rbenv/versions/2.1.2/lib/ruby/gems/2.1.0/bin/ro:23:in `load'
/home/roroco/.rbenv/versions/2.1.2/lib/ruby/gems/2.1.0/bin/ro:23:in `<main>'
2014-11-16 23:13:59 - Error:{RoErr::Bash::ExeErr} err cmd: gradle cpToClip -s

BUILD FAILED

Total time: 4.618 secs


FAILURE: Build failed with an exception.

* Where:
Build file '/home/roroco/Dropbox/jvs/ro-idea/build.gradle' line: 8

* What went wrong:
A problem occurred evaluating root project 'ro-idea'.
> Could not find method mavan() for arguments [build_56giui9qrfbn1u820penbevfju$_run_closure1_closure2_closure5@248deced] on repository container.

* Try:
Run with --info or --debug option to get more log output.

* Exception is:
org.gradle.api.GradleScriptException: A problem occurred evaluating root project 'ro-idea'.
	at org.gradle.groovy.scripts.internal.DefaultScriptRunnerFactory$ScriptRunnerImpl.run(DefaultScriptRunnerFactory.java:54)
	at org.gradle.configuration.DefaultScriptPluginFactory$ScriptPluginImpl.apply(DefaultScriptPluginFactory.java:139)
	at org.gradle.configuration.project.BuildScriptProcessor.execute(BuildScriptProcessor.java:39)
	at org.gradle.configuration.project.BuildScriptProcessor.execute(BuildScriptProcessor.java:26)
	at org.gradle.configuration.project.ConfigureActionsProjectEvaluator.evaluate(ConfigureActionsProjectEvaluator.java:34)
	at org.gradle.configuration.project.LifecycleProjectEvaluator.evaluate(LifecycleProjectEvaluator.java:55)
	at org.gradle.api.internal.project.AbstractProject.evaluate(AbstractProject.java:521)
	at org.gradle.api.internal.project.AbstractProject.evaluate(AbstractProject.java:82)
	at org.gradle.configuration.DefaultBuildConfigurer.configure(DefaultBuildConfigurer.java:31)
	at org.gradle.initialization.DefaultGradleLauncher.doBuildStages(DefaultGradleLauncher.java:129)
	at org.gradle.initialization.DefaultGradleLauncher.doBuild(DefaultGradleLauncher.java:106)
	at org.gradle.initialization.DefaultGradleLauncher.run(DefaultGradleLauncher.java:86)
	at org.gradle.launcher.exec.InProcessBuildActionExecuter$DefaultBuildController.run(InProcessBuildActionExecuter.java:80)
	at org.gradle.launcher.cli.ExecuteBuildAction.run(ExecuteBuildAction.java:33)
	at org.gradle.launcher.cli.ExecuteBuildAction.run(ExecuteBuildAction.java:24)
	at org.gradle.launcher.exec.InProcessBuildActionExecuter.execute(InProcessBuildActionExecuter.java:36)
	at org.gradle.launcher.exec.InProcessBuildActionExecuter.execute(InProcessBuildActionExecuter.java:26)
	at org.gradle.launcher.cli.RunBuildAction.run(RunBuildAction.java:51)
	at org.gradle.internal.Actions$RunnableActionAdapter.execute(Actions.java:171)
	at org.gradle.launcher.cli.CommandLineActionFactory$ParseAndBuildAction.execute(CommandLineActionFactory.java:237)
	at org.gradle.launcher.cli.CommandLineActionFactory$ParseAndBuildAction.execute(CommandLineActionFactory.java:210)
	at org.gradle.launcher.cli.JavaRuntimeValidationAction.execute(JavaRuntimeValidationAction.java:35)
	at org.gradle.launcher.cli.JavaRuntimeValidationAction.execute(JavaRuntimeValidationAction.java:24)
	at org.gradle.launcher.cli.CommandLineActionFactory$WithLogging.execute(CommandLineActionFactory.java:206)
	at org.gradle.launcher.cli.CommandLineActionFactory$WithLogging.execute(CommandLineActionFactory.java:169)
	at org.gradle.launcher.cli.ExceptionReportingAction.execute(ExceptionReportingAction.java:33)
	at org.gradle.launcher.cli.ExceptionReportingAction.execute(ExceptionReportingAction.java:22)
	at org.gradle.launcher.Main.doAction(Main.java:33)
	at org.gradle.launcher.bootstrap.EntryPoint.run(EntryPoint.java:45)
	at org.gradle.launcher.bootstrap.ProcessBootstrap.runNoExit(ProcessBootstrap.java:54)
	at org.gradle.launcher.bootstrap.ProcessBootstrap.run(ProcessBootstrap.java:35)
	at org.gradle.launcher.GradleMain.main(GradleMain.java:23)
Caused by: org.gradle.api.internal.MissingMethodException: Could not find method mavan() for arguments [build_56giui9qrfbn1u820penbevfju$_run_closure1_closure2_closure5@248deced] on repository container.
	at org.gradle.api.internal.AbstractDynamicObject.methodMissingException(AbstractDynamicObject.java:68)
	at org.gradle.api.internal.AbstractDynamicObject.invokeMethod(AbstractDynamicObject.java:56)
	at org.gradle.api.internal.CompositeDynamicObject.invokeMethod(CompositeDynamicObject.java:172)
	at org.gradle.api.internal.artifacts.dsl.DefaultRepositoryHandler_Decorated.invokeMethod(Unknown Source)
	at build_56giui9qrfbn1u820penbevfju$_run_closure1_closure2.doCall(/home/roroco/Dropbox/jvs/ro-idea/build.gradle:8)
	at org.gradle.api.internal.ClosureBackedAction.execute(ClosureBackedAction.java:59)
	at org.gradle.util.ConfigureUtil.configure(ConfigureUtil.java:130)
	at org.gradle.util.ConfigureUtil.configure(ConfigureUtil.java:110)
	at org.gradle.api.internal.artifacts.DefaultArtifactRepositoryContainer.configure(DefaultArtifactRepositoryContainer.java:66)
	at org.gradle.api.internal.artifacts.DefaultArtifactRepositoryContainer.configure(DefaultArtifactRepositoryContainer.java:33)
	at org.gradle.api.internal.ClosureBackedAction.execute(ClosureBackedAction.java:51)
	at org.gradle.util.ConfigureUtil.configure(ConfigureUtil.java:130)
	at org.gradle.util.ConfigureUtil.configure(ConfigureUtil.java:91)
	at org.gradle.api.internal.initialization.DefaultScriptHandler.repositories(DefaultScriptHandler.java:70)
	at build_56giui9qrfbn1u820penbevfju$_run_closure1.doCall(/home/roroco/Dropbox/jvs/ro-idea/build.gradle:2)
	at org.gradle.api.internal.ClosureBackedAction.execute(ClosureBackedAction.java:59)
	at org.gradle.util.ConfigureUtil.configure(ConfigureUtil.java:130)
	at org.gradle.util.ConfigureUtil.configure(ConfigureUtil.java:91)
	at org.gradle.api.internal.project.AbstractProject.buildscript(AbstractProject.java:856)
	at org.gradle.api.Project$buildscript.call(Unknown Source)
	at org.gradle.api.internal.project.ProjectScript.buildscript(ProjectScript.groovy:42)
	at org.gradle.api.Script$buildscript$0.callCurrent(Unknown Source)
	at build_56giui9qrfbn1u820penbevfju.run(/home/roroco/Dropbox/jvs/ro-idea/build.gradle:1)
	at org.gradle.groovy.scripts.internal.DefaultScriptRunnerFactory$ScriptRunnerImpl.run(DefaultScriptRunnerFactory.java:52)
	... 31 more



2014-11-16 23:13:59 - Backtrace:
2014-11-16 23:13:59 - /home/roroco/Dropbox/rbs/ro_cmds/lib/bash.rb:135:in `_bash'
/home/roroco/Dropbox/rbs/ro_cmds/lib/bash.rb:182:in `bash'
/home/roroco/Dropbox/rbs/ro_r4j/lib/ro_cmds/gd.rb:27:in `block in g'
/home/roroco/Dropbox/rbs/ro_cmds/lib/pj/misc.rb:14:in `tmply_cd'
/home/roroco/Dropbox/rbs/ro_r4j/lib/ro_cmds/gd.rb:26:in `g'
/home/roroco/Dropbox/rbs/ro_r4j/lib/ro_cmds/idea.rb:37:in `try'
/home/roroco/Dropbox/rbs/ro_cmds/lib/ro_helper/cmds/kls.rb:51:in `start'
/home/roroco/Dropbox/rbs/ro_pl/lib/ro_cell/pl/sv.rb:194:in `handle_rq'
/home/roroco/Dropbox/rbs/ro_pl/lib/ro_cell/pl/sv.rb:118:in `block (2 levels) in start'
/home/roroco/Dropbox/rbs/ro_pl/lib/ro_cell/forker.rb:26:in `block in create_process'
/home/roroco/Dropbox/rbs/ro_pl/lib/ro_cell/forker.rb:24:in `fork'
/home/roroco/Dropbox/rbs/ro_pl/lib/ro_cell/forker.rb:24:in `create_process'
/home/roroco/Dropbox/rbs/ro_pl/lib/ro_cell/forker.rb:11:in `initialize'
/home/roroco/Dropbox/rbs/ro_pl/lib/ro_helper/process.rb:42:in `new'
/home/roroco/Dropbox/rbs/ro_pl/lib/ro_helper/process.rb:42:in `ro_fork'
/home/roroco/Dropbox/rbs/ro_pl/lib/ro_cell/pl/sv.rb:111:in `block in start'
/home/roroco/Dropbox/rbs/ro_pl/lib/ro_cell/pl/sv.rb:102:in `loop'
/home/roroco/Dropbox/rbs/ro_pl/lib/ro_cell/pl/sv.rb:102:in `start'
/home/roroco/Dropbox/rbs/ro_pl/lib/ro_cell/pl/sv.rb:46:in `restart'
/home/roroco/Dropbox/rbs/ro_cmds/lib/ro_helper/cmds/kls/meta.rb:135:in `block (2 levels) in delegate_ins_meth'
/home/roroco/Dropbox/rbs/ro_cmds/lib/ro_helper/cmds/kls.rb:51:in `start'
/home/roroco/Dropbox/rbs/ro_cmds/lib/ro_cmds_runner.rb:31:in `start'
/home/roroco/Dropbox/rbs/ro_cmds/lib/ro_cmds_bin.rb:2:in `<top (required)>'
/home/roroco/Dropbox/rbs/ro_cmds/bin/ro:2:in `load'
/home/roroco/Dropbox/rbs/ro_cmds/bin/ro:2:in `<top (required)>'
/home/roroco/.rbenv/versions/2.1.2/lib/ruby/gems/2.1.0/bin/ro:23:in `load'
/home/roroco/.rbenv/versions/2.1.2/lib/ruby/gems/2.1.0/bin/ro:23:in `<main>'
2014-11-17 11:54:52 - Error:{RoErr::Bash::ExeErr} err cmd: gradle build -s

BUILD FAILED

Total time: 8.208 secs


FAILURE: Build failed with an exception.

* Where:
Build file '/home/roroco/Dropbox/jvs/ro-idea/build.gradle' line: 21

* What went wrong:
A problem occurred evaluating root project 'ro-idea'.
> Could not find property 'util' on task ':cpToClip'.

* Try:
Run with --info or --debug option to get more log output.

* Exception is:
org.gradle.api.GradleScriptException: A problem occurred evaluating root project 'ro-idea'.
	at org.gradle.groovy.scripts.internal.DefaultScriptRunnerFactory$ScriptRunnerImpl.run(DefaultScriptRunnerFactory.java:54)
	at org.gradle.configuration.DefaultScriptPluginFactory$ScriptPluginImpl.apply(DefaultScriptPluginFactory.java:190)
	at org.gradle.configuration.project.BuildScriptProcessor.execute(BuildScriptProcessor.java:39)
	at org.gradle.configuration.project.BuildScriptProcessor.execute(BuildScriptProcessor.java:26)
	at org.gradle.configuration.project.ConfigureActionsProjectEvaluator.evaluate(ConfigureActionsProjectEvaluator.java:34)
	at org.gradle.configuration.project.LifecycleProjectEvaluator.evaluate(LifecycleProjectEvaluator.java:55)
	at org.gradle.api.internal.project.AbstractProject.evaluate(AbstractProject.java:521)
	at org.gradle.api.internal.project.AbstractProject.evaluate(AbstractProject.java:82)
	at org.gradle.configuration.DefaultBuildConfigurer.configure(DefaultBuildConfigurer.java:31)
	at org.gradle.initialization.DefaultGradleLauncher.doBuildStages(DefaultGradleLauncher.java:129)
	at org.gradle.initialization.DefaultGradleLauncher.doBuild(DefaultGradleLauncher.java:106)
	at org.gradle.initialization.DefaultGradleLauncher.run(DefaultGradleLauncher.java:86)
	at org.gradle.launcher.exec.InProcessBuildActionExecuter$DefaultBuildController.run(InProcessBuildActionExecuter.java:80)
	at org.gradle.launcher.cli.ExecuteBuildAction.run(ExecuteBuildAction.java:33)
	at org.gradle.launcher.cli.ExecuteBuildAction.run(ExecuteBuildAction.java:24)
	at org.gradle.launcher.exec.InProcessBuildActionExecuter.execute(InProcessBuildActionExecuter.java:36)
	at org.gradle.launcher.exec.InProcessBuildActionExecuter.execute(InProcessBuildActionExecuter.java:26)
	at org.gradle.launcher.cli.RunBuildAction.run(RunBuildAction.java:51)
	at org.gradle.internal.Actions$RunnableActionAdapter.execute(Actions.java:171)
	at org.gradle.launcher.cli.CommandLineActionFactory$ParseAndBuildAction.execute(CommandLineActionFactory.java:237)
	at org.gradle.launcher.cli.CommandLineActionFactory$ParseAndBuildAction.execute(CommandLineActionFactory.java:210)
	at org.gradle.launcher.cli.JavaRuntimeValidationAction.execute(JavaRuntimeValidationAction.java:35)
	at org.gradle.launcher.cli.JavaRuntimeValidationAction.execute(JavaRuntimeValidationAction.java:24)
	at org.gradle.launcher.cli.CommandLineActionFactory$WithLogging.execute(CommandLineActionFactory.java:206)
	at org.gradle.launcher.cli.CommandLineActionFactory$WithLogging.execute(CommandLineActionFactory.java:169)
	at org.gradle.launcher.cli.ExceptionReportingAction.execute(ExceptionReportingAction.java:33)
	at org.gradle.launcher.cli.ExceptionReportingAction.execute(ExceptionReportingAction.java:22)
	at org.gradle.launcher.Main.doAction(Main.java:33)
	at org.gradle.launcher.bootstrap.EntryPoint.run(EntryPoint.java:45)
	at org.gradle.launcher.bootstrap.ProcessBootstrap.runNoExit(ProcessBootstrap.java:54)
	at org.gradle.launcher.bootstrap.ProcessBootstrap.run(ProcessBootstrap.java:35)
	at org.gradle.launcher.GradleMain.main(GradleMain.java:23)
Caused by: groovy.lang.MissingPropertyException: Could not find property 'util' on task ':cpToClip'.
	at org.gradle.api.internal.AbstractDynamicObject.propertyMissingException(AbstractDynamicObject.java:43)
	at org.gradle.api.internal.AbstractDynamicObject.getProperty(AbstractDynamicObject.java:35)
	at org.gradle.api.internal.CompositeDynamicObject.getProperty(CompositeDynamicObject.java:94)
	at ro.gd.Task_Decorated.getProperty(Unknown Source)
	at build_56giui9qrfbn1u820penbevfju$_run_closure1.doCall(/home/roroco/Dropbox/jvs/ro-idea/build.gradle:21)
	at org.gradle.api.internal.ClosureBackedAction.execute(ClosureBackedAction.java:59)
	at org.gradle.util.ConfigureUtil.configure(ConfigureUtil.java:130)
	at org.gradle.util.ConfigureUtil.configure(ConfigureUtil.java:110)
	at org.gradle.api.internal.AbstractTask.configure(AbstractTask.java:482)
	at org.gradle.api.internal.project.AbstractProject.task(AbstractProject.java:884)
	at org.gradle.api.internal.BeanDynamicObject$MetaClassAdapter.invokeMethod(BeanDynamicObject.java:225)
	at org.gradle.api.internal.BeanDynamicObject.invokeMethod(BeanDynamicObject.java:129)
	at org.gradle.api.internal.CompositeDynamicObject.invokeMethod(CompositeDynamicObject.java:147)
	at org.gradle.groovy.scripts.BasicScript.methodMissing(BasicScript.java:79)
	at build_56giui9qrfbn1u820penbevfju.run(/home/roroco/Dropbox/jvs/ro-idea/build.gradle:20)
	at org.gradle.groovy.scripts.internal.DefaultScriptRunnerFactory$ScriptRunnerImpl.run(DefaultScriptRunnerFactory.java:52)
	... 31 more



2014-11-17 11:54:52 - Backtrace:
2014-11-17 11:54:52 - /home/roroco/Dropbox/rbs/ro_cmds/lib/bash.rb:135:in `_bash'
/home/roroco/Dropbox/rbs/ro_cmds/lib/bash.rb:182:in `bash'
/home/roroco/Dropbox/rbs/ro_r4j/lib/ro_cmds/gd.rb:27:in `block in g'
/home/roroco/Dropbox/rbs/ro_cmds/lib/pj/misc.rb:14:in `tmply_cd'
/home/roroco/Dropbox/rbs/ro_r4j/lib/ro_cmds/gd.rb:26:in `g'
/home/roroco/Dropbox/rbs/ro_r4j/lib/ro_cmds/gd.rb:18:in `block in build'
/home/roroco/Dropbox/rbs/ro_cmds/lib/pj/misc.rb:14:in `tmply_cd'
/home/roroco/Dropbox/rbs/ro_r4j/lib/ro_cmds/gd.rb:17:in `build'
/home/roroco/Dropbox/rbs/ro_r4j/lib/ro_cmds/idea.rb:15:in `all'
/home/roroco/Dropbox/rbs/ro_cmds/lib/ro_helper/cmds/kls.rb:51:in `start'
/home/roroco/Dropbox/rbs/ro_pl/lib/ro_cell/pl/sv.rb:194:in `handle_rq'
/home/roroco/Dropbox/rbs/ro_pl/lib/ro_cell/pl/sv.rb:118:in `block (2 levels) in start'
/home/roroco/Dropbox/rbs/ro_pl/lib/ro_cell/forker.rb:26:in `block in create_process'
/home/roroco/Dropbox/rbs/ro_pl/lib/ro_cell/forker.rb:24:in `fork'
/home/roroco/Dropbox/rbs/ro_pl/lib/ro_cell/forker.rb:24:in `create_process'
/home/roroco/Dropbox/rbs/ro_pl/lib/ro_cell/forker.rb:11:in `initialize'
/home/roroco/Dropbox/rbs/ro_pl/lib/ro_helper/process.rb:42:in `new'
/home/roroco/Dropbox/rbs/ro_pl/lib/ro_helper/process.rb:42:in `ro_fork'
/home/roroco/Dropbox/rbs/ro_pl/lib/ro_cell/pl/sv.rb:111:in `block in start'
/home/roroco/Dropbox/rbs/ro_pl/lib/ro_cell/pl/sv.rb:102:in `loop'
/home/roroco/Dropbox/rbs/ro_pl/lib/ro_cell/pl/sv.rb:102:in `start'
/home/roroco/Dropbox/rbs/ro_pl/lib/ro_cell/pl/sv.rb:46:in `restart'
/home/roroco/Dropbox/rbs/ro_cmds/lib/ro_helper/cmds/kls/meta.rb:135:in `block (2 levels) in delegate_ins_meth'
/home/roroco/Dropbox/rbs/ro_cmds/lib/ro_helper/cmds/kls.rb:51:in `start'
/home/roroco/Dropbox/rbs/ro_cmds/lib/ro_cmds_runner.rb:31:in `start'
/home/roroco/Dropbox/rbs/ro_cmds/lib/ro_cmds_bin.rb:2:in `<top (required)>'
/home/roroco/Dropbox/rbs/ro_cmds/bin/ro:2:in `load'
/home/roroco/Dropbox/rbs/ro_cmds/bin/ro:2:in `<top (required)>'
/home/roroco/.rbenv/versions/2.1.2/lib/ruby/gems/2.1.0/bin/ro:23:in `load'
/home/roroco/.rbenv/versions/2.1.2/lib/ruby/gems/2.1.0/bin/ro:23:in `<main>'
2014-11-17 11:57:06 - Error:{RoErr::Bash::ExeErr} err cmd: gradle build -s

BUILD FAILED

Total time: 4.726 secs


FAILURE: Build failed with an exception.

* Where:
Build file '/home/roroco/Dropbox/jvs/ro-idea/build.gradle' line: 21

* What went wrong:
A problem occurred evaluating root project 'ro-idea'.
> Could not find property 'util' on task ':cpToClip'.

* Try:
Run with --info or --debug option to get more log output.

* Exception is:
org.gradle.api.GradleScriptException: A problem occurred evaluating root project 'ro-idea'.
	at org.gradle.groovy.scripts.internal.DefaultScriptRunnerFactory$ScriptRunnerImpl.run(DefaultScriptRunnerFactory.java:54)
	at org.gradle.configuration.DefaultScriptPluginFactory$ScriptPluginImpl.apply(DefaultScriptPluginFactory.java:190)
	at org.gradle.configuration.project.BuildScriptProcessor.execute(BuildScriptProcessor.java:39)
	at org.gradle.configuration.project.BuildScriptProcessor.execute(BuildScriptProcessor.java:26)
	at org.gradle.configuration.project.ConfigureActionsProjectEvaluator.evaluate(ConfigureActionsProjectEvaluator.java:34)
	at org.gradle.configuration.project.LifecycleProjectEvaluator.evaluate(LifecycleProjectEvaluator.java:55)
	at org.gradle.api.internal.project.AbstractProject.evaluate(AbstractProject.java:521)
	at org.gradle.api.internal.project.AbstractProject.evaluate(AbstractProject.java:82)
	at org.gradle.configuration.DefaultBuildConfigurer.configure(DefaultBuildConfigurer.java:31)
	at org.gradle.initialization.DefaultGradleLauncher.doBuildStages(DefaultGradleLauncher.java:129)
	at org.gradle.initialization.DefaultGradleLauncher.doBuild(DefaultGradleLauncher.java:106)
	at org.gradle.initialization.DefaultGradleLauncher.run(DefaultGradleLauncher.java:86)
	at org.gradle.launcher.exec.InProcessBuildActionExecuter$DefaultBuildController.run(InProcessBuildActionExecuter.java:80)
	at org.gradle.launcher.cli.ExecuteBuildAction.run(ExecuteBuildAction.java:33)
	at org.gradle.launcher.cli.ExecuteBuildAction.run(ExecuteBuildAction.java:24)
	at org.gradle.launcher.exec.InProcessBuildActionExecuter.execute(InProcessBuildActionExecuter.java:36)
	at org.gradle.launcher.exec.InProcessBuildActionExecuter.execute(InProcessBuildActionExecuter.java:26)
	at org.gradle.launcher.cli.RunBuildAction.run(RunBuildAction.java:51)
	at org.gradle.internal.Actions$RunnableActionAdapter.execute(Actions.java:171)
	at org.gradle.launcher.cli.CommandLineActionFactory$ParseAndBuildAction.execute(CommandLineActionFactory.java:237)
	at org.gradle.launcher.cli.CommandLineActionFactory$ParseAndBuildAction.execute(CommandLineActionFactory.java:210)
	at org.gradle.launcher.cli.JavaRuntimeValidationAction.execute(JavaRuntimeValidationAction.java:35)
	at org.gradle.launcher.cli.JavaRuntimeValidationAction.execute(JavaRuntimeValidationAction.java:24)
	at org.gradle.launcher.cli.CommandLineActionFactory$WithLogging.execute(CommandLineActionFactory.java:206)
	at org.gradle.launcher.cli.CommandLineActionFactory$WithLogging.execute(CommandLineActionFactory.java:169)
	at org.gradle.launcher.cli.ExceptionReportingAction.execute(ExceptionReportingAction.java:33)
	at org.gradle.launcher.cli.ExceptionReportingAction.execute(ExceptionReportingAction.java:22)
	at org.gradle.launcher.Main.doAction(Main.java:33)
	at org.gradle.launcher.bootstrap.EntryPoint.run(EntryPoint.java:45)
	at org.gradle.launcher.bootstrap.ProcessBootstrap.runNoExit(ProcessBootstrap.java:54)
	at org.gradle.launcher.bootstrap.ProcessBootstrap.run(ProcessBootstrap.java:35)
	at org.gradle.launcher.GradleMain.main(GradleMain.java:23)
Caused by: groovy.lang.MissingPropertyException: Could not find property 'util' on task ':cpToClip'.
	at org.gradle.api.internal.AbstractDynamicObject.propertyMissingException(AbstractDynamicObject.java:43)
	at org.gradle.api.internal.AbstractDynamicObject.getProperty(AbstractDynamicObject.java:35)
	at org.gradle.api.internal.CompositeDynamicObject.getProperty(CompositeDynamicObject.java:94)
	at ro.gd.Task_Decorated.getProperty(Unknown Source)
	at build_56giui9qrfbn1u820penbevfju$_run_closure1.doCall(/home/roroco/Dropbox/jvs/ro-idea/build.gradle:21)
	at org.gradle.api.internal.ClosureBackedAction.execute(ClosureBackedAction.java:59)
	at org.gradle.util.ConfigureUtil.configure(ConfigureUtil.java:130)
	at org.gradle.util.ConfigureUtil.configure(ConfigureUtil.java:110)
	at org.gradle.api.internal.AbstractTask.configure(AbstractTask.java:482)
	at org.gradle.api.internal.project.AbstractProject.task(AbstractProject.java:884)
	at org.gradle.api.internal.BeanDynamicObject$MetaClassAdapter.invokeMethod(BeanDynamicObject.java:225)
	at org.gradle.api.internal.BeanDynamicObject.invokeMethod(BeanDynamicObject.java:129)
	at org.gradle.api.internal.CompositeDynamicObject.invokeMethod(CompositeDynamicObject.java:147)
	at org.gradle.groovy.scripts.BasicScript.methodMissing(BasicScript.java:79)
	at build_56giui9qrfbn1u820penbevfju.run(/home/roroco/Dropbox/jvs/ro-idea/build.gradle:20)
	at org.gradle.groovy.scripts.internal.DefaultScriptRunnerFactory$ScriptRunnerImpl.run(DefaultScriptRunnerFactory.java:52)
	... 31 more



2014-11-17 11:57:06 - Backtrace:
2014-11-17 11:57:06 - /home/roroco/Dropbox/rbs/ro_cmds/lib/bash.rb:135:in `_bash'
/home/roroco/Dropbox/rbs/ro_cmds/lib/bash.rb:182:in `bash'
/home/roroco/Dropbox/rbs/ro_r4j/lib/ro_cmds/gd.rb:27:in `block in g'
/home/roroco/Dropbox/rbs/ro_cmds/lib/pj/misc.rb:14:in `tmply_cd'
/home/roroco/Dropbox/rbs/ro_r4j/lib/ro_cmds/gd.rb:26:in `g'
/home/roroco/Dropbox/rbs/ro_r4j/lib/ro_cmds/gd.rb:18:in `block in build'
/home/roroco/Dropbox/rbs/ro_cmds/lib/pj/misc.rb:14:in `tmply_cd'
/home/roroco/Dropbox/rbs/ro_r4j/lib/ro_cmds/gd.rb:17:in `build'
/home/roroco/Dropbox/rbs/ro_r4j/lib/ro_cmds/idea.rb:15:in `all'
/home/roroco/Dropbox/rbs/ro_cmds/lib/ro_helper/cmds/kls.rb:51:in `start'
/home/roroco/Dropbox/rbs/ro_pl/lib/ro_cell/pl/sv.rb:194:in `handle_rq'
/home/roroco/Dropbox/rbs/ro_pl/lib/ro_cell/pl/sv.rb:118:in `block (2 levels) in start'
/home/roroco/Dropbox/rbs/ro_pl/lib/ro_cell/forker.rb:26:in `block in create_process'
/home/roroco/Dropbox/rbs/ro_pl/lib/ro_cell/forker.rb:24:in `fork'
/home/roroco/Dropbox/rbs/ro_pl/lib/ro_cell/forker.rb:24:in `create_process'
/home/roroco/Dropbox/rbs/ro_pl/lib/ro_cell/forker.rb:11:in `initialize'
/home/roroco/Dropbox/rbs/ro_pl/lib/ro_helper/process.rb:42:in `new'
/home/roroco/Dropbox/rbs/ro_pl/lib/ro_helper/process.rb:42:in `ro_fork'
/home/roroco/Dropbox/rbs/ro_pl/lib/ro_cell/pl/sv.rb:111:in `block in start'
/home/roroco/Dropbox/rbs/ro_pl/lib/ro_cell/pl/sv.rb:102:in `loop'
/home/roroco/Dropbox/rbs/ro_pl/lib/ro_cell/pl/sv.rb:102:in `start'
/home/roroco/Dropbox/rbs/ro_pl/lib/ro_cell/pl/sv.rb:46:in `restart'
/home/roroco/Dropbox/rbs/ro_cmds/lib/ro_helper/cmds/kls/meta.rb:135:in `block (2 levels) in delegate_ins_meth'
/home/roroco/Dropbox/rbs/ro_cmds/lib/ro_helper/cmds/kls.rb:51:in `start'
/home/roroco/Dropbox/rbs/ro_cmds/lib/ro_cmds_runner.rb:31:in `start'
/home/roroco/Dropbox/rbs/ro_cmds/lib/ro_cmds_bin.rb:2:in `<top (required)>'
/home/roroco/Dropbox/rbs/ro_cmds/bin/ro:2:in `load'
/home/roroco/Dropbox/rbs/ro_cmds/bin/ro:2:in `<top (required)>'
/home/roroco/.rbenv/versions/2.1.2/lib/ruby/gems/2.1.0/bin/ro:23:in `load'
/home/roroco/.rbenv/versions/2.1.2/lib/ruby/gems/2.1.0/bin/ro:23:in `<main>'
2014-11-17 12:12:26 - Error:{RoErr::Bash::ExeErr} err cmd: gradle build -s

BUILD FAILED

Total time: 5.12 secs


FAILURE: Build failed with an exception.

* Where:
Build file '/home/roroco/Dropbox/jvs/ro-idea/build.gradle' line: 21

* What went wrong:
A problem occurred evaluating root project 'ro-idea'.
> Could not find property 'util' on task ':cpToClip'.

* Try:
Run with --info or --debug option to get more log output.

* Exception is:
org.gradle.api.GradleScriptException: A problem occurred evaluating root project 'ro-idea'.
	at org.gradle.groovy.scripts.internal.DefaultScriptRunnerFactory$ScriptRunnerImpl.run(DefaultScriptRunnerFactory.java:54)
	at org.gradle.configuration.DefaultScriptPluginFactory$ScriptPluginImpl.apply(DefaultScriptPluginFactory.java:190)
	at org.gradle.configuration.project.BuildScriptProcessor.execute(BuildScriptProcessor.java:39)
	at org.gradle.configuration.project.BuildScriptProcessor.execute(BuildScriptProcessor.java:26)
	at org.gradle.configuration.project.ConfigureActionsProjectEvaluator.evaluate(ConfigureActionsProjectEvaluator.java:34)
	at org.gradle.configuration.project.LifecycleProjectEvaluator.evaluate(LifecycleProjectEvaluator.java:55)
	at org.gradle.api.internal.project.AbstractProject.evaluate(AbstractProject.java:521)
	at org.gradle.api.internal.project.AbstractProject.evaluate(AbstractProject.java:82)
	at org.gradle.configuration.DefaultBuildConfigurer.configure(DefaultBuildConfigurer.java:31)
	at org.gradle.initialization.DefaultGradleLauncher.doBuildStages(DefaultGradleLauncher.java:129)
	at org.gradle.initialization.DefaultGradleLauncher.doBuild(DefaultGradleLauncher.java:106)
	at org.gradle.initialization.DefaultGradleLauncher.run(DefaultGradleLauncher.java:86)
	at org.gradle.launcher.exec.InProcessBuildActionExecuter$DefaultBuildController.run(InProcessBuildActionExecuter.java:80)
	at org.gradle.launcher.cli.ExecuteBuildAction.run(ExecuteBuildAction.java:33)
	at org.gradle.launcher.cli.ExecuteBuildAction.run(ExecuteBuildAction.java:24)
	at org.gradle.launcher.exec.InProcessBuildActionExecuter.execute(InProcessBuildActionExecuter.java:36)
	at org.gradle.launcher.exec.InProcessBuildActionExecuter.execute(InProcessBuildActionExecuter.java:26)
	at org.gradle.launcher.cli.RunBuildAction.run(RunBuildAction.java:51)
	at org.gradle.internal.Actions$RunnableActionAdapter.execute(Actions.java:171)
	at org.gradle.launcher.cli.CommandLineActionFactory$ParseAndBuildAction.execute(CommandLineActionFactory.java:237)
	at org.gradle.launcher.cli.CommandLineActionFactory$ParseAndBuildAction.execute(CommandLineActionFactory.java:210)
	at org.gradle.launcher.cli.JavaRuntimeValidationAction.execute(JavaRuntimeValidationAction.java:35)
	at org.gradle.launcher.cli.JavaRuntimeValidationAction.execute(JavaRuntimeValidationAction.java:24)
	at org.gradle.launcher.cli.CommandLineActionFactory$WithLogging.execute(CommandLineActionFactory.java:206)
	at org.gradle.launcher.cli.CommandLineActionFactory$WithLogging.execute(CommandLineActionFactory.java:169)
	at org.gradle.launcher.cli.ExceptionReportingAction.execute(ExceptionReportingAction.java:33)
	at org.gradle.launcher.cli.ExceptionReportingAction.execute(ExceptionReportingAction.java:22)
	at org.gradle.launcher.Main.doAction(Main.java:33)
	at org.gradle.launcher.bootstrap.EntryPoint.run(EntryPoint.java:45)
	at org.gradle.launcher.bootstrap.ProcessBootstrap.runNoExit(ProcessBootstrap.java:54)
	at org.gradle.launcher.bootstrap.ProcessBootstrap.run(ProcessBootstrap.java:35)
	at org.gradle.launcher.GradleMain.main(GradleMain.java:23)
Caused by: groovy.lang.MissingPropertyException: Could not find property 'util' on task ':cpToClip'.
	at org.gradle.api.internal.AbstractDynamicObject.propertyMissingException(AbstractDynamicObject.java:43)
	at org.gradle.api.internal.AbstractDynamicObject.getProperty(AbstractDynamicObject.java:35)
	at org.gradle.api.internal.CompositeDynamicObject.getProperty(CompositeDynamicObject.java:94)
	at ro.gd.Task_Decorated.getProperty(Unknown Source)
	at build_56giui9qrfbn1u820penbevfju$_run_closure1.doCall(/home/roroco/Dropbox/jvs/ro-idea/build.gradle:21)
	at org.gradle.api.internal.ClosureBackedAction.execute(ClosureBackedAction.java:59)
	at org.gradle.util.ConfigureUtil.configure(ConfigureUtil.java:130)
	at org.gradle.util.ConfigureUtil.configure(ConfigureUtil.java:110)
	at org.gradle.api.internal.AbstractTask.configure(AbstractTask.java:482)
	at org.gradle.api.internal.project.AbstractProject.task(AbstractProject.java:884)
	at org.gradle.api.internal.BeanDynamicObject$MetaClassAdapter.invokeMethod(BeanDynamicObject.java:225)
	at org.gradle.api.internal.BeanDynamicObject.invokeMethod(BeanDynamicObject.java:129)
	at org.gradle.api.internal.CompositeDynamicObject.invokeMethod(CompositeDynamicObject.java:147)
	at org.gradle.groovy.scripts.BasicScript.methodMissing(BasicScript.java:79)
	at build_56giui9qrfbn1u820penbevfju.run(/home/roroco/Dropbox/jvs/ro-idea/build.gradle:20)
	at org.gradle.groovy.scripts.internal.DefaultScriptRunnerFactory$ScriptRunnerImpl.run(DefaultScriptRunnerFactory.java:52)
	... 31 more



2014-11-17 12:12:26 - Backtrace:
2014-11-17 12:12:26 - /home/roroco/Dropbox/rbs/ro_cmds/lib/bash.rb:135:in `_bash'
/home/roroco/Dropbox/rbs/ro_cmds/lib/bash.rb:182:in `bash'
/home/roroco/Dropbox/rbs/ro_r4j/lib/ro_cmds/gd.rb:27:in `block in g'
/home/roroco/Dropbox/rbs/ro_cmds/lib/pj/misc.rb:14:in `tmply_cd'
/home/roroco/Dropbox/rbs/ro_r4j/lib/ro_cmds/gd.rb:26:in `g'
/home/roroco/Dropbox/rbs/ro_r4j/lib/ro_cmds/gd.rb:18:in `block in build'
/home/roroco/Dropbox/rbs/ro_cmds/lib/pj/misc.rb:14:in `tmply_cd'
/home/roroco/Dropbox/rbs/ro_r4j/lib/ro_cmds/gd.rb:17:in `build'
/home/roroco/Dropbox/rbs/ro_r4j/lib/ro_cmds/idea.rb:15:in `all'
/home/roroco/Dropbox/rbs/ro_cmds/lib/ro_helper/cmds/kls.rb:51:in `start'
/home/roroco/Dropbox/rbs/ro_pl/lib/ro_cell/pl/sv.rb:194:in `handle_rq'
/home/roroco/Dropbox/rbs/ro_pl/lib/ro_cell/pl/sv.rb:118:in `block (2 levels) in start'
/home/roroco/Dropbox/rbs/ro_pl/lib/ro_cell/forker.rb:26:in `block in create_process'
/home/roroco/Dropbox/rbs/ro_pl/lib/ro_cell/forker.rb:24:in `fork'
/home/roroco/Dropbox/rbs/ro_pl/lib/ro_cell/forker.rb:24:in `create_process'
/home/roroco/Dropbox/rbs/ro_pl/lib/ro_cell/forker.rb:11:in `initialize'
/home/roroco/Dropbox/rbs/ro_pl/lib/ro_helper/process.rb:42:in `new'
/home/roroco/Dropbox/rbs/ro_pl/lib/ro_helper/process.rb:42:in `ro_fork'
/home/roroco/Dropbox/rbs/ro_pl/lib/ro_cell/pl/sv.rb:111:in `block in start'
/home/roroco/Dropbox/rbs/ro_pl/lib/ro_cell/pl/sv.rb:102:in `loop'
/home/roroco/Dropbox/rbs/ro_pl/lib/ro_cell/pl/sv.rb:102:in `start'
/home/roroco/Dropbox/rbs/ro_pl/lib/ro_cell/pl/sv.rb:46:in `restart'
/home/roroco/Dropbox/rbs/ro_cmds/lib/ro_helper/cmds/kls/meta.rb:135:in `block (2 levels) in delegate_ins_meth'
/home/roroco/Dropbox/rbs/ro_cmds/lib/ro_helper/cmds/kls.rb:51:in `start'
/home/roroco/Dropbox/rbs/ro_cmds/lib/ro_cmds_runner.rb:31:in `start'
/home/roroco/Dropbox/rbs/ro_cmds/lib/ro_cmds_bin.rb:2:in `<top (required)>'
/home/roroco/Dropbox/rbs/ro_cmds/bin/ro:2:in `load'
/home/roroco/Dropbox/rbs/ro_cmds/bin/ro:2:in `<top (required)>'
/home/roroco/.rbenv/versions/2.1.2/lib/ruby/gems/2.1.0/bin/ro:23:in `load'
/home/roroco/.rbenv/versions/2.1.2/lib/ruby/gems/2.1.0/bin/ro:23:in `<main>'
2014-11-17 12:23:03 - Error:{RoErr::Bash::ExeErr} err cmd: gradle build -s

BUILD FAILED

Total time: 10.431 secs


FAILURE: Build failed with an exception.

* Where:
Build file '/home/roroco/Dropbox/jvs/ro-idea/build.gradle' line: 21

* What went wrong:
A problem occurred evaluating root project 'ro-idea'.
> No such property: name for class: ro.gd.Pj

* Try:
Run with --info or --debug option to get more log output.

* Exception is:
org.gradle.api.GradleScriptException: A problem occurred evaluating root project 'ro-idea'.
	at org.gradle.groovy.scripts.internal.DefaultScriptRunnerFactory$ScriptRunnerImpl.run(DefaultScriptRunnerFactory.java:54)
	at org.gradle.configuration.DefaultScriptPluginFactory$ScriptPluginImpl.apply(DefaultScriptPluginFactory.java:190)
	at org.gradle.configuration.project.BuildScriptProcessor.execute(BuildScriptProcessor.java:39)
	at org.gradle.configuration.project.BuildScriptProcessor.execute(BuildScriptProcessor.java:26)
	at org.gradle.configuration.project.ConfigureActionsProjectEvaluator.evaluate(ConfigureActionsProjectEvaluator.java:34)
	at org.gradle.configuration.project.LifecycleProjectEvaluator.evaluate(LifecycleProjectEvaluator.java:55)
	at org.gradle.api.internal.project.AbstractProject.evaluate(AbstractProject.java:521)
	at org.gradle.api.internal.project.AbstractProject.evaluate(AbstractProject.java:82)
	at org.gradle.configuration.DefaultBuildConfigurer.configure(DefaultBuildConfigurer.java:31)
	at org.gradle.initialization.DefaultGradleLauncher.doBuildStages(DefaultGradleLauncher.java:129)
	at org.gradle.initialization.DefaultGradleLauncher.doBuild(DefaultGradleLauncher.java:106)
	at org.gradle.initialization.DefaultGradleLauncher.run(DefaultGradleLauncher.java:86)
	at org.gradle.launcher.exec.InProcessBuildActionExecuter$DefaultBuildController.run(InProcessBuildActionExecuter.java:80)
	at org.gradle.launcher.cli.ExecuteBuildAction.run(ExecuteBuildAction.java:33)
	at org.gradle.launcher.cli.ExecuteBuildAction.run(ExecuteBuildAction.java:24)
	at org.gradle.launcher.exec.InProcessBuildActionExecuter.execute(InProcessBuildActionExecuter.java:36)
	at org.gradle.launcher.exec.InProcessBuildActionExecuter.execute(InProcessBuildActionExecuter.java:26)
	at org.gradle.launcher.cli.RunBuildAction.run(RunBuildAction.java:51)
	at org.gradle.internal.Actions$RunnableActionAdapter.execute(Actions.java:171)
	at org.gradle.launcher.cli.CommandLineActionFactory$ParseAndBuildAction.execute(CommandLineActionFactory.java:237)
	at org.gradle.launcher.cli.CommandLineActionFactory$ParseAndBuildAction.execute(CommandLineActionFactory.java:210)
	at org.gradle.launcher.cli.JavaRuntimeValidationAction.execute(JavaRuntimeValidationAction.java:35)
	at org.gradle.launcher.cli.JavaRuntimeValidationAction.execute(JavaRuntimeValidationAction.java:24)
	at org.gradle.launcher.cli.CommandLineActionFactory$WithLogging.execute(CommandLineActionFactory.java:206)
	at org.gradle.launcher.cli.CommandLineActionFactory$WithLogging.execute(CommandLineActionFactory.java:169)
	at org.gradle.launcher.cli.ExceptionReportingAction.execute(ExceptionReportingAction.java:33)
	at org.gradle.launcher.cli.ExceptionReportingAction.execute(ExceptionReportingAction.java:22)
	at org.gradle.launcher.Main.doAction(Main.java:33)
	at org.gradle.launcher.bootstrap.EntryPoint.run(EntryPoint.java:45)
	at org.gradle.launcher.bootstrap.ProcessBootstrap.runNoExit(ProcessBootstrap.java:54)
	at org.gradle.launcher.bootstrap.ProcessBootstrap.run(ProcessBootstrap.java:35)
	at org.gradle.launcher.GradleMain.main(GradleMain.java:23)
Caused by: groovy.lang.MissingPropertyException: No such property: name for class: ro.gd.Pj
	at build_56giui9qrfbn1u820penbevfju$_run_closure1.doCall(/home/roroco/Dropbox/jvs/ro-idea/build.gradle:21)
	at org.gradle.api.internal.ClosureBackedAction.execute(ClosureBackedAction.java:59)
	at org.gradle.util.ConfigureUtil.configure(ConfigureUtil.java:130)
	at org.gradle.util.ConfigureUtil.configure(ConfigureUtil.java:110)
	at org.gradle.api.internal.AbstractTask.configure(AbstractTask.java:482)
	at org.gradle.api.internal.project.AbstractProject.task(AbstractProject.java:884)
	at org.gradle.api.internal.BeanDynamicObject$MetaClassAdapter.invokeMethod(BeanDynamicObject.java:225)
	at org.gradle.api.internal.BeanDynamicObject.invokeMethod(BeanDynamicObject.java:129)
	at org.gradle.api.internal.CompositeDynamicObject.invokeMethod(CompositeDynamicObject.java:147)
	at org.gradle.groovy.scripts.BasicScript.methodMissing(BasicScript.java:79)
	at build_56giui9qrfbn1u820penbevfju.run(/home/roroco/Dropbox/jvs/ro-idea/build.gradle:20)
	at org.gradle.groovy.scripts.internal.DefaultScriptRunnerFactory$ScriptRunnerImpl.run(DefaultScriptRunnerFactory.java:52)
	... 31 more



2014-11-17 12:23:03 - Backtrace:
2014-11-17 12:23:03 - /home/roroco/Dropbox/rbs/ro_cmds/lib/bash.rb:135:in `_bash'
/home/roroco/Dropbox/rbs/ro_cmds/lib/bash.rb:182:in `bash'
/home/roroco/Dropbox/rbs/ro_r4j/lib/ro_cmds/gd.rb:27:in `block in g'
/home/roroco/Dropbox/rbs/ro_cmds/lib/pj/misc.rb:14:in `tmply_cd'
/home/roroco/Dropbox/rbs/ro_r4j/lib/ro_cmds/gd.rb:26:in `g'
/home/roroco/Dropbox/rbs/ro_r4j/lib/ro_cmds/gd.rb:18:in `block in build'
/home/roroco/Dropbox/rbs/ro_cmds/lib/pj/misc.rb:14:in `tmply_cd'
/home/roroco/Dropbox/rbs/ro_r4j/lib/ro_cmds/gd.rb:17:in `build'
/home/roroco/Dropbox/rbs/ro_r4j/lib/ro_cmds/idea.rb:15:in `all'
/home/roroco/Dropbox/rbs/ro_cmds/lib/ro_helper/cmds/kls.rb:51:in `start'
/home/roroco/Dropbox/rbs/ro_pl/lib/ro_cell/pl/sv.rb:194:in `handle_rq'
/home/roroco/Dropbox/rbs/ro_pl/lib/ro_cell/pl/sv.rb:118:in `block (2 levels) in start'
/home/roroco/Dropbox/rbs/ro_pl/lib/ro_cell/forker.rb:26:in `block in create_process'
/home/roroco/Dropbox/rbs/ro_pl/lib/ro_cell/forker.rb:24:in `fork'
/home/roroco/Dropbox/rbs/ro_pl/lib/ro_cell/forker.rb:24:in `create_process'
/home/roroco/Dropbox/rbs/ro_pl/lib/ro_cell/forker.rb:11:in `initialize'
/home/roroco/Dropbox/rbs/ro_pl/lib/ro_helper/process.rb:42:in `new'
/home/roroco/Dropbox/rbs/ro_pl/lib/ro_helper/process.rb:42:in `ro_fork'
/home/roroco/Dropbox/rbs/ro_pl/lib/ro_cell/pl/sv.rb:111:in `block in start'
/home/roroco/Dropbox/rbs/ro_pl/lib/ro_cell/pl/sv.rb:102:in `loop'
/home/roroco/Dropbox/rbs/ro_pl/lib/ro_cell/pl/sv.rb:102:in `start'
/home/roroco/Dropbox/rbs/ro_pl/lib/ro_cell/pl/sv.rb:46:in `restart'
/home/roroco/Dropbox/rbs/ro_cmds/lib/ro_helper/cmds/kls/meta.rb:135:in `block (2 levels) in delegate_ins_meth'
/home/roroco/Dropbox/rbs/ro_cmds/lib/ro_helper/cmds/kls.rb:51:in `start'
/home/roroco/Dropbox/rbs/ro_cmds/lib/ro_cmds_runner.rb:31:in `start'
/home/roroco/Dropbox/rbs/ro_cmds/lib/ro_cmds_bin.rb:2:in `<top (required)>'
/home/roroco/Dropbox/rbs/ro_cmds/bin/ro:2:in `load'
/home/roroco/Dropbox/rbs/ro_cmds/bin/ro:2:in `<top (required)>'
/home/roroco/.rbenv/versions/2.1.2/lib/ruby/gems/2.1.0/bin/ro:23:in `load'
/home/roroco/.rbenv/versions/2.1.2/lib/ruby/gems/2.1.0/bin/ro:23:in `<main>'
2014-11-17 12:30:37 - Error:{RoErr::Bash::ExeErr} err cmd: gradle build -s

BUILD FAILED

Total time: 7.316 secs


FAILURE: Build failed with an exception.

* Where:
Build file '/home/roroco/Dropbox/jvs/ro-idea/build.gradle' line: 21

* What went wrong:
A problem occurred evaluating root project 'ro-idea'.
> No such property: name for class: ro.gd.Pj

* Try:
Run with --info or --debug option to get more log output.

* Exception is:
org.gradle.api.GradleScriptException: A problem occurred evaluating root project 'ro-idea'.
	at org.gradle.groovy.scripts.internal.DefaultScriptRunnerFactory$ScriptRunnerImpl.run(DefaultScriptRunnerFactory.java:54)
	at org.gradle.configuration.DefaultScriptPluginFactory$ScriptPluginImpl.apply(DefaultScriptPluginFactory.java:190)
	at org.gradle.configuration.project.BuildScriptProcessor.execute(BuildScriptProcessor.java:39)
	at org.gradle.configuration.project.BuildScriptProcessor.execute(BuildScriptProcessor.java:26)
	at org.gradle.configuration.project.ConfigureActionsProjectEvaluator.evaluate(ConfigureActionsProjectEvaluator.java:34)
	at org.gradle.configuration.project.LifecycleProjectEvaluator.evaluate(LifecycleProjectEvaluator.java:55)
	at org.gradle.api.internal.project.AbstractProject.evaluate(AbstractProject.java:521)
	at org.gradle.api.internal.project.AbstractProject.evaluate(AbstractProject.java:82)
	at org.gradle.configuration.DefaultBuildConfigurer.configure(DefaultBuildConfigurer.java:31)
	at org.gradle.initialization.DefaultGradleLauncher.doBuildStages(DefaultGradleLauncher.java:129)
	at org.gradle.initialization.DefaultGradleLauncher.doBuild(DefaultGradleLauncher.java:106)
	at org.gradle.initialization.DefaultGradleLauncher.run(DefaultGradleLauncher.java:86)
	at org.gradle.launcher.exec.InProcessBuildActionExecuter$DefaultBuildController.run(InProcessBuildActionExecuter.java:80)
	at org.gradle.launcher.cli.ExecuteBuildAction.run(ExecuteBuildAction.java:33)
	at org.gradle.launcher.cli.ExecuteBuildAction.run(ExecuteBuildAction.java:24)
	at org.gradle.launcher.exec.InProcessBuildActionExecuter.execute(InProcessBuildActionExecuter.java:36)
	at org.gradle.launcher.exec.InProcessBuildActionExecuter.execute(InProcessBuildActionExecuter.java:26)
	at org.gradle.launcher.cli.RunBuildAction.run(RunBuildAction.java:51)
	at org.gradle.internal.Actions$RunnableActionAdapter.execute(Actions.java:171)
	at org.gradle.launcher.cli.CommandLineActionFactory$ParseAndBuildAction.execute(CommandLineActionFactory.java:237)
	at org.gradle.launcher.cli.CommandLineActionFactory$ParseAndBuildAction.execute(CommandLineActionFactory.java:210)
	at org.gradle.launcher.cli.JavaRuntimeValidationAction.execute(JavaRuntimeValidationAction.java:35)
	at org.gradle.launcher.cli.JavaRuntimeValidationAction.execute(JavaRuntimeValidationAction.java:24)
	at org.gradle.launcher.cli.CommandLineActionFactory$WithLogging.execute(CommandLineActionFactory.java:206)
	at org.gradle.launcher.cli.CommandLineActionFactory$WithLogging.execute(CommandLineActionFactory.java:169)
	at org.gradle.launcher.cli.ExceptionReportingAction.execute(ExceptionReportingAction.java:33)
	at org.gradle.launcher.cli.ExceptionReportingAction.execute(ExceptionReportingAction.java:22)
	at org.gradle.launcher.Main.doAction(Main.java:33)
	at org.gradle.launcher.bootstrap.EntryPoint.run(EntryPoint.java:45)
	at org.gradle.launcher.bootstrap.ProcessBootstrap.runNoExit(ProcessBootstrap.java:54)
	at org.gradle.launcher.bootstrap.ProcessBootstrap.run(ProcessBootstrap.java:35)
	at org.gradle.launcher.GradleMain.main(GradleMain.java:23)
Caused by: groovy.lang.MissingPropertyException: No such property: name for class: ro.gd.Pj
	at build_56giui9qrfbn1u820penbevfju$_run_closure1.doCall(/home/roroco/Dropbox/jvs/ro-idea/build.gradle:21)
	at org.gradle.api.internal.ClosureBackedAction.execute(ClosureBackedAction.java:59)
	at org.gradle.util.ConfigureUtil.configure(ConfigureUtil.java:130)
	at org.gradle.util.ConfigureUtil.configure(ConfigureUtil.java:110)
	at org.gradle.api.internal.AbstractTask.configure(AbstractTask.java:482)
	at org.gradle.api.internal.project.AbstractProject.task(AbstractProject.java:884)
	at org.gradle.api.internal.BeanDynamicObject$MetaClassAdapter.invokeMethod(BeanDynamicObject.java:225)
	at org.gradle.api.internal.BeanDynamicObject.invokeMethod(BeanDynamicObject.java:129)
	at org.gradle.api.internal.CompositeDynamicObject.invokeMethod(CompositeDynamicObject.java:147)
	at org.gradle.groovy.scripts.BasicScript.methodMissing(BasicScript.java:79)
	at build_56giui9qrfbn1u820penbevfju.run(/home/roroco/Dropbox/jvs/ro-idea/build.gradle:20)
	at org.gradle.groovy.scripts.internal.DefaultScriptRunnerFactory$ScriptRunnerImpl.run(DefaultScriptRunnerFactory.java:52)
	... 31 more



2014-11-17 12:30:37 - Backtrace:
2014-11-17 12:30:37 - /home/roroco/Dropbox/rbs/ro_cmds/lib/bash.rb:135:in `_bash'
/home/roroco/Dropbox/rbs/ro_cmds/lib/bash.rb:182:in `bash'
/home/roroco/Dropbox/rbs/ro_r4j/lib/ro_cmds/gd.rb:27:in `block in g'
/home/roroco/Dropbox/rbs/ro_cmds/lib/pj/misc.rb:14:in `tmply_cd'
/home/roroco/Dropbox/rbs/ro_r4j/lib/ro_cmds/gd.rb:26:in `g'
/home/roroco/Dropbox/rbs/ro_r4j/lib/ro_cmds/gd.rb:18:in `block in build'
/home/roroco/Dropbox/rbs/ro_cmds/lib/pj/misc.rb:14:in `tmply_cd'
/home/roroco/Dropbox/rbs/ro_r4j/lib/ro_cmds/gd.rb:17:in `build'
/home/roroco/Dropbox/rbs/ro_r4j/lib/ro_cmds/idea.rb:15:in `all'
/home/roroco/Dropbox/rbs/ro_cmds/lib/ro_helper/cmds/kls.rb:51:in `start'
/home/roroco/Dropbox/rbs/ro_pl/lib/ro_cell/pl/sv.rb:194:in `handle_rq'
/home/roroco/Dropbox/rbs/ro_pl/lib/ro_cell/pl/sv.rb:118:in `block (2 levels) in start'
/home/roroco/Dropbox/rbs/ro_pl/lib/ro_cell/forker.rb:26:in `block in create_process'
/home/roroco/Dropbox/rbs/ro_pl/lib/ro_cell/forker.rb:24:in `fork'
/home/roroco/Dropbox/rbs/ro_pl/lib/ro_cell/forker.rb:24:in `create_process'
/home/roroco/Dropbox/rbs/ro_pl/lib/ro_cell/forker.rb:11:in `initialize'
/home/roroco/Dropbox/rbs/ro_pl/lib/ro_helper/process.rb:42:in `new'
/home/roroco/Dropbox/rbs/ro_pl/lib/ro_helper/process.rb:42:in `ro_fork'
/home/roroco/Dropbox/rbs/ro_pl/lib/ro_cell/pl/sv.rb:111:in `block in start'
/home/roroco/Dropbox/rbs/ro_pl/lib/ro_cell/pl/sv.rb:102:in `loop'
/home/roroco/Dropbox/rbs/ro_pl/lib/ro_cell/pl/sv.rb:102:in `start'
/home/roroco/Dropbox/rbs/ro_pl/lib/ro_cell/pl/sv.rb:46:in `restart'
/home/roroco/Dropbox/rbs/ro_cmds/lib/ro_helper/cmds/kls/meta.rb:135:in `block (2 levels) in delegate_ins_meth'
/home/roroco/Dropbox/rbs/ro_cmds/lib/ro_helper/cmds/kls.rb:51:in `start'
/home/roroco/Dropbox/rbs/ro_cmds/lib/ro_cmds_runner.rb:31:in `start'
/home/roroco/Dropbox/rbs/ro_cmds/lib/ro_cmds_bin.rb:2:in `<top (required)>'
/home/roroco/Dropbox/rbs/ro_cmds/bin/ro:2:in `load'
/home/roroco/Dropbox/rbs/ro_cmds/bin/ro:2:in `<top (required)>'
/home/roroco/.rbenv/versions/2.1.2/lib/ruby/gems/2.1.0/bin/ro:23:in `load'
/home/roroco/.rbenv/versions/2.1.2/lib/ruby/gems/2.1.0/bin/ro:23:in `<main>'
2014-11-17 12:41:10 - Error:{RoErr::Bash::ExeErr} err cmd: gradle build -s

BUILD FAILED

Total time: 6.793 secs


FAILURE: Build failed with an exception.

* Where:
Build file '/home/roroco/Dropbox/jvs/ro-idea/build.gradle' line: 21

* What went wrong:
A problem occurred evaluating root project 'ro-idea'.
> Could not find property 'pj' on task ':cpToClip'.

* Try:
Run with --info or --debug option to get more log output.

* Exception is:
org.gradle.api.GradleScriptException: A problem occurred evaluating root project 'ro-idea'.
	at org.gradle.groovy.scripts.internal.DefaultScriptRunnerFactory$ScriptRunnerImpl.run(DefaultScriptRunnerFactory.java:54)
	at org.gradle.configuration.DefaultScriptPluginFactory$ScriptPluginImpl.apply(DefaultScriptPluginFactory.java:190)
	at org.gradle.configuration.project.BuildScriptProcessor.execute(BuildScriptProcessor.java:39)
	at org.gradle.configuration.project.BuildScriptProcessor.execute(BuildScriptProcessor.java:26)
	at org.gradle.configuration.project.ConfigureActionsProjectEvaluator.evaluate(ConfigureActionsProjectEvaluator.java:34)
	at org.gradle.configuration.project.LifecycleProjectEvaluator.evaluate(LifecycleProjectEvaluator.java:55)
	at org.gradle.api.internal.project.AbstractProject.evaluate(AbstractProject.java:521)
	at org.gradle.api.internal.project.AbstractProject.evaluate(AbstractProject.java:82)
	at org.gradle.configuration.DefaultBuildConfigurer.configure(DefaultBuildConfigurer.java:31)
	at org.gradle.initialization.DefaultGradleLauncher.doBuildStages(DefaultGradleLauncher.java:129)
	at org.gradle.initialization.DefaultGradleLauncher.doBuild(DefaultGradleLauncher.java:106)
	at org.gradle.initialization.DefaultGradleLauncher.run(DefaultGradleLauncher.java:86)
	at org.gradle.launcher.exec.InProcessBuildActionExecuter$DefaultBuildController.run(InProcessBuildActionExecuter.java:80)
	at org.gradle.launcher.cli.ExecuteBuildAction.run(ExecuteBuildAction.java:33)
	at org.gradle.launcher.cli.ExecuteBuildAction.run(ExecuteBuildAction.java:24)
	at org.gradle.launcher.exec.InProcessBuildActionExecuter.execute(InProcessBuildActionExecuter.java:36)
	at org.gradle.launcher.exec.InProcessBuildActionExecuter.execute(InProcessBuildActionExecuter.java:26)
	at org.gradle.launcher.cli.RunBuildAction.run(RunBuildAction.java:51)
	at org.gradle.internal.Actions$RunnableActionAdapter.execute(Actions.java:171)
	at org.gradle.launcher.cli.CommandLineActionFactory$ParseAndBuildAction.execute(CommandLineActionFactory.java:237)
	at org.gradle.launcher.cli.CommandLineActionFactory$ParseAndBuildAction.execute(CommandLineActionFactory.java:210)
	at org.gradle.launcher.cli.JavaRuntimeValidationAction.execute(JavaRuntimeValidationAction.java:35)
	at org.gradle.launcher.cli.JavaRuntimeValidationAction.execute(JavaRuntimeValidationAction.java:24)
	at org.gradle.launcher.cli.CommandLineActionFactory$WithLogging.execute(CommandLineActionFactory.java:206)
	at org.gradle.launcher.cli.CommandLineActionFactory$WithLogging.execute(CommandLineActionFactory.java:169)
	at org.gradle.launcher.cli.ExceptionReportingAction.execute(ExceptionReportingAction.java:33)
	at org.gradle.launcher.cli.ExceptionReportingAction.execute(ExceptionReportingAction.java:22)
	at org.gradle.launcher.Main.doAction(Main.java:33)
	at org.gradle.launcher.bootstrap.EntryPoint.run(EntryPoint.java:45)
	at org.gradle.launcher.bootstrap.ProcessBootstrap.runNoExit(ProcessBootstrap.java:54)
	at org.gradle.launcher.bootstrap.ProcessBootstrap.run(ProcessBootstrap.java:35)
	at org.gradle.launcher.GradleMain.main(GradleMain.java:23)
Caused by: groovy.lang.MissingPropertyException: Could not find property 'pj' on task ':cpToClip'.
	at org.gradle.api.internal.AbstractDynamicObject.propertyMissingException(AbstractDynamicObject.java:43)
	at org.gradle.api.internal.AbstractDynamicObject.getProperty(AbstractDynamicObject.java:35)
	at org.gradle.api.internal.CompositeDynamicObject.getProperty(CompositeDynamicObject.java:94)
	at ro.gd.Task_Decorated.getProperty(Unknown Source)
	at build_56giui9qrfbn1u820penbevfju$_run_closure1.doCall(/home/roroco/Dropbox/jvs/ro-idea/build.gradle:21)
	at org.gradle.api.internal.ClosureBackedAction.execute(ClosureBackedAction.java:59)
	at org.gradle.util.ConfigureUtil.configure(ConfigureUtil.java:130)
	at org.gradle.util.ConfigureUtil.configure(ConfigureUtil.java:110)
	at org.gradle.api.internal.AbstractTask.configure(AbstractTask.java:482)
	at org.gradle.api.internal.project.AbstractProject.task(AbstractProject.java:884)
	at org.gradle.api.internal.BeanDynamicObject$MetaClassAdapter.invokeMethod(BeanDynamicObject.java:225)
	at org.gradle.api.internal.BeanDynamicObject.invokeMethod(BeanDynamicObject.java:129)
	at org.gradle.api.internal.CompositeDynamicObject.invokeMethod(CompositeDynamicObject.java:147)
	at org.gradle.groovy.scripts.BasicScript.methodMissing(BasicScript.java:79)
	at build_56giui9qrfbn1u820penbevfju.run(/home/roroco/Dropbox/jvs/ro-idea/build.gradle:20)
	at org.gradle.groovy.scripts.internal.DefaultScriptRunnerFactory$ScriptRunnerImpl.run(DefaultScriptRunnerFactory.java:52)
	... 31 more



2014-11-17 12:41:10 - Backtrace:
2014-11-17 12:41:10 - /home/roroco/Dropbox/rbs/ro_cmds/lib/bash.rb:135:in `_bash'
/home/roroco/Dropbox/rbs/ro_cmds/lib/bash.rb:182:in `bash'
/home/roroco/Dropbox/rbs/ro_r4j/lib/ro_cmds/gd.rb:27:in `block in g'
/home/roroco/Dropbox/rbs/ro_cmds/lib/pj/misc.rb:14:in `tmply_cd'
/home/roroco/Dropbox/rbs/ro_r4j/lib/ro_cmds/gd.rb:26:in `g'
/home/roroco/Dropbox/rbs/ro_r4j/lib/ro_cmds/gd.rb:18:in `block in build'
/home/roroco/Dropbox/rbs/ro_cmds/lib/pj/misc.rb:14:in `tmply_cd'
/home/roroco/Dropbox/rbs/ro_r4j/lib/ro_cmds/gd.rb:17:in `build'
/home/roroco/Dropbox/rbs/ro_r4j/lib/ro_cmds/idea.rb:15:in `all'
/home/roroco/Dropbox/rbs/ro_cmds/lib/ro_helper/cmds/kls.rb:51:in `start'
/home/roroco/Dropbox/rbs/ro_pl/lib/ro_cell/pl/sv.rb:194:in `handle_rq'
/home/roroco/Dropbox/rbs/ro_pl/lib/ro_cell/pl/sv.rb:118:in `block (2 levels) in start'
/home/roroco/Dropbox/rbs/ro_pl/lib/ro_cell/forker.rb:26:in `block in create_process'
/home/roroco/Dropbox/rbs/ro_pl/lib/ro_cell/forker.rb:24:in `fork'
/home/roroco/Dropbox/rbs/ro_pl/lib/ro_cell/forker.rb:24:in `create_process'
/home/roroco/Dropbox/rbs/ro_pl/lib/ro_cell/forker.rb:11:in `initialize'
/home/roroco/Dropbox/rbs/ro_pl/lib/ro_helper/process.rb:42:in `new'
/home/roroco/Dropbox/rbs/ro_pl/lib/ro_helper/process.rb:42:in `ro_fork'
/home/roroco/Dropbox/rbs/ro_pl/lib/ro_cell/pl/sv.rb:111:in `block in start'
/home/roroco/Dropbox/rbs/ro_pl/lib/ro_cell/pl/sv.rb:102:in `loop'
/home/roroco/Dropbox/rbs/ro_pl/lib/ro_cell/pl/sv.rb:102:in `start'
/home/roroco/Dropbox/rbs/ro_pl/lib/ro_cell/pl/sv.rb:46:in `restart'
/home/roroco/Dropbox/rbs/ro_cmds/lib/ro_helper/cmds/kls/meta.rb:135:in `block (2 levels) in delegate_ins_meth'
/home/roroco/Dropbox/rbs/ro_cmds/lib/ro_helper/cmds/kls.rb:51:in `start'
/home/roroco/Dropbox/rbs/ro_cmds/lib/ro_cmds_runner.rb:31:in `start'
/home/roroco/Dropbox/rbs/ro_cmds/lib/ro_cmds_bin.rb:2:in `<top (required)>'
/home/roroco/Dropbox/rbs/ro_cmds/bin/ro:2:in `load'
/home/roroco/Dropbox/rbs/ro_cmds/bin/ro:2:in `<top (required)>'
/home/roroco/.rbenv/versions/2.1.2/lib/ruby/gems/2.1.0/bin/ro:23:in `load'
/home/roroco/.rbenv/versions/2.1.2/lib/ruby/gems/2.1.0/bin/ro:23:in `<main>'
